Nov 17, 2015 11:20:14 AM org.apache.catalina.core.AprLifecycleListener init
INFO: The APR based Apache Tomcat Native library which allows optimal performance in production environments was not found on the java.library.path: /oracle/lib:/usr/java/packages/lib/amd64:/usr/lib/x86_64-linux-gnu/jni:/lib/x86_64-linux-gnu:/usr/lib/x86_64-linux-gnu:/usr/lib/jni:/lib:/usr/lib
Nov 17, 2015 11:20:15 AM org.apache.coyote.http11.Http11Protocol init
INFO: Initializing Coyote HTTP/1.1 on http-16130
Nov 17, 2015 11:20:15 AM org.apache.catalina.startup.Catalina load
INFO: Initialization processed in 920 ms
Nov 17, 2015 11:20:15 AM org.apache.catalina.core.StandardService start
INFO: Starting service Catalina
Nov 17, 2015 11:20:15 AM org.apache.catalina.core.StandardEngine start
INFO: Starting Servlet Engine: Apache Tomcat/6.0.44
Nov 17, 2015 11:20:15 AM org.apache.catalina.startup.HostConfig deployDirectory
INFO: Deploying web application directory Ocean
Nov 17, 2015 11:20:16 AM org.apache.catalina.startup.HostConfig deployDirectory
INFO: Deploying web application directory ROOT
Nov 17, 2015 11:20:16 AM org.apache.catalina.startup.HostConfig deployDirectory
INFO: Deploying web application directory proj1
Nov 17, 2015 11:20:16 AM org.apache.catalina.startup.HostConfig deployDirectory
INFO: Deploying web application directory Ocean1
Nov 17, 2015 11:20:16 AM org.apache.coyote.http11.Http11Protocol start
INFO: Starting Coyote HTTP/1.1 on http-16130
Nov 17, 2015 11:20:16 AM org.apache.jk.common.ChannelSocket init
INFO: JK: ajp13 listening on /0.0.0.0:8009
Nov 17, 2015 11:20:16 AM org.apache.jk.server.JkMain start
INFO: Jk running ID=0 time=0/22  config=null
Nov 17, 2015 11:20:16 AM org.apache.catalina.startup.Catalina start
INFO: Server startup in 1627 ms
Nov 17, 2015 1:17:36 PM org.apache.coyote.http11.Http11Protocol pause
INFO: Pausing Coyote HTTP/1.1 on http-16130
Nov 17, 2015 1:17:37 PM org.apache.catalina.core.StandardService stop
INFO: Stopping service Catalina
Nov 17, 2015 1:17:37 PM org.apache.catalina.loader.WebappClassLoader clearReferencesJdbc
SEVERE: The web application [/Ocean] registered the JDBC driver [oracle.jdbc.OracleDriver] but failed to unregister it when the web application was stopped. To prevent a memory leak, the JDBC Driver has been forcibly unregistered.
Nov 17, 2015 1:17:37 PM org.apache.catalina.loader.WebappClassLoader clearReferencesThreads
SEVERE: The web application [/Ocean] appears to have started a thread named [oracle.jdbc.driver.BlockSource.ThreadedCachingBlockSource.BlockReleaser] but has failed to stop it. This is very likely to create a memory leak.
Nov 17, 2015 1:17:37 PM org.apache.coyote.http11.Http11Protocol destroy
INFO: Stopping Coyote HTTP/1.1 on http-16130
Nov 17, 2015 1:17:44 PM org.apache.catalina.core.AprLifecycleListener init
INFO: The APR based Apache Tomcat Native library which allows optimal performance in production environments was not found on the java.library.path: /oracle/lib:/usr/java/packages/lib/amd64:/usr/lib/x86_64-linux-gnu/jni:/lib/x86_64-linux-gnu:/usr/lib/x86_64-linux-gnu:/usr/lib/jni:/lib:/usr/lib
Nov 17, 2015 1:17:44 PM org.apache.coyote.http11.Http11Protocol init
INFO: Initializing Coyote HTTP/1.1 on http-16130
Nov 17, 2015 1:17:44 PM org.apache.catalina.startup.Catalina load
INFO: Initialization processed in 616 ms
Nov 17, 2015 1:17:44 PM org.apache.catalina.core.StandardService start
INFO: Starting service Catalina
Nov 17, 2015 1:17:44 PM org.apache.catalina.core.StandardEngine start
INFO: Starting Servlet Engine: Apache Tomcat/6.0.44
Nov 17, 2015 1:17:44 PM org.apache.catalina.startup.HostConfig deployDirectory
INFO: Deploying web application directory Ocean
Nov 17, 2015 1:17:44 PM org.apache.catalina.startup.HostConfig deployDirectory
INFO: Deploying web application directory ROOT
Nov 17, 2015 1:17:44 PM org.apache.catalina.startup.HostConfig deployDirectory
INFO: Deploying web application directory proj1
Nov 17, 2015 1:17:44 PM org.apache.catalina.startup.HostConfig deployDirectory
INFO: Deploying web application directory Ocean1
Nov 17, 2015 1:17:44 PM org.apache.coyote.http11.Http11Protocol start
INFO: Starting Coyote HTTP/1.1 on http-16130
Nov 17, 2015 1:17:44 PM org.apache.jk.common.ChannelSocket init
INFO: JK: ajp13 listening on /0.0.0.0:8009
Nov 17, 2015 1:17:44 PM org.apache.jk.server.JkMain start
INFO: Jk running ID=0 time=0/11  config=null
Nov 17, 2015 1:17:44 PM org.apache.catalina.startup.Catalina start
INFO: Server startup in 474 ms
Nov 17, 2015 1:19:17 PM org.apache.coyote.http11.Http11Protocol pause
INFO: Pausing Coyote HTTP/1.1 on http-16130
Nov 17, 2015 1:19:18 PM org.apache.catalina.core.StandardService stop
INFO: Stopping service Catalina
Nov 17, 2015 1:19:18 PM org.apache.catalina.loader.WebappClassLoader clearReferencesJdbc
SEVERE: The web application [/Ocean] registered the JDBC driver [oracle.jdbc.OracleDriver] but failed to unregister it when the web application was stopped. To prevent a memory leak, the JDBC Driver has been forcibly unregistered.
Nov 17, 2015 1:19:18 PM org.apache.catalina.loader.WebappClassLoader clearReferencesThreads
SEVERE: The web application [/Ocean] appears to have started a thread named [oracle.jdbc.driver.BlockSource.ThreadedCachingBlockSource.BlockReleaser] but has failed to stop it. This is very likely to create a memory leak.
Nov 17, 2015 1:19:18 PM org.apache.coyote.http11.Http11Protocol destroy
INFO: Stopping Coyote HTTP/1.1 on http-16130
