Nov 16, 2015 2:12:22 PM org.apache.catalina.core.AprLifecycleListener init
INFO: The APR based Apache Tomcat Native library which allows optimal performance in production environments was not found on the java.library.path: /oracle/lib:/usr/java/packages/lib/amd64:/usr/lib/x86_64-linux-gnu/jni:/lib/x86_64-linux-gnu:/usr/lib/x86_64-linux-gnu:/usr/lib/jni:/lib:/usr/lib
Nov 16, 2015 2:12:23 PM org.apache.coyote.http11.Http11Protocol init
INFO: Initializing Coyote HTTP/1.1 on http-16130
Nov 16, 2015 2:12:23 PM org.apache.catalina.startup.Catalina load
INFO: Initialization processed in 1540 ms
Nov 16, 2015 2:12:23 PM org.apache.catalina.core.StandardService start
INFO: Starting service Catalina
Nov 16, 2015 2:12:23 PM org.apache.catalina.core.StandardEngine start
INFO: Starting Servlet Engine: Apache Tomcat/6.0.44
Nov 16, 2015 2:12:23 PM org.apache.catalina.startup.HostConfig deployDirectory
INFO: Deploying web application directory Ocean
Nov 16, 2015 2:12:24 PM org.apache.catalina.startup.HostConfig deployDirectory
INFO: Deploying web application directory ROOT
Nov 16, 2015 2:12:24 PM org.apache.catalina.startup.HostConfig deployDirectory
INFO: Deploying web application directory proj1
Nov 16, 2015 2:12:24 PM org.apache.catalina.startup.HostConfig deployDirectory
INFO: Deploying web application directory Ocean1
Nov 16, 2015 2:12:24 PM org.apache.coyote.http11.Http11Protocol start
INFO: Starting Coyote HTTP/1.1 on http-16130
Nov 16, 2015 2:12:24 PM org.apache.jk.common.ChannelSocket init
INFO: JK: ajp13 listening on /0.0.0.0:8009
Nov 16, 2015 2:12:24 PM org.apache.jk.server.JkMain start
INFO: Jk running ID=0 time=0/22  config=null
Nov 16, 2015 2:12:24 PM org.apache.catalina.startup.Catalina start
INFO: Server startup in 1557 ms
Nov 16, 2015 2:37:26 PM org.apache.coyote.http11.Http11Protocol pause
INFO: Pausing Coyote HTTP/1.1 on http-16130
Nov 16, 2015 2:37:27 PM org.apache.catalina.core.StandardService stop
INFO: Stopping service Catalina
Nov 16, 2015 2:37:27 PM org.apache.catalina.loader.WebappClassLoader clearReferencesJdbc
SEVERE: The web application [/Ocean] registered the JDBC driver [oracle.jdbc.OracleDriver] but failed to unregister it when the web application was stopped. To prevent a memory leak, the JDBC Driver has been forcibly unregistered.
Nov 16, 2015 2:37:27 PM org.apache.catalina.loader.WebappClassLoader clearReferencesThreads
SEVERE: The web application [/Ocean] appears to have started a thread named [oracle.jdbc.driver.BlockSource.ThreadedCachingBlockSource.BlockReleaser] but has failed to stop it. This is very likely to create a memory leak.
Nov 16, 2015 2:37:27 PM org.apache.coyote.http11.Http11Protocol destroy
INFO: Stopping Coyote HTTP/1.1 on http-16130
Nov 16, 2015 2:37:33 PM org.apache.catalina.core.AprLifecycleListener init
INFO: The APR based Apache Tomcat Native library which allows optimal performance in production environments was not found on the java.library.path: /oracle/lib:/usr/java/packages/lib/amd64:/usr/lib/x86_64-linux-gnu/jni:/lib/x86_64-linux-gnu:/usr/lib/x86_64-linux-gnu:/usr/lib/jni:/lib:/usr/lib
Nov 16, 2015 2:37:33 PM org.apache.coyote.http11.Http11Protocol init
INFO: Initializing Coyote HTTP/1.1 on http-16130
Nov 16, 2015 2:37:33 PM org.apache.catalina.startup.Catalina load
INFO: Initialization processed in 503 ms
Nov 16, 2015 2:37:33 PM org.apache.catalina.core.StandardService start
INFO: Starting service Catalina
Nov 16, 2015 2:37:33 PM org.apache.catalina.core.StandardEngine start
INFO: Starting Servlet Engine: Apache Tomcat/6.0.44
Nov 16, 2015 2:37:33 PM org.apache.catalina.startup.HostConfig deployDirectory
INFO: Deploying web application directory Ocean
Nov 16, 2015 2:37:33 PM org.apache.catalina.startup.HostConfig deployDirectory
INFO: Deploying web application directory ROOT
Nov 16, 2015 2:37:33 PM org.apache.catalina.startup.HostConfig deployDirectory
INFO: Deploying web application directory proj1
Nov 16, 2015 2:37:33 PM org.apache.catalina.startup.HostConfig deployDirectory
INFO: Deploying web application directory Ocean1
Nov 16, 2015 2:37:34 PM org.apache.coyote.http11.Http11Protocol start
INFO: Starting Coyote HTTP/1.1 on http-16130
Nov 16, 2015 2:37:34 PM org.apache.jk.common.ChannelSocket init
INFO: JK: ajp13 listening on /0.0.0.0:8009
Nov 16, 2015 2:37:34 PM org.apache.jk.server.JkMain start
INFO: Jk running ID=0 time=0/15  config=null
Nov 16, 2015 2:37:34 PM org.apache.catalina.startup.Catalina start
INFO: Server startup in 771 ms
Nov 16, 2015 2:42:16 PM org.apache.coyote.http11.Http11Protocol pause
INFO: Pausing Coyote HTTP/1.1 on http-16130
Nov 16, 2015 2:42:17 PM org.apache.catalina.core.StandardService stop
INFO: Stopping service Catalina
Nov 16, 2015 2:42:17 PM org.apache.catalina.loader.WebappClassLoader clearReferencesJdbc
SEVERE: The web application [/Ocean] registered the JDBC driver [oracle.jdbc.OracleDriver] but failed to unregister it when the web application was stopped. To prevent a memory leak, the JDBC Driver has been forcibly unregistered.
Nov 16, 2015 2:42:17 PM org.apache.catalina.loader.WebappClassLoader clearReferencesThreads
SEVERE: The web application [/Ocean] appears to have started a thread named [oracle.jdbc.driver.BlockSource.ThreadedCachingBlockSource.BlockReleaser] but has failed to stop it. This is very likely to create a memory leak.
Nov 16, 2015 2:42:17 PM org.apache.coyote.http11.Http11Protocol destroy
INFO: Stopping Coyote HTTP/1.1 on http-16130
Nov 16, 2015 2:42:21 PM org.apache.catalina.core.AprLifecycleListener init
INFO: The APR based Apache Tomcat Native library which allows optimal performance in production environments was not found on the java.library.path: /oracle/lib:/usr/java/packages/lib/amd64:/usr/lib/x86_64-linux-gnu/jni:/lib/x86_64-linux-gnu:/usr/lib/x86_64-linux-gnu:/usr/lib/jni:/lib:/usr/lib
Nov 16, 2015 2:42:21 PM org.apache.coyote.http11.Http11Protocol init
INFO: Initializing Coyote HTTP/1.1 on http-16130
Nov 16, 2015 2:42:21 PM org.apache.catalina.startup.Catalina load
INFO: Initialization processed in 557 ms
Nov 16, 2015 2:42:21 PM org.apache.catalina.core.StandardService start
INFO: Starting service Catalina
Nov 16, 2015 2:42:21 PM org.apache.catalina.core.StandardEngine start
INFO: Starting Servlet Engine: Apache Tomcat/6.0.44
Nov 16, 2015 2:42:21 PM org.apache.catalina.startup.HostConfig deployDirectory
INFO: Deploying web application directory Ocean
Nov 16, 2015 2:42:21 PM org.apache.catalina.startup.HostConfig deployDirectory
INFO: Deploying web application directory ROOT
Nov 16, 2015 2:42:21 PM org.apache.catalina.startup.HostConfig deployDirectory
INFO: Deploying web application directory proj1
Nov 16, 2015 2:42:21 PM org.apache.catalina.startup.HostConfig deployDirectory
INFO: Deploying web application directory Ocean1
Nov 16, 2015 2:42:21 PM org.apache.coyote.http11.Http11Protocol start
INFO: Starting Coyote HTTP/1.1 on http-16130
Nov 16, 2015 2:42:21 PM org.apache.jk.common.ChannelSocket init
INFO: JK: ajp13 listening on /0.0.0.0:8009
Nov 16, 2015 2:42:21 PM org.apache.jk.server.JkMain start
INFO: Jk running ID=0 time=0/14  config=null
Nov 16, 2015 2:42:21 PM org.apache.catalina.startup.Catalina start
INFO: Server startup in 679 ms
Nov 16, 2015 3:27:50 PM org.apache.coyote.http11.Http11Protocol pause
INFO: Pausing Coyote HTTP/1.1 on http-16130
Nov 16, 2015 3:27:51 PM org.apache.catalina.core.StandardService stop
INFO: Stopping service Catalina
Nov 16, 2015 3:27:51 PM org.apache.catalina.loader.WebappClassLoader clearReferencesJdbc
SEVERE: The web application [/Ocean] registered the JDBC driver [oracle.jdbc.OracleDriver] but failed to unregister it when the web application was stopped. To prevent a memory leak, the JDBC Driver has been forcibly unregistered.
Nov 16, 2015 3:27:51 PM org.apache.catalina.loader.WebappClassLoader clearReferencesThreads
SEVERE: The web application [/Ocean] appears to have started a thread named [oracle.jdbc.driver.BlockSource.ThreadedCachingBlockSource.BlockReleaser] but has failed to stop it. This is very likely to create a memory leak.
Nov 16, 2015 3:27:51 PM org.apache.coyote.http11.Http11Protocol destroy
INFO: Stopping Coyote HTTP/1.1 on http-16130
Nov 16, 2015 3:27:54 PM org.apache.catalina.core.AprLifecycleListener init
INFO: The APR based Apache Tomcat Native library which allows optimal performance in production environments was not found on the java.library.path: /oracle/lib:/usr/java/packages/lib/amd64:/usr/lib/x86_64-linux-gnu/jni:/lib/x86_64-linux-gnu:/usr/lib/x86_64-linux-gnu:/usr/lib/jni:/lib:/usr/lib
Nov 16, 2015 3:27:54 PM org.apache.coyote.http11.Http11Protocol init
INFO: Initializing Coyote HTTP/1.1 on http-16130
Nov 16, 2015 3:27:54 PM org.apache.catalina.startup.Catalina load
INFO: Initialization processed in 471 ms
Nov 16, 2015 3:27:54 PM org.apache.catalina.core.StandardService start
INFO: Starting service Catalina
Nov 16, 2015 3:27:54 PM org.apache.catalina.core.StandardEngine start
INFO: Starting Servlet Engine: Apache Tomcat/6.0.44
Nov 16, 2015 3:27:54 PM org.apache.catalina.startup.HostConfig deployDirectory
INFO: Deploying web application directory Ocean
Nov 16, 2015 3:27:54 PM org.apache.catalina.startup.HostConfig deployDirectory
INFO: Deploying web application directory ROOT
Nov 16, 2015 3:27:54 PM org.apache.catalina.startup.HostConfig deployDirectory
INFO: Deploying web application directory proj1
Nov 16, 2015 3:27:54 PM org.apache.catalina.startup.HostConfig deployDirectory
INFO: Deploying web application directory Ocean1
Nov 16, 2015 3:27:54 PM org.apache.coyote.http11.Http11Protocol start
INFO: Starting Coyote HTTP/1.1 on http-16130
Nov 16, 2015 3:27:55 PM org.apache.jk.common.ChannelSocket init
INFO: JK: ajp13 listening on /0.0.0.0:8009
Nov 16, 2015 3:27:55 PM org.apache.jk.server.JkMain start
INFO: Jk running ID=0 time=0/13  config=null
Nov 16, 2015 3:27:55 PM org.apache.catalina.startup.Catalina start
INFO: Server startup in 715 ms
Nov 16, 2015 4:25:02 PM org.apache.coyote.http11.Http11Protocol pause
INFO: Pausing Coyote HTTP/1.1 on http-16130
Nov 16, 2015 4:25:03 PM org.apache.catalina.core.StandardService stop
INFO: Stopping service Catalina
Nov 16, 2015 4:25:03 PM org.apache.catalina.loader.WebappClassLoader clearReferencesJdbc
SEVERE: The web application [/Ocean] registered the JDBC driver [oracle.jdbc.OracleDriver] but failed to unregister it when the web application was stopped. To prevent a memory leak, the JDBC Driver has been forcibly unregistered.
Nov 16, 2015 4:25:03 PM org.apache.catalina.loader.WebappClassLoader clearReferencesThreads
SEVERE: The web application [/Ocean] appears to have started a thread named [oracle.jdbc.driver.BlockSource.ThreadedCachingBlockSource.BlockReleaser] but has failed to stop it. This is very likely to create a memory leak.
Nov 16, 2015 4:25:03 PM org.apache.coyote.http11.Http11Protocol destroy
INFO: Stopping Coyote HTTP/1.1 on http-16130
Nov 16, 2015 4:25:06 PM org.apache.catalina.core.AprLifecycleListener init
INFO: The APR based Apache Tomcat Native library which allows optimal performance in production environments was not found on the java.library.path: /oracle/lib:/usr/java/packages/lib/amd64:/usr/lib/x86_64-linux-gnu/jni:/lib/x86_64-linux-gnu:/usr/lib/x86_64-linux-gnu:/usr/lib/jni:/lib:/usr/lib
Nov 16, 2015 4:25:06 PM org.apache.coyote.http11.Http11Protocol init
INFO: Initializing Coyote HTTP/1.1 on http-16130
Nov 16, 2015 4:25:06 PM org.apache.catalina.startup.Catalina load
INFO: Initialization processed in 504 ms
Nov 16, 2015 4:25:06 PM org.apache.catalina.core.StandardService start
INFO: Starting service Catalina
Nov 16, 2015 4:25:06 PM org.apache.catalina.core.StandardEngine start
INFO: Starting Servlet Engine: Apache Tomcat/6.0.44
Nov 16, 2015 4:25:06 PM org.apache.catalina.startup.HostConfig deployDirectory
INFO: Deploying web application directory Ocean
Nov 16, 2015 4:25:06 PM org.apache.catalina.startup.HostConfig deployDirectory
INFO: Deploying web application directory ROOT
Nov 16, 2015 4:25:07 PM org.apache.catalina.startup.HostConfig deployDirectory
INFO: Deploying web application directory proj1
Nov 16, 2015 4:25:07 PM org.apache.catalina.startup.HostConfig deployDirectory
INFO: Deploying web application directory Ocean1
Nov 16, 2015 4:25:07 PM org.apache.coyote.http11.Http11Protocol start
INFO: Starting Coyote HTTP/1.1 on http-16130
Nov 16, 2015 4:25:07 PM org.apache.jk.common.ChannelSocket init
INFO: JK: ajp13 listening on /0.0.0.0:8009
Nov 16, 2015 4:25:07 PM org.apache.jk.server.JkMain start
INFO: Jk running ID=0 time=0/13  config=null
Nov 16, 2015 4:25:07 PM org.apache.catalina.startup.Catalina start
INFO: Server startup in 708 ms
Nov 16, 2015 4:28:03 PM org.apache.coyote.http11.Http11Protocol pause
INFO: Pausing Coyote HTTP/1.1 on http-16130
Nov 16, 2015 4:28:04 PM org.apache.catalina.core.StandardService stop
INFO: Stopping service Catalina
Nov 16, 2015 4:28:04 PM org.apache.catalina.core.StandardWrapper unload
INFO: Waiting for 1 instance(s) to be deallocated
Nov 16, 2015 4:28:05 PM org.apache.catalina.core.StandardWrapper unload
INFO: Waiting for 1 instance(s) to be deallocated
Nov 16, 2015 4:28:06 PM org.apache.catalina.core.StandardWrapper unload
INFO: Waiting for 1 instance(s) to be deallocated
Nov 16, 2015 4:28:07 PM org.apache.catalina.loader.WebappClassLoader clearReferencesJdbc
SEVERE: The web application [/Ocean] registered the JDBC driver [oracle.jdbc.OracleDriver] but failed to unregister it when the web application was stopped. To prevent a memory leak, the JDBC Driver has been forcibly unregistered.
Nov 16, 2015 4:28:07 PM org.apache.catalina.loader.WebappClassLoader clearReferencesThreads
SEVERE: The web application [/Ocean] is still processing a request that has yet to finish. This is very likely to create a memory leak. You can control the time allowed for requests to finish by using the unloadDelay attribute of the standard Context implementation.
Nov 16, 2015 4:28:07 PM org.apache.catalina.loader.WebappClassLoader clearReferencesThreads
SEVERE: The web application [/Ocean] appears to have started a thread named [oracle.jdbc.driver.BlockSource.ThreadedCachingBlockSource.BlockReleaser] but has failed to stop it. This is very likely to create a memory leak.
Nov 16, 2015 4:28:07 PM org.apache.coyote.http11.Http11Protocol destroy
INFO: Stopping Coyote HTTP/1.1 on http-16130
Nov 16, 2015 4:30:26 PM org.apache.catalina.core.AprLifecycleListener init
INFO: The APR based Apache Tomcat Native library which allows optimal performance in production environments was not found on the java.library.path: /oracle/lib:/usr/java/packages/lib/amd64:/usr/lib/x86_64-linux-gnu/jni:/lib/x86_64-linux-gnu:/usr/lib/x86_64-linux-gnu:/usr/lib/jni:/lib:/usr/lib
Nov 16, 2015 4:30:26 PM org.apache.coyote.http11.Http11Protocol init
INFO: Initializing Coyote HTTP/1.1 on http-16130
Nov 16, 2015 4:30:26 PM org.apache.catalina.startup.Catalina load
INFO: Initialization processed in 512 ms
Nov 16, 2015 4:30:26 PM org.apache.catalina.core.StandardService start
INFO: Starting service Catalina
Nov 16, 2015 4:30:26 PM org.apache.catalina.core.StandardEngine start
INFO: Starting Servlet Engine: Apache Tomcat/6.0.44
Nov 16, 2015 4:30:26 PM org.apache.catalina.startup.HostConfig deployDirectory
INFO: Deploying web application directory Ocean
Nov 16, 2015 4:30:27 PM org.apache.catalina.startup.HostConfig deployDirectory
INFO: Deploying web application directory ROOT
Nov 16, 2015 4:30:27 PM org.apache.catalina.startup.HostConfig deployDirectory
INFO: Deploying web application directory proj1
Nov 16, 2015 4:30:27 PM org.apache.catalina.startup.HostConfig deployDirectory
INFO: Deploying web application directory Ocean1
Nov 16, 2015 4:30:27 PM org.apache.coyote.http11.Http11Protocol start
INFO: Starting Coyote HTTP/1.1 on http-16130
Nov 16, 2015 4:30:27 PM org.apache.jk.common.ChannelSocket init
INFO: JK: ajp13 listening on /0.0.0.0:8009
Nov 16, 2015 4:30:27 PM org.apache.jk.server.JkMain start
INFO: Jk running ID=0 time=0/13  config=null
Nov 16, 2015 4:30:27 PM org.apache.catalina.startup.Catalina start
INFO: Server startup in 760 ms
Nov 16, 2015 4:32:40 PM org.apache.coyote.http11.Http11Protocol pause
INFO: Pausing Coyote HTTP/1.1 on http-16130
Nov 16, 2015 4:32:41 PM org.apache.catalina.core.StandardService stop
INFO: Stopping service Catalina
Nov 16, 2015 4:32:41 PM org.apache.catalina.loader.WebappClassLoader clearReferencesJdbc
SEVERE: The web application [/Ocean] registered the JDBC driver [oracle.jdbc.OracleDriver] but failed to unregister it when the web application was stopped. To prevent a memory leak, the JDBC Driver has been forcibly unregistered.
Nov 16, 2015 4:32:41 PM org.apache.catalina.loader.WebappClassLoader clearReferencesThreads
SEVERE: The web application [/Ocean] appears to have started a thread named [oracle.jdbc.driver.BlockSource.ThreadedCachingBlockSource.BlockReleaser] but has failed to stop it. This is very likely to create a memory leak.
Nov 16, 2015 4:32:41 PM org.apache.coyote.http11.Http11Protocol destroy
INFO: Stopping Coyote HTTP/1.1 on http-16130
Nov 16, 2015 4:32:42 PM org.apache.catalina.core.AprLifecycleListener init
INFO: The APR based Apache Tomcat Native library which allows optimal performance in production environments was not found on the java.library.path: /oracle/lib:/usr/java/packages/lib/amd64:/usr/lib/x86_64-linux-gnu/jni:/lib/x86_64-linux-gnu:/usr/lib/x86_64-linux-gnu:/usr/lib/jni:/lib:/usr/lib
Nov 16, 2015 4:32:42 PM org.apache.coyote.http11.Http11Protocol init
INFO: Initializing Coyote HTTP/1.1 on http-16130
Nov 16, 2015 4:32:42 PM org.apache.catalina.startup.Catalina load
INFO: Initialization processed in 494 ms
Nov 16, 2015 4:32:43 PM org.apache.catalina.core.StandardService start
INFO: Starting service Catalina
Nov 16, 2015 4:32:43 PM org.apache.catalina.core.StandardEngine start
INFO: Starting Servlet Engine: Apache Tomcat/6.0.44
Nov 16, 2015 4:32:43 PM org.apache.catalina.startup.HostConfig deployDirectory
INFO: Deploying web application directory Ocean
Nov 16, 2015 4:32:43 PM org.apache.catalina.startup.HostConfig deployDirectory
INFO: Deploying web application directory ROOT
Nov 16, 2015 4:32:43 PM org.apache.catalina.startup.HostConfig deployDirectory
INFO: Deploying web application directory proj1
Nov 16, 2015 4:32:43 PM org.apache.catalina.startup.HostConfig deployDirectory
INFO: Deploying web application directory Ocean1
Nov 16, 2015 4:32:43 PM org.apache.coyote.http11.Http11Protocol start
INFO: Starting Coyote HTTP/1.1 on http-16130
Nov 16, 2015 4:32:43 PM org.apache.jk.common.ChannelSocket init
INFO: JK: ajp13 listening on /0.0.0.0:8009
Nov 16, 2015 4:32:43 PM org.apache.jk.server.JkMain start
INFO: Jk running ID=0 time=0/14  config=null
Nov 16, 2015 4:32:43 PM org.apache.catalina.startup.Catalina start
INFO: Server startup in 709 ms
Nov 16, 2015 4:37:23 PM org.apache.catalina.core.AprLifecycleListener init
INFO: The APR based Apache Tomcat Native library which allows optimal performance in production environments was not found on the java.library.path: /oracle/lib:/usr/java/packages/lib/amd64:/usr/lib/x86_64-linux-gnu/jni:/lib/x86_64-linux-gnu:/usr/lib/x86_64-linux-gnu:/usr/lib/jni:/lib:/usr/lib
Nov 16, 2015 4:37:23 PM org.apache.coyote.http11.Http11Protocol init
SEVERE: Error initializing endpoint
java.net.BindException: Address already in use <null>:16130
	at org.apache.tomcat.util.net.JIoEndpoint.init(JIoEndpoint.java:549)
	at org.apache.coyote.http11.Http11Protocol.init(Http11Protocol.java:182)
	at org.apache.catalina.connector.Connector.initialize(Connector.java:1123)
	at org.apache.catalina.core.StandardService.initialize(StandardService.java:703)
	at org.apache.catalina.core.StandardServer.initialize(StandardServer.java:843)
	at org.apache.catalina.startup.Catalina.load(Catalina.java:538)
	at org.apache.catalina.startup.Catalina.load(Catalina.java:562)
	at sun.reflect.NativeMethodAccessorImpl.invoke0(Native Method)
	at sun.reflect.NativeMethodAccessorImpl.invoke(NativeMethodAccessorImpl.java:57)
	at sun.reflect.DelegatingMethodAccessorImpl.invoke(DelegatingMethodAccessorImpl.java:43)
	at java.lang.reflect.Method.invoke(Method.java:606)
	at org.apache.catalina.startup.Bootstrap.load(Bootstrap.java:261)
	at org.apache.catalina.startup.Bootstrap.main(Bootstrap.java:413)
Caused by: java.net.BindException: Address already in use
	at java.net.PlainSocketImpl.socketBind(Native Method)
	at java.net.AbstractPlainSocketImpl.bind(AbstractPlainSocketImpl.java:376)
	at java.net.ServerSocket.bind(ServerSocket.java:376)
	at java.net.ServerSocket.<init>(ServerSocket.java:237)
	at java.net.ServerSocket.<init>(ServerSocket.java:181)
	at org.apache.tomcat.util.net.DefaultServerSocketFactory.createSocket(DefaultServerSocketFactory.java:50)
	at org.apache.tomcat.util.net.JIoEndpoint.init(JIoEndpoint.java:538)
	... 12 more

Nov 16, 2015 4:37:23 PM org.apache.catalina.core.StandardService initialize
SEVERE: Failed to initialize connector [Connector[HTTP/1.1-16130]]
LifecycleException:  Protocol handler initialization failed: java.net.BindException: Address already in use <null>:16130
	at org.apache.catalina.connector.Connector.initialize(Connector.java:1125)
	at org.apache.catalina.core.StandardService.initialize(StandardService.java:703)
	at org.apache.catalina.core.StandardServer.initialize(StandardServer.java:843)
	at org.apache.catalina.startup.Catalina.load(Catalina.java:538)
	at org.apache.catalina.startup.Catalina.load(Catalina.java:562)
	at sun.reflect.NativeMethodAccessorImpl.invoke0(Native Method)
	at sun.reflect.NativeMethodAccessorImpl.invoke(NativeMethodAccessorImpl.java:57)
	at sun.reflect.DelegatingMethodAccessorImpl.invoke(DelegatingMethodAccessorImpl.java:43)
	at java.lang.reflect.Method.invoke(Method.java:606)
	at org.apache.catalina.startup.Bootstrap.load(Bootstrap.java:261)
	at org.apache.catalina.startup.Bootstrap.main(Bootstrap.java:413)

Nov 16, 2015 4:37:23 PM org.apache.catalina.startup.Catalina load
INFO: Initialization processed in 537 ms
Nov 16, 2015 4:37:23 PM org.apache.catalina.core.StandardService start
INFO: Starting service Catalina
Nov 16, 2015 4:37:23 PM org.apache.catalina.core.StandardEngine start
INFO: Starting Servlet Engine: Apache Tomcat/6.0.44
Nov 16, 2015 4:37:23 PM org.apache.catalina.startup.HostConfig deployDirectory
INFO: Deploying web application directory Ocean
Nov 16, 2015 4:37:23 PM org.apache.catalina.startup.HostConfig deployDirectory
INFO: Deploying web application directory ROOT
Nov 16, 2015 4:37:24 PM org.apache.catalina.startup.HostConfig deployDirectory
INFO: Deploying web application directory proj1
Nov 16, 2015 4:37:24 PM org.apache.catalina.startup.HostConfig deployDirectory
INFO: Deploying web application directory Ocean1
Nov 16, 2015 4:37:24 PM org.apache.coyote.http11.Http11Protocol start
SEVERE: Error starting endpoint
java.net.BindException: Address already in use <null>:16130
	at org.apache.tomcat.util.net.JIoEndpoint.init(JIoEndpoint.java:549)
	at org.apache.tomcat.util.net.JIoEndpoint.start(JIoEndpoint.java:565)
	at org.apache.coyote.http11.Http11Protocol.start(Http11Protocol.java:209)
	at org.apache.catalina.connector.Connector.start(Connector.java:1196)
	at org.apache.catalina.core.StandardService.start(StandardService.java:540)
	at org.apache.catalina.core.StandardServer.start(StandardServer.java:759)
	at org.apache.catalina.startup.Catalina.start(Catalina.java:595)
	at sun.reflect.NativeMethodAccessorImpl.invoke0(Native Method)
	at sun.reflect.NativeMethodAccessorImpl.invoke(NativeMethodAccessorImpl.java:57)
	at sun.reflect.DelegatingMethodAccessorImpl.invoke(DelegatingMethodAccessorImpl.java:43)
	at java.lang.reflect.Method.invoke(Method.java:606)
	at org.apache.catalina.startup.Bootstrap.start(Bootstrap.java:289)
	at org.apache.catalina.startup.Bootstrap.main(Bootstrap.java:414)
Caused by: java.net.BindException: Address already in use
	at java.net.PlainSocketImpl.socketBind(Native Method)
	at java.net.AbstractPlainSocketImpl.bind(AbstractPlainSocketImpl.java:376)
	at java.net.ServerSocket.bind(ServerSocket.java:376)
	at java.net.ServerSocket.<init>(ServerSocket.java:237)
	at java.net.ServerSocket.<init>(ServerSocket.java:181)
	at org.apache.tomcat.util.net.DefaultServerSocketFactory.createSocket(DefaultServerSocketFactory.java:50)
	at org.apache.tomcat.util.net.JIoEndpoint.init(JIoEndpoint.java:538)
	... 12 more

Nov 16, 2015 4:37:24 PM org.apache.catalina.core.StandardService start
SEVERE: Failed to start connector [Connector[HTTP/1.1-16130]]
LifecycleException:  service.getName(): "Catalina";  Protocol handler start failed: java.net.BindException: Address already in use <null>:16130
	at org.apache.catalina.connector.Connector.start(Connector.java:1203)
	at org.apache.catalina.core.StandardService.start(StandardService.java:540)
	at org.apache.catalina.core.StandardServer.start(StandardServer.java:759)
	at org.apache.catalina.startup.Catalina.start(Catalina.java:595)
	at sun.reflect.NativeMethodAccessorImpl.invoke0(Native Method)
	at sun.reflect.NativeMethodAccessorImpl.invoke(NativeMethodAccessorImpl.java:57)
	at sun.reflect.DelegatingMethodAccessorImpl.invoke(DelegatingMethodAccessorImpl.java:43)
	at java.lang.reflect.Method.invoke(Method.java:606)
	at org.apache.catalina.startup.Bootstrap.start(Bootstrap.java:289)
	at org.apache.catalina.startup.Bootstrap.main(Bootstrap.java:414)

Nov 16, 2015 4:37:24 PM org.apache.jk.common.ChannelSocket init
INFO: Port busy 8009 java.net.BindException: Address already in use
Nov 16, 2015 4:37:24 PM org.apache.jk.common.ChannelSocket init
SEVERE: Can't find free port 8009 8009
Nov 16, 2015 4:37:24 PM org.apache.jk.server.JkMain start
INFO: Jk running ID=0 time=0/11  config=null
Nov 16, 2015 4:37:24 PM org.apache.catalina.startup.Catalina start
INFO: Server startup in 731 ms
Nov 16, 2015 4:37:24 PM org.apache.catalina.core.StandardServer await
SEVERE: StandardServer.await: create[16132]: 
java.net.BindException: Address already in use
	at java.net.PlainSocketImpl.socketBind(Native Method)
	at java.net.AbstractPlainSocketImpl.bind(AbstractPlainSocketImpl.java:376)
	at java.net.ServerSocket.bind(ServerSocket.java:376)
	at java.net.ServerSocket.<init>(ServerSocket.java:237)
	at org.apache.catalina.core.StandardServer.await(StandardServer.java:404)
	at org.apache.catalina.startup.Catalina.await(Catalina.java:676)
	at org.apache.catalina.startup.Catalina.start(Catalina.java:628)
	at sun.reflect.NativeMethodAccessorImpl.invoke0(Native Method)
	at sun.reflect.NativeMethodAccessorImpl.invoke(NativeMethodAccessorImpl.java:57)
	at sun.reflect.DelegatingMethodAccessorImpl.invoke(DelegatingMethodAccessorImpl.java:43)
	at java.lang.reflect.Method.invoke(Method.java:606)
	at org.apache.catalina.startup.Bootstrap.start(Bootstrap.java:289)
	at org.apache.catalina.startup.Bootstrap.main(Bootstrap.java:414)

Nov 16, 2015 4:37:24 PM org.apache.coyote.http11.Http11Protocol pause
INFO: Pausing Coyote HTTP/1.1 on http-16130
Nov 16, 2015 4:37:25 PM org.apache.catalina.core.StandardService stop
INFO: Stopping service Catalina
Nov 16, 2015 4:37:25 PM org.apache.coyote.http11.Http11Protocol destroy
INFO: Stopping Coyote HTTP/1.1 on http-16130
Nov 16, 2015 4:37:27 PM org.apache.catalina.core.AprLifecycleListener init
INFO: The APR based Apache Tomcat Native library which allows optimal performance in production environments was not found on the java.library.path: /oracle/lib:/usr/java/packages/lib/amd64:/usr/lib/x86_64-linux-gnu/jni:/lib/x86_64-linux-gnu:/usr/lib/x86_64-linux-gnu:/usr/lib/jni:/lib:/usr/lib
Nov 16, 2015 4:37:27 PM org.apache.coyote.http11.Http11Protocol init
SEVERE: Error initializing endpoint
java.net.BindException: Address already in use <null>:16130
	at org.apache.tomcat.util.net.JIoEndpoint.init(JIoEndpoint.java:549)
	at org.apache.coyote.http11.Http11Protocol.init(Http11Protocol.java:182)
	at org.apache.catalina.connector.Connector.initialize(Connector.java:1123)
	at org.apache.catalina.core.StandardService.initialize(StandardService.java:703)
	at org.apache.catalina.core.StandardServer.initialize(StandardServer.java:843)
	at org.apache.catalina.startup.Catalina.load(Catalina.java:538)
	at org.apache.catalina.startup.Catalina.load(Catalina.java:562)
	at sun.reflect.NativeMethodAccessorImpl.invoke0(Native Method)
	at sun.reflect.NativeMethodAccessorImpl.invoke(NativeMethodAccessorImpl.java:57)
	at sun.reflect.DelegatingMethodAccessorImpl.invoke(DelegatingMethodAccessorImpl.java:43)
	at java.lang.reflect.Method.invoke(Method.java:606)
	at org.apache.catalina.startup.Bootstrap.load(Bootstrap.java:261)
	at org.apache.catalina.startup.Bootstrap.main(Bootstrap.java:413)
Caused by: java.net.BindException: Address already in use
	at java.net.PlainSocketImpl.socketBind(Native Method)
	at java.net.AbstractPlainSocketImpl.bind(AbstractPlainSocketImpl.java:376)
	at java.net.ServerSocket.bind(ServerSocket.java:376)
	at java.net.ServerSocket.<init>(ServerSocket.java:237)
	at java.net.ServerSocket.<init>(ServerSocket.java:181)
	at org.apache.tomcat.util.net.DefaultServerSocketFactory.createSocket(DefaultServerSocketFactory.java:50)
	at org.apache.tomcat.util.net.JIoEndpoint.init(JIoEndpoint.java:538)
	... 12 more

Nov 16, 2015 4:37:27 PM org.apache.catalina.core.StandardService initialize
SEVERE: Failed to initialize connector [Connector[HTTP/1.1-16130]]
LifecycleException:  Protocol handler initialization failed: java.net.BindException: Address already in use <null>:16130
	at org.apache.catalina.connector.Connector.initialize(Connector.java:1125)
	at org.apache.catalina.core.StandardService.initialize(StandardService.java:703)
	at org.apache.catalina.core.StandardServer.initialize(StandardServer.java:843)
	at org.apache.catalina.startup.Catalina.load(Catalina.java:538)
	at org.apache.catalina.startup.Catalina.load(Catalina.java:562)
	at sun.reflect.NativeMethodAccessorImpl.invoke0(Native Method)
	at sun.reflect.NativeMethodAccessorImpl.invoke(NativeMethodAccessorImpl.java:57)
	at sun.reflect.DelegatingMethodAccessorImpl.invoke(DelegatingMethodAccessorImpl.java:43)
	at java.lang.reflect.Method.invoke(Method.java:606)
	at org.apache.catalina.startup.Bootstrap.load(Bootstrap.java:261)
	at org.apache.catalina.startup.Bootstrap.main(Bootstrap.java:413)

Nov 16, 2015 4:37:27 PM org.apache.catalina.startup.Catalina load
INFO: Initialization processed in 541 ms
Nov 16, 2015 4:37:27 PM org.apache.catalina.core.StandardService start
INFO: Starting service Catalina
Nov 16, 2015 4:37:27 PM org.apache.catalina.core.StandardEngine start
INFO: Starting Servlet Engine: Apache Tomcat/6.0.44
Nov 16, 2015 4:37:27 PM org.apache.catalina.startup.HostConfig deployDirectory
INFO: Deploying web application directory Ocean
Nov 16, 2015 4:37:28 PM org.apache.catalina.startup.HostConfig deployDirectory
INFO: Deploying web application directory ROOT
Nov 16, 2015 4:37:28 PM org.apache.catalina.startup.HostConfig deployDirectory
INFO: Deploying web application directory proj1
Nov 16, 2015 4:37:28 PM org.apache.catalina.startup.HostConfig deployDirectory
INFO: Deploying web application directory Ocean1
Nov 16, 2015 4:37:28 PM org.apache.coyote.http11.Http11Protocol start
SEVERE: Error starting endpoint
java.net.BindException: Address already in use <null>:16130
	at org.apache.tomcat.util.net.JIoEndpoint.init(JIoEndpoint.java:549)
	at org.apache.tomcat.util.net.JIoEndpoint.start(JIoEndpoint.java:565)
	at org.apache.coyote.http11.Http11Protocol.start(Http11Protocol.java:209)
	at org.apache.catalina.connector.Connector.start(Connector.java:1196)
	at org.apache.catalina.core.StandardService.start(StandardService.java:540)
	at org.apache.catalina.core.StandardServer.start(StandardServer.java:759)
	at org.apache.catalina.startup.Catalina.start(Catalina.java:595)
	at sun.reflect.NativeMethodAccessorImpl.invoke0(Native Method)
	at sun.reflect.NativeMethodAccessorImpl.invoke(NativeMethodAccessorImpl.java:57)
	at sun.reflect.DelegatingMethodAccessorImpl.invoke(DelegatingMethodAccessorImpl.java:43)
	at java.lang.reflect.Method.invoke(Method.java:606)
	at org.apache.catalina.startup.Bootstrap.start(Bootstrap.java:289)
	at org.apache.catalina.startup.Bootstrap.main(Bootstrap.java:414)
Caused by: java.net.BindException: Address already in use
	at java.net.PlainSocketImpl.socketBind(Native Method)
	at java.net.AbstractPlainSocketImpl.bind(AbstractPlainSocketImpl.java:376)
	at java.net.ServerSocket.bind(ServerSocket.java:376)
	at java.net.ServerSocket.<init>(ServerSocket.java:237)
	at java.net.ServerSocket.<init>(ServerSocket.java:181)
	at org.apache.tomcat.util.net.DefaultServerSocketFactory.createSocket(DefaultServerSocketFactory.java:50)
	at org.apache.tomcat.util.net.JIoEndpoint.init(JIoEndpoint.java:538)
	... 12 more

Nov 16, 2015 4:37:28 PM org.apache.catalina.core.StandardService start
SEVERE: Failed to start connector [Connector[HTTP/1.1-16130]]
LifecycleException:  service.getName(): "Catalina";  Protocol handler start failed: java.net.BindException: Address already in use <null>:16130
	at org.apache.catalina.connector.Connector.start(Connector.java:1203)
	at org.apache.catalina.core.StandardService.start(StandardService.java:540)
	at org.apache.catalina.core.StandardServer.start(StandardServer.java:759)
	at org.apache.catalina.startup.Catalina.start(Catalina.java:595)
	at sun.reflect.NativeMethodAccessorImpl.invoke0(Native Method)
	at sun.reflect.NativeMethodAccessorImpl.invoke(NativeMethodAccessorImpl.java:57)
	at sun.reflect.DelegatingMethodAccessorImpl.invoke(DelegatingMethodAccessorImpl.java:43)
	at java.lang.reflect.Method.invoke(Method.java:606)
	at org.apache.catalina.startup.Bootstrap.start(Bootstrap.java:289)
	at org.apache.catalina.startup.Bootstrap.main(Bootstrap.java:414)

Nov 16, 2015 4:37:28 PM org.apache.jk.common.ChannelSocket init
INFO: Port busy 8009 java.net.BindException: Address already in use
Nov 16, 2015 4:37:28 PM org.apache.jk.common.ChannelSocket init
SEVERE: Can't find free port 8009 8009
Nov 16, 2015 4:37:28 PM org.apache.jk.server.JkMain start
INFO: Jk running ID=0 time=0/13  config=null
Nov 16, 2015 4:37:28 PM org.apache.catalina.startup.Catalina start
INFO: Server startup in 732 ms
Nov 16, 2015 4:37:28 PM org.apache.catalina.core.StandardServer await
SEVERE: StandardServer.await: create[16132]: 
java.net.BindException: Address already in use
	at java.net.PlainSocketImpl.socketBind(Native Method)
	at java.net.AbstractPlainSocketImpl.bind(AbstractPlainSocketImpl.java:376)
	at java.net.ServerSocket.bind(ServerSocket.java:376)
	at java.net.ServerSocket.<init>(ServerSocket.java:237)
	at org.apache.catalina.core.StandardServer.await(StandardServer.java:404)
	at org.apache.catalina.startup.Catalina.await(Catalina.java:676)
	at org.apache.catalina.startup.Catalina.start(Catalina.java:628)
	at sun.reflect.NativeMethodAccessorImpl.invoke0(Native Method)
	at sun.reflect.NativeMethodAccessorImpl.invoke(NativeMethodAccessorImpl.java:57)
	at sun.reflect.DelegatingMethodAccessorImpl.invoke(DelegatingMethodAccessorImpl.java:43)
	at java.lang.reflect.Method.invoke(Method.java:606)
	at org.apache.catalina.startup.Bootstrap.start(Bootstrap.java:289)
	at org.apache.catalina.startup.Bootstrap.main(Bootstrap.java:414)

Nov 16, 2015 4:37:28 PM org.apache.coyote.http11.Http11Protocol pause
INFO: Pausing Coyote HTTP/1.1 on http-16130
Nov 16, 2015 4:37:29 PM org.apache.catalina.core.StandardService stop
INFO: Stopping service Catalina
Nov 16, 2015 4:37:29 PM org.apache.coyote.http11.Http11Protocol destroy
INFO: Stopping Coyote HTTP/1.1 on http-16130
Nov 16, 2015 4:37:31 PM org.apache.coyote.http11.Http11Protocol pause
INFO: Pausing Coyote HTTP/1.1 on http-16130
Nov 16, 2015 4:37:32 PM org.apache.catalina.core.StandardService stop
INFO: Stopping service Catalina
Nov 16, 2015 4:37:32 PM org.apache.catalina.core.StandardWrapper unload
INFO: Waiting for 2 instance(s) to be deallocated
Nov 16, 2015 4:37:33 PM org.apache.catalina.core.StandardWrapper unload
INFO: Waiting for 2 instance(s) to be deallocated
Nov 16, 2015 4:37:34 PM org.apache.catalina.core.StandardWrapper unload
INFO: Waiting for 2 instance(s) to be deallocated
Nov 16, 2015 4:37:34 PM org.apache.catalina.loader.WebappClassLoader clearReferencesThreads
SEVERE: The web application [/Ocean] is still processing a request that has yet to finish. This is very likely to create a memory leak. You can control the time allowed for requests to finish by using the unloadDelay attribute of the standard Context implementation.
Nov 16, 2015 4:37:34 PM org.apache.catalina.loader.WebappClassLoader clearReferencesThreads
SEVERE: The web application [/Ocean] is still processing a request that has yet to finish. This is very likely to create a memory leak. You can control the time allowed for requests to finish by using the unloadDelay attribute of the standard Context implementation.
Nov 16, 2015 4:37:34 PM org.apache.coyote.http11.Http11Protocol destroy
INFO: Stopping Coyote HTTP/1.1 on http-16130
Nov 16, 2015 4:37:37 PM org.apache.catalina.core.AprLifecycleListener init
INFO: The APR based Apache Tomcat Native library which allows optimal performance in production environments was not found on the java.library.path: /oracle/lib:/usr/java/packages/lib/amd64:/usr/lib/x86_64-linux-gnu/jni:/lib/x86_64-linux-gnu:/usr/lib/x86_64-linux-gnu:/usr/lib/jni:/lib:/usr/lib
Nov 16, 2015 4:37:37 PM org.apache.coyote.http11.Http11Protocol init
INFO: Initializing Coyote HTTP/1.1 on http-16130
Nov 16, 2015 4:37:37 PM org.apache.catalina.startup.Catalina load
INFO: Initialization processed in 523 ms
Nov 16, 2015 4:37:37 PM org.apache.catalina.core.StandardService start
INFO: Starting service Catalina
Nov 16, 2015 4:37:37 PM org.apache.catalina.core.StandardEngine start
INFO: Starting Servlet Engine: Apache Tomcat/6.0.44
Nov 16, 2015 4:37:37 PM org.apache.catalina.startup.HostConfig deployDirectory
INFO: Deploying web application directory Ocean
Nov 16, 2015 4:37:38 PM org.apache.catalina.startup.HostConfig deployDirectory
INFO: Deploying web application directory ROOT
Nov 16, 2015 4:37:38 PM org.apache.catalina.startup.HostConfig deployDirectory
INFO: Deploying web application directory proj1
Nov 16, 2015 4:37:38 PM org.apache.catalina.startup.HostConfig deployDirectory
INFO: Deploying web application directory Ocean1
Nov 16, 2015 4:37:38 PM org.apache.coyote.http11.Http11Protocol start
INFO: Starting Coyote HTTP/1.1 on http-16130
Nov 16, 2015 4:37:38 PM org.apache.jk.common.ChannelSocket init
INFO: JK: ajp13 listening on /0.0.0.0:8009
Nov 16, 2015 4:37:38 PM org.apache.jk.server.JkMain start
INFO: Jk running ID=0 time=0/13  config=null
Nov 16, 2015 4:37:38 PM org.apache.catalina.startup.Catalina start
INFO: Server startup in 680 ms
Nov 16, 2015 4:39:50 PM org.apache.coyote.http11.Http11Protocol pause
INFO: Pausing Coyote HTTP/1.1 on http-16130
Nov 16, 2015 4:39:51 PM org.apache.catalina.core.StandardService stop
INFO: Stopping service Catalina
Nov 16, 2015 4:39:51 PM org.apache.coyote.http11.Http11Protocol destroy
INFO: Stopping Coyote HTTP/1.1 on http-16130
Nov 16, 2015 4:39:53 PM org.apache.catalina.core.AprLifecycleListener init
INFO: The APR based Apache Tomcat Native library which allows optimal performance in production environments was not found on the java.library.path: /oracle/lib:/usr/java/packages/lib/amd64:/usr/lib/x86_64-linux-gnu/jni:/lib/x86_64-linux-gnu:/usr/lib/x86_64-linux-gnu:/usr/lib/jni:/lib:/usr/lib
Nov 16, 2015 4:39:53 PM org.apache.coyote.http11.Http11Protocol init
INFO: Initializing Coyote HTTP/1.1 on http-16130
Nov 16, 2015 4:39:53 PM org.apache.catalina.startup.Catalina load
INFO: Initialization processed in 499 ms
Nov 16, 2015 4:39:53 PM org.apache.catalina.core.StandardService start
INFO: Starting service Catalina
Nov 16, 2015 4:39:53 PM org.apache.catalina.core.StandardEngine start
INFO: Starting Servlet Engine: Apache Tomcat/6.0.44
Nov 16, 2015 4:39:53 PM org.apache.catalina.startup.HostConfig deployDirectory
INFO: Deploying web application directory Ocean
Nov 16, 2015 4:39:53 PM org.apache.catalina.startup.HostConfig deployDirectory
INFO: Deploying web application directory ROOT
Nov 16, 2015 4:39:53 PM org.apache.catalina.startup.HostConfig deployDirectory
INFO: Deploying web application directory proj1
Nov 16, 2015 4:39:53 PM org.apache.catalina.startup.HostConfig deployDirectory
INFO: Deploying web application directory Ocean1
Nov 16, 2015 4:39:53 PM org.apache.coyote.http11.Http11Protocol start
INFO: Starting Coyote HTTP/1.1 on http-16130
Nov 16, 2015 4:39:54 PM org.apache.jk.common.ChannelSocket init
INFO: JK: ajp13 listening on /0.0.0.0:8009
Nov 16, 2015 4:39:54 PM org.apache.jk.server.JkMain start
INFO: Jk running ID=0 time=0/13  config=null
Nov 16, 2015 4:39:54 PM org.apache.catalina.startup.Catalina start
INFO: Server startup in 728 ms
Nov 16, 2015 4:40:33 PM org.apache.coyote.http11.Http11Protocol pause
INFO: Pausing Coyote HTTP/1.1 on http-16130
Nov 16, 2015 4:40:34 PM org.apache.catalina.core.StandardService stop
INFO: Stopping service Catalina
Nov 16, 2015 4:40:34 PM org.apache.coyote.http11.Http11Protocol destroy
INFO: Stopping Coyote HTTP/1.1 on http-16130
Nov 16, 2015 4:40:36 PM org.apache.catalina.core.AprLifecycleListener init
INFO: The APR based Apache Tomcat Native library which allows optimal performance in production environments was not found on the java.library.path: /oracle/lib:/usr/java/packages/lib/amd64:/usr/lib/x86_64-linux-gnu/jni:/lib/x86_64-linux-gnu:/usr/lib/x86_64-linux-gnu:/usr/lib/jni:/lib:/usr/lib
Nov 16, 2015 4:40:36 PM org.apache.coyote.http11.Http11Protocol init
INFO: Initializing Coyote HTTP/1.1 on http-16130
Nov 16, 2015 4:40:36 PM org.apache.catalina.startup.Catalina load
INFO: Initialization processed in 553 ms
Nov 16, 2015 4:40:37 PM org.apache.catalina.core.StandardService start
INFO: Starting service Catalina
Nov 16, 2015 4:40:37 PM org.apache.catalina.core.StandardEngine start
INFO: Starting Servlet Engine: Apache Tomcat/6.0.44
Nov 16, 2015 4:40:37 PM org.apache.catalina.startup.HostConfig deployDirectory
INFO: Deploying web application directory Ocean
Nov 16, 2015 4:40:37 PM org.apache.catalina.startup.HostConfig deployDirectory
INFO: Deploying web application directory ROOT
Nov 16, 2015 4:40:37 PM org.apache.catalina.startup.HostConfig deployDirectory
INFO: Deploying web application directory proj1
Nov 16, 2015 4:40:37 PM org.apache.catalina.startup.HostConfig deployDirectory
INFO: Deploying web application directory Ocean1
Nov 16, 2015 4:40:37 PM org.apache.coyote.http11.Http11Protocol start
INFO: Starting Coyote HTTP/1.1 on http-16130
Nov 16, 2015 4:40:37 PM org.apache.jk.common.ChannelSocket init
INFO: JK: ajp13 listening on /0.0.0.0:8009
Nov 16, 2015 4:40:37 PM org.apache.jk.server.JkMain start
INFO: Jk running ID=0 time=0/18  config=null
Nov 16, 2015 4:40:37 PM org.apache.catalina.startup.Catalina start
INFO: Server startup in 743 ms
Nov 16, 2015 5:26:33 PM org.apache.coyote.http11.Http11Protocol pause
INFO: Pausing Coyote HTTP/1.1 on http-16130
Nov 16, 2015 5:26:34 PM org.apache.catalina.core.StandardService stop
INFO: Stopping service Catalina
Nov 16, 2015 5:26:34 PM org.apache.coyote.http11.Http11Protocol destroy
INFO: Stopping Coyote HTTP/1.1 on http-16130
Nov 16, 2015 5:26:36 PM org.apache.catalina.core.AprLifecycleListener init
INFO: The APR based Apache Tomcat Native library which allows optimal performance in production environments was not found on the java.library.path: /oracle/lib:/usr/java/packages/lib/amd64:/usr/lib/x86_64-linux-gnu/jni:/lib/x86_64-linux-gnu:/usr/lib/x86_64-linux-gnu:/usr/lib/jni:/lib:/usr/lib
Nov 16, 2015 5:26:36 PM org.apache.coyote.http11.Http11Protocol init
INFO: Initializing Coyote HTTP/1.1 on http-16130
Nov 16, 2015 5:26:36 PM org.apache.catalina.startup.Catalina load
INFO: Initialization processed in 499 ms
Nov 16, 2015 5:26:36 PM org.apache.catalina.core.StandardService start
INFO: Starting service Catalina
Nov 16, 2015 5:26:36 PM org.apache.catalina.core.StandardEngine start
INFO: Starting Servlet Engine: Apache Tomcat/6.0.44
Nov 16, 2015 5:26:36 PM org.apache.catalina.startup.HostConfig deployDirectory
INFO: Deploying web application directory Ocean
Nov 16, 2015 5:26:36 PM org.apache.catalina.startup.HostConfig deployDirectory
INFO: Deploying web application directory ROOT
Nov 16, 2015 5:26:36 PM org.apache.catalina.startup.HostConfig deployDirectory
INFO: Deploying web application directory proj1
Nov 16, 2015 5:26:36 PM org.apache.catalina.startup.HostConfig deployDirectory
INFO: Deploying web application directory Ocean1
Nov 16, 2015 5:26:37 PM org.apache.coyote.http11.Http11Protocol start
INFO: Starting Coyote HTTP/1.1 on http-16130
Nov 16, 2015 5:26:37 PM org.apache.jk.common.ChannelSocket init
INFO: JK: ajp13 listening on /0.0.0.0:8009
Nov 16, 2015 5:26:37 PM org.apache.jk.server.JkMain start
INFO: Jk running ID=0 time=0/59  config=null
Nov 16, 2015 5:26:37 PM org.apache.catalina.startup.Catalina start
INFO: Server startup in 740 ms
Nov 16, 2015 5:28:46 PM org.apache.coyote.http11.Http11Protocol pause
INFO: Pausing Coyote HTTP/1.1 on http-16130
Nov 16, 2015 5:28:47 PM org.apache.catalina.core.StandardService stop
INFO: Stopping service Catalina
Nov 16, 2015 5:28:47 PM org.apache.catalina.loader.WebappClassLoader clearReferencesJdbc
SEVERE: The web application [/Ocean] registered the JDBC driver [oracle.jdbc.OracleDriver] but failed to unregister it when the web application was stopped. To prevent a memory leak, the JDBC Driver has been forcibly unregistered.
Nov 16, 2015 5:28:47 PM org.apache.catalina.loader.WebappClassLoader clearReferencesThreads
SEVERE: The web application [/Ocean] appears to have started a thread named [oracle.jdbc.driver.BlockSource.ThreadedCachingBlockSource.BlockReleaser] but has failed to stop it. This is very likely to create a memory leak.
Nov 16, 2015 5:28:47 PM org.apache.coyote.http11.Http11Protocol destroy
INFO: Stopping Coyote HTTP/1.1 on http-16130
Nov 16, 2015 5:28:49 PM org.apache.catalina.core.AprLifecycleListener init
INFO: The APR based Apache Tomcat Native library which allows optimal performance in production environments was not found on the java.library.path: /oracle/lib:/usr/java/packages/lib/amd64:/usr/lib/x86_64-linux-gnu/jni:/lib/x86_64-linux-gnu:/usr/lib/x86_64-linux-gnu:/usr/lib/jni:/lib:/usr/lib
Nov 16, 2015 5:28:49 PM org.apache.coyote.http11.Http11Protocol init
INFO: Initializing Coyote HTTP/1.1 on http-16130
Nov 16, 2015 5:28:49 PM org.apache.catalina.startup.Catalina load
INFO: Initialization processed in 484 ms
Nov 16, 2015 5:28:49 PM org.apache.catalina.core.StandardService start
INFO: Starting service Catalina
Nov 16, 2015 5:28:49 PM org.apache.catalina.core.StandardEngine start
INFO: Starting Servlet Engine: Apache Tomcat/6.0.44
Nov 16, 2015 5:28:49 PM org.apache.catalina.startup.HostConfig deployDirectory
INFO: Deploying web application directory Ocean
Nov 16, 2015 5:28:50 PM org.apache.catalina.startup.HostConfig deployDirectory
INFO: Deploying web application directory ROOT
Nov 16, 2015 5:28:50 PM org.apache.catalina.startup.HostConfig deployDirectory
INFO: Deploying web application directory proj1
Nov 16, 2015 5:28:50 PM org.apache.catalina.startup.HostConfig deployDirectory
INFO: Deploying web application directory Ocean1
Nov 16, 2015 5:28:50 PM org.apache.coyote.http11.Http11Protocol start
INFO: Starting Coyote HTTP/1.1 on http-16130
Nov 16, 2015 5:28:50 PM org.apache.jk.common.ChannelSocket init
INFO: JK: ajp13 listening on /0.0.0.0:8009
Nov 16, 2015 5:28:50 PM org.apache.jk.server.JkMain start
INFO: Jk running ID=0 time=0/13  config=null
Nov 16, 2015 5:28:50 PM org.apache.catalina.startup.Catalina start
INFO: Server startup in 717 ms
Nov 16, 2015 5:36:28 PM org.apache.coyote.http11.Http11Protocol pause
INFO: Pausing Coyote HTTP/1.1 on http-16130
Nov 16, 2015 5:36:29 PM org.apache.catalina.core.StandardService stop
INFO: Stopping service Catalina
Nov 16, 2015 5:36:29 PM org.apache.coyote.http11.Http11Protocol destroy
INFO: Stopping Coyote HTTP/1.1 on http-16130
Nov 16, 2015 5:36:30 PM org.apache.catalina.core.AprLifecycleListener init
INFO: The APR based Apache Tomcat Native library which allows optimal performance in production environments was not found on the java.library.path: /oracle/lib:/usr/java/packages/lib/amd64:/usr/lib/x86_64-linux-gnu/jni:/lib/x86_64-linux-gnu:/usr/lib/x86_64-linux-gnu:/usr/lib/jni:/lib:/usr/lib
Nov 16, 2015 5:36:31 PM org.apache.coyote.http11.Http11Protocol init
INFO: Initializing Coyote HTTP/1.1 on http-16130
Nov 16, 2015 5:36:31 PM org.apache.catalina.startup.Catalina load
INFO: Initialization processed in 501 ms
Nov 16, 2015 5:36:31 PM org.apache.catalina.core.StandardService start
INFO: Starting service Catalina
Nov 16, 2015 5:36:31 PM org.apache.catalina.core.StandardEngine start
INFO: Starting Servlet Engine: Apache Tomcat/6.0.44
Nov 16, 2015 5:36:31 PM org.apache.catalina.startup.HostConfig deployDirectory
INFO: Deploying web application directory Ocean
Nov 16, 2015 5:36:31 PM org.apache.catalina.startup.HostConfig deployDirectory
INFO: Deploying web application directory ROOT
Nov 16, 2015 5:36:31 PM org.apache.catalina.startup.HostConfig deployDirectory
INFO: Deploying web application directory proj1
Nov 16, 2015 5:36:31 PM org.apache.catalina.startup.HostConfig deployDirectory
INFO: Deploying web application directory Ocean1
Nov 16, 2015 5:36:31 PM org.apache.coyote.http11.Http11Protocol start
INFO: Starting Coyote HTTP/1.1 on http-16130
Nov 16, 2015 5:36:31 PM org.apache.jk.common.ChannelSocket init
INFO: JK: ajp13 listening on /0.0.0.0:8009
Nov 16, 2015 5:36:31 PM org.apache.jk.server.JkMain start
INFO: Jk running ID=0 time=0/13  config=null
Nov 16, 2015 5:36:31 PM org.apache.catalina.startup.Catalina start
INFO: Server startup in 721 ms
Nov 16, 2015 5:47:36 PM org.apache.coyote.http11.Http11Protocol pause
INFO: Pausing Coyote HTTP/1.1 on http-16130
Nov 16, 2015 5:47:37 PM org.apache.catalina.core.StandardService stop
INFO: Stopping service Catalina
Nov 16, 2015 5:47:38 PM org.apache.coyote.http11.Http11Protocol destroy
INFO: Stopping Coyote HTTP/1.1 on http-16130
Nov 16, 2015 5:47:39 PM org.apache.catalina.core.AprLifecycleListener init
INFO: The APR based Apache Tomcat Native library which allows optimal performance in production environments was not found on the java.library.path: /oracle/lib:/usr/java/packages/lib/amd64:/usr/lib/x86_64-linux-gnu/jni:/lib/x86_64-linux-gnu:/usr/lib/x86_64-linux-gnu:/usr/lib/jni:/lib:/usr/lib
Nov 16, 2015 5:47:39 PM org.apache.coyote.http11.Http11Protocol init
INFO: Initializing Coyote HTTP/1.1 on http-16130
Nov 16, 2015 5:47:39 PM org.apache.catalina.startup.Catalina load
INFO: Initialization processed in 497 ms
Nov 16, 2015 5:47:39 PM org.apache.catalina.core.StandardService start
INFO: Starting service Catalina
Nov 16, 2015 5:47:39 PM org.apache.catalina.core.StandardEngine start
INFO: Starting Servlet Engine: Apache Tomcat/6.0.44
Nov 16, 2015 5:47:39 PM org.apache.catalina.startup.HostConfig deployDirectory
INFO: Deploying web application directory Ocean
Nov 16, 2015 5:47:40 PM org.apache.catalina.startup.HostConfig deployDirectory
INFO: Deploying web application directory ROOT
Nov 16, 2015 5:47:40 PM org.apache.catalina.startup.HostConfig deployDirectory
INFO: Deploying web application directory proj1
Nov 16, 2015 5:47:40 PM org.apache.catalina.startup.HostConfig deployDirectory
INFO: Deploying web application directory Ocean1
Nov 16, 2015 5:47:40 PM org.apache.coyote.http11.Http11Protocol start
INFO: Starting Coyote HTTP/1.1 on http-16130
Nov 16, 2015 5:47:40 PM org.apache.jk.common.ChannelSocket init
INFO: JK: ajp13 listening on /0.0.0.0:8009
Nov 16, 2015 5:47:40 PM org.apache.jk.server.JkMain start
INFO: Jk running ID=0 time=0/14  config=null
Nov 16, 2015 5:47:40 PM org.apache.catalina.startup.Catalina start
INFO: Server startup in 752 ms
Nov 16, 2015 5:49:06 PM org.apache.coyote.http11.Http11Protocol pause
INFO: Pausing Coyote HTTP/1.1 on http-16130
Nov 16, 2015 5:49:07 PM org.apache.catalina.core.StandardService stop
INFO: Stopping service Catalina
Nov 16, 2015 5:49:08 PM org.apache.coyote.http11.Http11Protocol destroy
INFO: Stopping Coyote HTTP/1.1 on http-16130
Nov 16, 2015 5:49:09 PM org.apache.catalina.core.AprLifecycleListener init
INFO: The APR based Apache Tomcat Native library which allows optimal performance in production environments was not found on the java.library.path: /oracle/lib:/usr/java/packages/lib/amd64:/usr/lib/x86_64-linux-gnu/jni:/lib/x86_64-linux-gnu:/usr/lib/x86_64-linux-gnu:/usr/lib/jni:/lib:/usr/lib
Nov 16, 2015 5:49:09 PM org.apache.coyote.http11.Http11Protocol init
INFO: Initializing Coyote HTTP/1.1 on http-16130
Nov 16, 2015 5:49:09 PM org.apache.catalina.startup.Catalina load
INFO: Initialization processed in 540 ms
Nov 16, 2015 5:49:09 PM org.apache.catalina.core.StandardService start
INFO: Starting service Catalina
Nov 16, 2015 5:49:09 PM org.apache.catalina.core.StandardEngine start
INFO: Starting Servlet Engine: Apache Tomcat/6.0.44
Nov 16, 2015 5:49:09 PM org.apache.catalina.startup.HostConfig deployDirectory
INFO: Deploying web application directory Ocean
Nov 16, 2015 5:49:10 PM org.apache.catalina.startup.HostConfig deployDirectory
INFO: Deploying web application directory ROOT
Nov 16, 2015 5:49:10 PM org.apache.catalina.startup.HostConfig deployDirectory
INFO: Deploying web application directory proj1
Nov 16, 2015 5:49:10 PM org.apache.catalina.startup.HostConfig deployDirectory
INFO: Deploying web application directory Ocean1
Nov 16, 2015 5:49:10 PM org.apache.coyote.http11.Http11Protocol start
INFO: Starting Coyote HTTP/1.1 on http-16130
Nov 16, 2015 5:49:10 PM org.apache.jk.common.ChannelSocket init
INFO: JK: ajp13 listening on /0.0.0.0:8009
Nov 16, 2015 5:49:10 PM org.apache.jk.server.JkMain start
INFO: Jk running ID=0 time=0/14  config=null
Nov 16, 2015 5:49:10 PM org.apache.catalina.startup.Catalina start
INFO: Server startup in 743 ms
Nov 16, 2015 5:59:38 PM org.apache.coyote.http11.Http11Protocol pause
INFO: Pausing Coyote HTTP/1.1 on http-16130
Nov 16, 2015 5:59:39 PM org.apache.catalina.core.StandardService stop
INFO: Stopping service Catalina
Nov 16, 2015 5:59:39 PM org.apache.coyote.http11.Http11Protocol destroy
INFO: Stopping Coyote HTTP/1.1 on http-16130
Nov 16, 2015 5:59:40 PM org.apache.catalina.core.AprLifecycleListener init
INFO: The APR based Apache Tomcat Native library which allows optimal performance in production environments was not found on the java.library.path: /oracle/lib:/usr/java/packages/lib/amd64:/usr/lib/x86_64-linux-gnu/jni:/lib/x86_64-linux-gnu:/usr/lib/x86_64-linux-gnu:/usr/lib/jni:/lib:/usr/lib
Nov 16, 2015 5:59:41 PM org.apache.coyote.http11.Http11Protocol init
INFO: Initializing Coyote HTTP/1.1 on http-16130
Nov 16, 2015 5:59:41 PM org.apache.catalina.startup.Catalina load
INFO: Initialization processed in 536 ms
Nov 16, 2015 5:59:41 PM org.apache.catalina.core.StandardService start
INFO: Starting service Catalina
Nov 16, 2015 5:59:41 PM org.apache.catalina.core.StandardEngine start
INFO: Starting Servlet Engine: Apache Tomcat/6.0.44
Nov 16, 2015 5:59:41 PM org.apache.catalina.startup.HostConfig deployDirectory
INFO: Deploying web application directory Ocean
Nov 16, 2015 5:59:41 PM org.apache.catalina.startup.HostConfig deployDirectory
INFO: Deploying web application directory ROOT
Nov 16, 2015 5:59:41 PM org.apache.catalina.startup.HostConfig deployDirectory
INFO: Deploying web application directory proj1
Nov 16, 2015 5:59:41 PM org.apache.catalina.startup.HostConfig deployDirectory
INFO: Deploying web application directory Ocean1
Nov 16, 2015 5:59:41 PM org.apache.coyote.http11.Http11Protocol start
INFO: Starting Coyote HTTP/1.1 on http-16130
Nov 16, 2015 5:59:41 PM org.apache.jk.common.ChannelSocket init
INFO: JK: ajp13 listening on /0.0.0.0:8009
Nov 16, 2015 5:59:41 PM org.apache.jk.server.JkMain start
INFO: Jk running ID=0 time=0/14  config=null
Nov 16, 2015 5:59:41 PM org.apache.catalina.startup.Catalina start
INFO: Server startup in 710 ms
Nov 16, 2015 6:09:12 PM org.apache.coyote.http11.Http11Protocol pause
INFO: Pausing Coyote HTTP/1.1 on http-16130
Nov 16, 2015 6:09:13 PM org.apache.catalina.core.StandardService stop
INFO: Stopping service Catalina
Nov 16, 2015 6:09:14 PM org.apache.coyote.http11.Http11Protocol destroy
INFO: Stopping Coyote HTTP/1.1 on http-16130
Nov 16, 2015 6:09:15 PM org.apache.catalina.core.AprLifecycleListener init
INFO: The APR based Apache Tomcat Native library which allows optimal performance in production environments was not found on the java.library.path: /oracle/lib:/usr/java/packages/lib/amd64:/usr/lib/x86_64-linux-gnu/jni:/lib/x86_64-linux-gnu:/usr/lib/x86_64-linux-gnu:/usr/lib/jni:/lib:/usr/lib
Nov 16, 2015 6:09:15 PM org.apache.coyote.http11.Http11Protocol init
INFO: Initializing Coyote HTTP/1.1 on http-16130
Nov 16, 2015 6:09:15 PM org.apache.catalina.startup.Catalina load
INFO: Initialization processed in 509 ms
Nov 16, 2015 6:09:15 PM org.apache.catalina.core.StandardService start
INFO: Starting service Catalina
Nov 16, 2015 6:09:15 PM org.apache.catalina.core.StandardEngine start
INFO: Starting Servlet Engine: Apache Tomcat/6.0.44
Nov 16, 2015 6:09:15 PM org.apache.catalina.startup.HostConfig deployDirectory
INFO: Deploying web application directory Ocean
Nov 16, 2015 6:09:15 PM org.apache.catalina.startup.HostConfig deployDirectory
INFO: Deploying web application directory ROOT
Nov 16, 2015 6:09:16 PM org.apache.catalina.startup.HostConfig deployDirectory
INFO: Deploying web application directory proj1
Nov 16, 2015 6:09:16 PM org.apache.catalina.startup.HostConfig deployDirectory
INFO: Deploying web application directory Ocean1
Nov 16, 2015 6:09:16 PM org.apache.coyote.http11.Http11Protocol start
INFO: Starting Coyote HTTP/1.1 on http-16130
Nov 16, 2015 6:09:16 PM org.apache.jk.common.ChannelSocket init
INFO: JK: ajp13 listening on /0.0.0.0:8009
Nov 16, 2015 6:09:16 PM org.apache.jk.server.JkMain start
INFO: Jk running ID=0 time=0/13  config=null
Nov 16, 2015 6:09:16 PM org.apache.catalina.startup.Catalina start
INFO: Server startup in 764 ms
Nov 16, 2015 6:20:21 PM org.apache.coyote.http11.Http11Protocol pause
INFO: Pausing Coyote HTTP/1.1 on http-16130
Nov 16, 2015 6:20:22 PM org.apache.catalina.core.StandardService stop
INFO: Stopping service Catalina
Nov 16, 2015 6:20:22 PM org.apache.coyote.http11.Http11Protocol destroy
INFO: Stopping Coyote HTTP/1.1 on http-16130
Nov 16, 2015 6:20:23 PM org.apache.catalina.core.AprLifecycleListener init
INFO: The APR based Apache Tomcat Native library which allows optimal performance in production environments was not found on the java.library.path: /oracle/lib:/usr/java/packages/lib/amd64:/usr/lib/x86_64-linux-gnu/jni:/lib/x86_64-linux-gnu:/usr/lib/x86_64-linux-gnu:/usr/lib/jni:/lib:/usr/lib
Nov 16, 2015 6:20:24 PM org.apache.coyote.http11.Http11Protocol init
INFO: Initializing Coyote HTTP/1.1 on http-16130
Nov 16, 2015 6:20:24 PM org.apache.catalina.startup.Catalina load
INFO: Initialization processed in 559 ms
Nov 16, 2015 6:20:24 PM org.apache.catalina.core.StandardService start
INFO: Starting service Catalina
Nov 16, 2015 6:20:24 PM org.apache.catalina.core.StandardEngine start
INFO: Starting Servlet Engine: Apache Tomcat/6.0.44
Nov 16, 2015 6:20:24 PM org.apache.catalina.startup.HostConfig deployDirectory
INFO: Deploying web application directory Ocean
Nov 16, 2015 6:20:24 PM org.apache.catalina.startup.HostConfig deployDirectory
INFO: Deploying web application directory ROOT
Nov 16, 2015 6:20:24 PM org.apache.catalina.startup.HostConfig deployDirectory
INFO: Deploying web application directory proj1
Nov 16, 2015 6:20:24 PM org.apache.catalina.startup.HostConfig deployDirectory
INFO: Deploying web application directory Ocean1
Nov 16, 2015 6:20:24 PM org.apache.coyote.http11.Http11Protocol start
INFO: Starting Coyote HTTP/1.1 on http-16130
Nov 16, 2015 6:20:24 PM org.apache.jk.common.ChannelSocket init
INFO: JK: ajp13 listening on /0.0.0.0:8009
Nov 16, 2015 6:20:24 PM org.apache.jk.server.JkMain start
INFO: Jk running ID=0 time=0/22  config=null
Nov 16, 2015 6:20:24 PM org.apache.catalina.startup.Catalina start
INFO: Server startup in 726 ms
Nov 16, 2015 6:26:37 PM org.apache.coyote.http11.Http11Protocol pause
INFO: Pausing Coyote HTTP/1.1 on http-16130
Nov 16, 2015 6:26:38 PM org.apache.catalina.core.StandardService stop
INFO: Stopping service Catalina
Nov 16, 2015 6:26:38 PM org.apache.coyote.http11.Http11Protocol destroy
INFO: Stopping Coyote HTTP/1.1 on http-16130
Nov 16, 2015 6:26:39 PM org.apache.catalina.core.AprLifecycleListener init
INFO: The APR based Apache Tomcat Native library which allows optimal performance in production environments was not found on the java.library.path: /oracle/lib:/usr/java/packages/lib/amd64:/usr/lib/x86_64-linux-gnu/jni:/lib/x86_64-linux-gnu:/usr/lib/x86_64-linux-gnu:/usr/lib/jni:/lib:/usr/lib
Nov 16, 2015 6:26:40 PM org.apache.coyote.http11.Http11Protocol init
INFO: Initializing Coyote HTTP/1.1 on http-16130
Nov 16, 2015 6:26:40 PM org.apache.catalina.startup.Catalina load
INFO: Initialization processed in 509 ms
Nov 16, 2015 6:26:40 PM org.apache.catalina.core.StandardService start
INFO: Starting service Catalina
Nov 16, 2015 6:26:40 PM org.apache.catalina.core.StandardEngine start
INFO: Starting Servlet Engine: Apache Tomcat/6.0.44
Nov 16, 2015 6:26:40 PM org.apache.catalina.startup.HostConfig deployDirectory
INFO: Deploying web application directory Ocean
Nov 16, 2015 6:26:40 PM org.apache.catalina.startup.HostConfig deployDirectory
INFO: Deploying web application directory ROOT
Nov 16, 2015 6:26:40 PM org.apache.catalina.startup.HostConfig deployDirectory
INFO: Deploying web application directory proj1
Nov 16, 2015 6:26:40 PM org.apache.catalina.startup.HostConfig deployDirectory
INFO: Deploying web application directory Ocean1
Nov 16, 2015 6:26:40 PM org.apache.coyote.http11.Http11Protocol start
INFO: Starting Coyote HTTP/1.1 on http-16130
Nov 16, 2015 6:26:40 PM org.apache.jk.common.ChannelSocket init
INFO: JK: ajp13 listening on /0.0.0.0:8009
Nov 16, 2015 6:26:40 PM org.apache.jk.server.JkMain start
INFO: Jk running ID=0 time=0/13  config=null
Nov 16, 2015 6:26:40 PM org.apache.catalina.startup.Catalina start
INFO: Server startup in 714 ms
Nov 16, 2015 6:45:52 PM org.apache.coyote.http11.Http11Protocol pause
INFO: Pausing Coyote HTTP/1.1 on http-16130
Nov 16, 2015 6:45:53 PM org.apache.catalina.core.StandardService stop
INFO: Stopping service Catalina
Nov 16, 2015 6:45:53 PM org.apache.coyote.http11.Http11Protocol destroy
INFO: Stopping Coyote HTTP/1.1 on http-16130
Nov 16, 2015 6:45:55 PM org.apache.catalina.core.AprLifecycleListener init
INFO: The APR based Apache Tomcat Native library which allows optimal performance in production environments was not found on the java.library.path: /oracle/lib:/usr/java/packages/lib/amd64:/usr/lib/x86_64-linux-gnu/jni:/lib/x86_64-linux-gnu:/usr/lib/x86_64-linux-gnu:/usr/lib/jni:/lib:/usr/lib
Nov 16, 2015 6:45:55 PM org.apache.coyote.http11.Http11Protocol init
INFO: Initializing Coyote HTTP/1.1 on http-16130
Nov 16, 2015 6:45:55 PM org.apache.catalina.startup.Catalina load
INFO: Initialization processed in 513 ms
Nov 16, 2015 6:45:55 PM org.apache.catalina.core.StandardService start
INFO: Starting service Catalina
Nov 16, 2015 6:45:55 PM org.apache.catalina.core.StandardEngine start
INFO: Starting Servlet Engine: Apache Tomcat/6.0.44
Nov 16, 2015 6:45:55 PM org.apache.catalina.startup.HostConfig deployDirectory
INFO: Deploying web application directory Ocean
Nov 16, 2015 6:45:55 PM org.apache.catalina.startup.HostConfig deployDirectory
INFO: Deploying web application directory ROOT
Nov 16, 2015 6:45:55 PM org.apache.catalina.startup.HostConfig deployDirectory
INFO: Deploying web application directory proj1
Nov 16, 2015 6:45:55 PM org.apache.catalina.startup.HostConfig deployDirectory
INFO: Deploying web application directory Ocean1
Nov 16, 2015 6:45:55 PM org.apache.coyote.http11.Http11Protocol start
INFO: Starting Coyote HTTP/1.1 on http-16130
Nov 16, 2015 6:45:55 PM org.apache.jk.common.ChannelSocket init
INFO: JK: ajp13 listening on /0.0.0.0:8009
Nov 16, 2015 6:45:55 PM org.apache.jk.server.JkMain start
INFO: Jk running ID=0 time=0/14  config=null
Nov 16, 2015 6:45:55 PM org.apache.catalina.startup.Catalina start
INFO: Server startup in 704 ms
Nov 16, 2015 6:47:45 PM org.apache.coyote.http11.Http11Protocol pause
INFO: Pausing Coyote HTTP/1.1 on http-16130
Nov 16, 2015 6:47:46 PM org.apache.catalina.core.StandardService stop
INFO: Stopping service Catalina
Nov 16, 2015 6:47:46 PM org.apache.coyote.http11.Http11Protocol destroy
INFO: Stopping Coyote HTTP/1.1 on http-16130
Nov 16, 2015 6:47:48 PM org.apache.catalina.core.AprLifecycleListener init
INFO: The APR based Apache Tomcat Native library which allows optimal performance in production environments was not found on the java.library.path: /oracle/lib:/usr/java/packages/lib/amd64:/usr/lib/x86_64-linux-gnu/jni:/lib/x86_64-linux-gnu:/usr/lib/x86_64-linux-gnu:/usr/lib/jni:/lib:/usr/lib
Nov 16, 2015 6:47:48 PM org.apache.coyote.http11.Http11Protocol init
INFO: Initializing Coyote HTTP/1.1 on http-16130
Nov 16, 2015 6:47:48 PM org.apache.catalina.startup.Catalina load
INFO: Initialization processed in 485 ms
Nov 16, 2015 6:47:48 PM org.apache.catalina.core.StandardService start
INFO: Starting service Catalina
Nov 16, 2015 6:47:48 PM org.apache.catalina.core.StandardEngine start
INFO: Starting Servlet Engine: Apache Tomcat/6.0.44
Nov 16, 2015 6:47:48 PM org.apache.catalina.startup.HostConfig deployDirectory
INFO: Deploying web application directory Ocean
Nov 16, 2015 6:47:48 PM org.apache.catalina.startup.HostConfig deployDirectory
INFO: Deploying web application directory ROOT
Nov 16, 2015 6:47:49 PM org.apache.catalina.startup.HostConfig deployDirectory
INFO: Deploying web application directory proj1
Nov 16, 2015 6:47:49 PM org.apache.catalina.startup.HostConfig deployDirectory
INFO: Deploying web application directory Ocean1
Nov 16, 2015 6:47:49 PM org.apache.coyote.http11.Http11Protocol start
INFO: Starting Coyote HTTP/1.1 on http-16130
Nov 16, 2015 6:47:49 PM org.apache.jk.common.ChannelSocket init
INFO: JK: ajp13 listening on /0.0.0.0:8009
Nov 16, 2015 6:47:49 PM org.apache.jk.server.JkMain start
INFO: Jk running ID=0 time=0/13  config=null
Nov 16, 2015 6:47:49 PM org.apache.catalina.startup.Catalina start
INFO: Server startup in 718 ms
Nov 16, 2015 6:48:02 PM org.apache.coyote.http11.Http11Protocol pause
INFO: Pausing Coyote HTTP/1.1 on http-16130
Nov 16, 2015 6:48:03 PM org.apache.catalina.core.StandardService stop
INFO: Stopping service Catalina
Nov 16, 2015 6:48:03 PM org.apache.coyote.http11.Http11Protocol destroy
INFO: Stopping Coyote HTTP/1.1 on http-16130
Nov 16, 2015 6:48:05 PM org.apache.catalina.core.AprLifecycleListener init
INFO: The APR based Apache Tomcat Native library which allows optimal performance in production environments was not found on the java.library.path: /oracle/lib:/usr/java/packages/lib/amd64:/usr/lib/x86_64-linux-gnu/jni:/lib/x86_64-linux-gnu:/usr/lib/x86_64-linux-gnu:/usr/lib/jni:/lib:/usr/lib
Nov 16, 2015 6:48:05 PM org.apache.coyote.http11.Http11Protocol init
INFO: Initializing Coyote HTTP/1.1 on http-16130
Nov 16, 2015 6:48:05 PM org.apache.catalina.startup.Catalina load
INFO: Initialization processed in 492 ms
Nov 16, 2015 6:48:05 PM org.apache.catalina.core.StandardService start
INFO: Starting service Catalina
Nov 16, 2015 6:48:05 PM org.apache.catalina.core.StandardEngine start
INFO: Starting Servlet Engine: Apache Tomcat/6.0.44
Nov 16, 2015 6:48:05 PM org.apache.catalina.startup.HostConfig deployDirectory
INFO: Deploying web application directory Ocean
Nov 16, 2015 6:48:05 PM org.apache.catalina.startup.HostConfig deployDirectory
INFO: Deploying web application directory ROOT
Nov 16, 2015 6:48:05 PM org.apache.catalina.startup.HostConfig deployDirectory
INFO: Deploying web application directory proj1
Nov 16, 2015 6:48:05 PM org.apache.catalina.startup.HostConfig deployDirectory
INFO: Deploying web application directory Ocean1
Nov 16, 2015 6:48:06 PM org.apache.coyote.http11.Http11Protocol start
INFO: Starting Coyote HTTP/1.1 on http-16130
Nov 16, 2015 6:48:06 PM org.apache.jk.common.ChannelSocket init
INFO: JK: ajp13 listening on /0.0.0.0:8009
Nov 16, 2015 6:48:06 PM org.apache.jk.server.JkMain start
INFO: Jk running ID=0 time=0/13  config=null
Nov 16, 2015 6:48:06 PM org.apache.catalina.startup.Catalina start
INFO: Server startup in 696 ms
Nov 16, 2015 6:52:30 PM org.apache.coyote.http11.Http11Protocol pause
INFO: Pausing Coyote HTTP/1.1 on http-16130
Nov 16, 2015 6:52:31 PM org.apache.catalina.core.StandardService stop
INFO: Stopping service Catalina
Nov 16, 2015 6:52:31 PM org.apache.catalina.loader.WebappClassLoader clearReferencesJdbc
SEVERE: The web application [/Ocean] registered the JDBC driver [oracle.jdbc.OracleDriver] but failed to unregister it when the web application was stopped. To prevent a memory leak, the JDBC Driver has been forcibly unregistered.
Nov 16, 2015 6:52:31 PM org.apache.catalina.loader.WebappClassLoader clearReferencesThreads
SEVERE: The web application [/Ocean] appears to have started a thread named [oracle.jdbc.driver.BlockSource.ThreadedCachingBlockSource.BlockReleaser] but has failed to stop it. This is very likely to create a memory leak.
Nov 16, 2015 6:52:31 PM org.apache.coyote.http11.Http11Protocol destroy
INFO: Stopping Coyote HTTP/1.1 on http-16130
