Oct 28, 2015 1:59:56 PM org.apache.catalina.core.AprLifecycleListener init
INFO: The APR based Apache Tomcat Native library which allows optimal performance in production environments was not found on the java.library.path: /oracle/lib:/usr/java/packages/lib/amd64:/usr/lib/x86_64-linux-gnu/jni:/lib/x86_64-linux-gnu:/usr/lib/x86_64-linux-gnu:/usr/lib/jni:/lib:/usr/lib
Oct 28, 2015 1:59:56 PM org.apache.coyote.http11.Http11Protocol init
INFO: Initializing Coyote HTTP/1.1 on http-16130
Oct 28, 2015 1:59:56 PM org.apache.catalina.startup.Catalina load
INFO: Initialization processed in 1112 ms
Oct 28, 2015 1:59:56 PM org.apache.catalina.core.StandardService start
INFO: Starting service Catalina
Oct 28, 2015 1:59:56 PM org.apache.catalina.core.StandardEngine start
INFO: Starting Servlet Engine: Apache Tomcat/6.0.44
Oct 28, 2015 1:59:56 PM org.apache.catalina.startup.HostConfig deployDirectory
INFO: Deploying web application directory Ocean
Oct 28, 2015 1:59:57 PM org.apache.catalina.startup.HostConfig deployDirectory
INFO: Deploying web application directory ROOT
Oct 28, 2015 1:59:57 PM org.apache.catalina.startup.HostConfig deployDirectory
INFO: Deploying web application directory proj1
Oct 28, 2015 1:59:58 PM org.apache.coyote.http11.Http11Protocol start
INFO: Starting Coyote HTTP/1.1 on http-16130
Oct 28, 2015 1:59:58 PM org.apache.jk.common.ChannelSocket init
INFO: JK: ajp13 listening on /0.0.0.0:8009
Oct 28, 2015 1:59:58 PM org.apache.jk.server.JkMain start
INFO: Jk running ID=0 time=0/31  config=null
Oct 28, 2015 1:59:58 PM org.apache.catalina.startup.Catalina start
INFO: Server startup in 1594 ms
Oct 28, 2015 3:12:39 PM org.apache.coyote.http11.Http11Protocol pause
INFO: Pausing Coyote HTTP/1.1 on http-16130
Oct 28, 2015 3:12:40 PM org.apache.catalina.core.StandardService stop
INFO: Stopping service Catalina
Oct 28, 2015 3:12:40 PM org.apache.catalina.loader.WebappClassLoader clearReferencesJdbc
SEVERE: The web application [/Ocean] registered the JDBC driver [oracle.jdbc.OracleDriver] but failed to unregister it when the web application was stopped. To prevent a memory leak, the JDBC Driver has been forcibly unregistered.
Oct 28, 2015 3:12:40 PM org.apache.catalina.loader.WebappClassLoader clearReferencesThreads
SEVERE: The web application [/Ocean] appears to have started a thread named [oracle.jdbc.driver.BlockSource.ThreadedCachingBlockSource.BlockReleaser] but has failed to stop it. This is very likely to create a memory leak.
Oct 28, 2015 3:12:41 PM org.apache.coyote.http11.Http11Protocol destroy
INFO: Stopping Coyote HTTP/1.1 on http-16130
Oct 28, 2015 3:12:45 PM org.apache.catalina.core.AprLifecycleListener init
INFO: The APR based Apache Tomcat Native library which allows optimal performance in production environments was not found on the java.library.path: /oracle/lib:/usr/java/packages/lib/amd64:/usr/lib/x86_64-linux-gnu/jni:/lib/x86_64-linux-gnu:/usr/lib/x86_64-linux-gnu:/usr/lib/jni:/lib:/usr/lib
Oct 28, 2015 3:12:46 PM org.apache.coyote.http11.Http11Protocol init
INFO: Initializing Coyote HTTP/1.1 on http-16130
Oct 28, 2015 3:12:46 PM org.apache.catalina.startup.Catalina load
INFO: Initialization processed in 1562 ms
Oct 28, 2015 3:12:46 PM org.apache.catalina.core.StandardService start
INFO: Starting service Catalina
Oct 28, 2015 3:12:46 PM org.apache.catalina.core.StandardEngine start
INFO: Starting Servlet Engine: Apache Tomcat/6.0.44
Oct 28, 2015 3:12:46 PM org.apache.catalina.startup.HostConfig deployDirectory
INFO: Deploying web application directory Ocean
Oct 28, 2015 3:12:47 PM org.apache.catalina.startup.HostConfig deployDirectory
INFO: Deploying web application directory ROOT
Oct 28, 2015 3:12:47 PM org.apache.catalina.startup.HostConfig deployDirectory
INFO: Deploying web application directory proj1
Oct 28, 2015 3:12:47 PM org.apache.coyote.http11.Http11Protocol start
INFO: Starting Coyote HTTP/1.1 on http-16130
Oct 28, 2015 3:12:47 PM org.apache.jk.common.ChannelSocket init
INFO: JK: ajp13 listening on /0.0.0.0:8009
Oct 28, 2015 3:12:47 PM org.apache.jk.server.JkMain start
INFO: Jk running ID=0 time=0/34  config=null
Oct 28, 2015 3:12:47 PM org.apache.catalina.startup.Catalina start
INFO: Server startup in 1193 ms
Oct 28, 2015 4:27:50 PM org.apache.coyote.http11.Http11Protocol pause
INFO: Pausing Coyote HTTP/1.1 on http-16130
Oct 28, 2015 4:27:51 PM org.apache.catalina.core.StandardService stop
INFO: Stopping service Catalina
Oct 28, 2015 4:27:52 PM org.apache.catalina.loader.WebappClassLoader clearReferencesJdbc
SEVERE: The web application [/Ocean] registered the JDBC driver [oracle.jdbc.OracleDriver] but failed to unregister it when the web application was stopped. To prevent a memory leak, the JDBC Driver has been forcibly unregistered.
Oct 28, 2015 4:27:52 PM org.apache.catalina.loader.WebappClassLoader clearReferencesThreads
SEVERE: The web application [/Ocean] appears to have started a thread named [oracle.jdbc.driver.BlockSource.ThreadedCachingBlockSource.BlockReleaser] but has failed to stop it. This is very likely to create a memory leak.
Oct 28, 2015 4:27:52 PM org.apache.coyote.http11.Http11Protocol destroy
INFO: Stopping Coyote HTTP/1.1 on http-16130
