Nov 21, 2015 2:52:05 PM org.apache.catalina.core.AprLifecycleListener init
INFO: The APR based Apache Tomcat Native library which allows optimal performance in production environments was not found on the java.library.path: /oracle/lib:/usr/java/packages/lib/amd64:/usr/lib/x86_64-linux-gnu/jni:/lib/x86_64-linux-gnu:/usr/lib/x86_64-linux-gnu:/usr/lib/jni:/lib:/usr/lib
Nov 21, 2015 2:52:06 PM org.apache.coyote.http11.Http11Protocol init
INFO: Initializing Coyote HTTP/1.1 on http-16130
Nov 21, 2015 2:52:06 PM org.apache.catalina.startup.Catalina load
INFO: Initialization processed in 1325 ms
Nov 21, 2015 2:52:06 PM org.apache.catalina.core.StandardService start
INFO: Starting service Catalina
Nov 21, 2015 2:52:06 PM org.apache.catalina.core.StandardEngine start
INFO: Starting Servlet Engine: Apache Tomcat/6.0.44
Nov 21, 2015 2:52:06 PM org.apache.catalina.startup.HostConfig deployDirectory
INFO: Deploying web application directory Ocean
Nov 21, 2015 2:52:06 PM org.apache.catalina.startup.HostConfig deployDirectory
INFO: Deploying web application directory ROOT
Nov 21, 2015 2:52:07 PM org.apache.catalina.startup.HostConfig deployDirectory
INFO: Deploying web application directory proj1
Nov 21, 2015 2:52:07 PM org.apache.catalina.startup.HostConfig deployDirectory
INFO: Deploying web application directory Ocean1
Nov 21, 2015 2:52:07 PM org.apache.coyote.http11.Http11Protocol start
INFO: Starting Coyote HTTP/1.1 on http-16130
Nov 21, 2015 2:52:07 PM org.apache.jk.common.ChannelSocket init
INFO: JK: ajp13 listening on /0.0.0.0:8009
Nov 21, 2015 2:52:07 PM org.apache.jk.server.JkMain start
INFO: Jk running ID=0 time=0/19  config=null
Nov 21, 2015 2:52:07 PM org.apache.catalina.startup.Catalina start
INFO: Server startup in 1448 ms
Nov 21, 2015 3:09:04 PM org.apache.coyote.http11.Http11Protocol pause
INFO: Pausing Coyote HTTP/1.1 on http-16130
Nov 21, 2015 3:09:05 PM org.apache.catalina.core.StandardService stop
INFO: Stopping service Catalina
Nov 21, 2015 3:09:05 PM org.apache.catalina.loader.WebappClassLoader clearReferencesJdbc
SEVERE: The web application [/Ocean] registered the JDBC driver [oracle.jdbc.OracleDriver] but failed to unregister it when the web application was stopped. To prevent a memory leak, the JDBC Driver has been forcibly unregistered.
Nov 21, 2015 3:09:05 PM org.apache.catalina.loader.WebappClassLoader clearReferencesThreads
SEVERE: The web application [/Ocean] appears to have started a thread named [oracle.jdbc.driver.BlockSource.ThreadedCachingBlockSource.BlockReleaser] but has failed to stop it. This is very likely to create a memory leak.
Nov 21, 2015 3:09:05 PM org.apache.coyote.http11.Http11Protocol destroy
INFO: Stopping Coyote HTTP/1.1 on http-16130
Nov 21, 2015 3:09:07 PM org.apache.catalina.core.AprLifecycleListener init
INFO: The APR based Apache Tomcat Native library which allows optimal performance in production environments was not found on the java.library.path: /oracle/lib:/usr/java/packages/lib/amd64:/usr/lib/x86_64-linux-gnu/jni:/lib/x86_64-linux-gnu:/usr/lib/x86_64-linux-gnu:/usr/lib/jni:/lib:/usr/lib
Nov 21, 2015 3:09:07 PM org.apache.coyote.http11.Http11Protocol init
INFO: Initializing Coyote HTTP/1.1 on http-16130
Nov 21, 2015 3:09:07 PM org.apache.catalina.startup.Catalina load
INFO: Initialization processed in 317 ms
Nov 21, 2015 3:09:07 PM org.apache.catalina.core.StandardService start
INFO: Starting service Catalina
Nov 21, 2015 3:09:07 PM org.apache.catalina.core.StandardEngine start
INFO: Starting Servlet Engine: Apache Tomcat/6.0.44
Nov 21, 2015 3:09:07 PM org.apache.catalina.startup.HostConfig deployDirectory
INFO: Deploying web application directory Ocean
Nov 21, 2015 3:09:07 PM org.apache.catalina.startup.HostConfig deployDirectory
INFO: Deploying web application directory ROOT
Nov 21, 2015 3:09:08 PM org.apache.catalina.startup.HostConfig deployDirectory
INFO: Deploying web application directory proj1
Nov 21, 2015 3:09:08 PM org.apache.catalina.startup.HostConfig deployDirectory
INFO: Deploying web application directory Ocean1
Nov 21, 2015 3:09:08 PM org.apache.coyote.http11.Http11Protocol start
INFO: Starting Coyote HTTP/1.1 on http-16130
Nov 21, 2015 3:09:08 PM org.apache.jk.common.ChannelSocket init
INFO: JK: ajp13 listening on /0.0.0.0:8009
Nov 21, 2015 3:09:08 PM org.apache.jk.server.JkMain start
INFO: Jk running ID=0 time=0/10  config=null
Nov 21, 2015 3:09:08 PM org.apache.catalina.startup.Catalina start
INFO: Server startup in 434 ms
Nov 21, 2015 3:12:28 PM org.apache.coyote.http11.Http11Protocol pause
INFO: Pausing Coyote HTTP/1.1 on http-16130
Nov 21, 2015 3:12:29 PM org.apache.catalina.core.StandardService stop
INFO: Stopping service Catalina
Nov 21, 2015 3:12:29 PM org.apache.catalina.loader.WebappClassLoader clearReferencesJdbc
SEVERE: The web application [/Ocean] registered the JDBC driver [oracle.jdbc.OracleDriver] but failed to unregister it when the web application was stopped. To prevent a memory leak, the JDBC Driver has been forcibly unregistered.
Nov 21, 2015 3:12:29 PM org.apache.catalina.loader.WebappClassLoader clearReferencesThreads
SEVERE: The web application [/Ocean] appears to have started a thread named [oracle.jdbc.driver.BlockSource.ThreadedCachingBlockSource.BlockReleaser] but has failed to stop it. This is very likely to create a memory leak.
Nov 21, 2015 3:12:29 PM org.apache.coyote.http11.Http11Protocol destroy
INFO: Stopping Coyote HTTP/1.1 on http-16130
Nov 21, 2015 3:12:30 PM org.apache.catalina.core.AprLifecycleListener init
INFO: The APR based Apache Tomcat Native library which allows optimal performance in production environments was not found on the java.library.path: /oracle/lib:/usr/java/packages/lib/amd64:/usr/lib/x86_64-linux-gnu/jni:/lib/x86_64-linux-gnu:/usr/lib/x86_64-linux-gnu:/usr/lib/jni:/lib:/usr/lib
Nov 21, 2015 3:12:31 PM org.apache.coyote.http11.Http11Protocol init
INFO: Initializing Coyote HTTP/1.1 on http-16130
Nov 21, 2015 3:12:31 PM org.apache.catalina.startup.Catalina load
INFO: Initialization processed in 315 ms
Nov 21, 2015 3:12:31 PM org.apache.catalina.core.StandardService start
INFO: Starting service Catalina
Nov 21, 2015 3:12:31 PM org.apache.catalina.core.StandardEngine start
INFO: Starting Servlet Engine: Apache Tomcat/6.0.44
Nov 21, 2015 3:12:31 PM org.apache.catalina.startup.HostConfig deployDirectory
INFO: Deploying web application directory Ocean
Nov 21, 2015 3:12:31 PM org.apache.catalina.startup.HostConfig deployDirectory
INFO: Deploying web application directory ROOT
Nov 21, 2015 3:12:31 PM org.apache.catalina.startup.HostConfig deployDirectory
INFO: Deploying web application directory proj1
Nov 21, 2015 3:12:31 PM org.apache.catalina.startup.HostConfig deployDirectory
INFO: Deploying web application directory Ocean1
Nov 21, 2015 3:12:31 PM org.apache.coyote.http11.Http11Protocol start
INFO: Starting Coyote HTTP/1.1 on http-16130
Nov 21, 2015 3:12:31 PM org.apache.jk.common.ChannelSocket init
INFO: JK: ajp13 listening on /0.0.0.0:8009
Nov 21, 2015 3:12:31 PM org.apache.jk.server.JkMain start
INFO: Jk running ID=0 time=0/11  config=null
Nov 21, 2015 3:12:31 PM org.apache.catalina.startup.Catalina start
INFO: Server startup in 459 ms
Nov 21, 2015 4:20:16 PM org.apache.coyote.http11.Http11Protocol pause
INFO: Pausing Coyote HTTP/1.1 on http-16130
Nov 21, 2015 4:20:17 PM org.apache.catalina.core.StandardService stop
INFO: Stopping service Catalina
Nov 21, 2015 4:20:17 PM org.apache.catalina.loader.WebappClassLoader clearReferencesJdbc
SEVERE: The web application [/Ocean] registered the JDBC driver [oracle.jdbc.OracleDriver] but failed to unregister it when the web application was stopped. To prevent a memory leak, the JDBC Driver has been forcibly unregistered.
Nov 21, 2015 4:20:17 PM org.apache.catalina.loader.WebappClassLoader clearReferencesThreads
SEVERE: The web application [/Ocean] appears to have started a thread named [oracle.jdbc.driver.BlockSource.ThreadedCachingBlockSource.BlockReleaser] but has failed to stop it. This is very likely to create a memory leak.
Nov 21, 2015 4:20:17 PM org.apache.coyote.http11.Http11Protocol destroy
INFO: Stopping Coyote HTTP/1.1 on http-16130
Nov 21, 2015 4:20:19 PM org.apache.catalina.core.AprLifecycleListener init
INFO: The APR based Apache Tomcat Native library which allows optimal performance in production environments was not found on the java.library.path: /oracle/lib:/usr/java/packages/lib/amd64:/usr/lib/x86_64-linux-gnu/jni:/lib/x86_64-linux-gnu:/usr/lib/x86_64-linux-gnu:/usr/lib/jni:/lib:/usr/lib
Nov 21, 2015 4:20:19 PM org.apache.coyote.http11.Http11Protocol init
INFO: Initializing Coyote HTTP/1.1 on http-16130
Nov 21, 2015 4:20:19 PM org.apache.catalina.startup.Catalina load
INFO: Initialization processed in 367 ms
Nov 21, 2015 4:20:19 PM org.apache.catalina.core.StandardService start
INFO: Starting service Catalina
Nov 21, 2015 4:20:19 PM org.apache.catalina.core.StandardEngine start
INFO: Starting Servlet Engine: Apache Tomcat/6.0.44
Nov 21, 2015 4:20:19 PM org.apache.catalina.startup.HostConfig deployDirectory
INFO: Deploying web application directory Ocean
Nov 21, 2015 4:20:19 PM org.apache.catalina.startup.HostConfig deployDirectory
INFO: Deploying web application directory ROOT
Nov 21, 2015 4:20:19 PM org.apache.catalina.startup.HostConfig deployDirectory
INFO: Deploying web application directory proj1
Nov 21, 2015 4:20:19 PM org.apache.catalina.startup.HostConfig deployDirectory
INFO: Deploying web application directory Ocean1
Nov 21, 2015 4:20:19 PM org.apache.coyote.http11.Http11Protocol start
INFO: Starting Coyote HTTP/1.1 on http-16130
Nov 21, 2015 4:20:19 PM org.apache.jk.common.ChannelSocket init
INFO: JK: ajp13 listening on /0.0.0.0:8009
Nov 21, 2015 4:20:19 PM org.apache.jk.server.JkMain start
INFO: Jk running ID=0 time=0/10  config=null
Nov 21, 2015 4:20:19 PM org.apache.catalina.startup.Catalina start
INFO: Server startup in 497 ms
Nov 21, 2015 4:20:41 PM org.apache.coyote.http11.Http11Protocol pause
INFO: Pausing Coyote HTTP/1.1 on http-16130
Nov 21, 2015 4:20:42 PM org.apache.catalina.core.StandardService stop
INFO: Stopping service Catalina
Nov 21, 2015 4:20:42 PM org.apache.catalina.loader.WebappClassLoader clearReferencesJdbc
SEVERE: The web application [/Ocean] registered the JDBC driver [oracle.jdbc.OracleDriver] but failed to unregister it when the web application was stopped. To prevent a memory leak, the JDBC Driver has been forcibly unregistered.
Nov 21, 2015 4:20:42 PM org.apache.catalina.loader.WebappClassLoader clearReferencesThreads
SEVERE: The web application [/Ocean] appears to have started a thread named [oracle.jdbc.driver.BlockSource.ThreadedCachingBlockSource.BlockReleaser] but has failed to stop it. This is very likely to create a memory leak.
Nov 21, 2015 4:20:42 PM org.apache.coyote.http11.Http11Protocol destroy
INFO: Stopping Coyote HTTP/1.1 on http-16130
Nov 21, 2015 4:20:43 PM org.apache.catalina.core.AprLifecycleListener init
INFO: The APR based Apache Tomcat Native library which allows optimal performance in production environments was not found on the java.library.path: /oracle/lib:/usr/java/packages/lib/amd64:/usr/lib/x86_64-linux-gnu/jni:/lib/x86_64-linux-gnu:/usr/lib/x86_64-linux-gnu:/usr/lib/jni:/lib:/usr/lib
Nov 21, 2015 4:20:43 PM org.apache.coyote.http11.Http11Protocol init
INFO: Initializing Coyote HTTP/1.1 on http-16130
Nov 21, 2015 4:20:43 PM org.apache.catalina.startup.Catalina load
INFO: Initialization processed in 316 ms
Nov 21, 2015 4:20:43 PM org.apache.catalina.core.StandardService start
INFO: Starting service Catalina
Nov 21, 2015 4:20:43 PM org.apache.catalina.core.StandardEngine start
INFO: Starting Servlet Engine: Apache Tomcat/6.0.44
Nov 21, 2015 4:20:43 PM org.apache.catalina.startup.HostConfig deployDirectory
INFO: Deploying web application directory Ocean
Nov 21, 2015 4:20:44 PM org.apache.catalina.startup.HostConfig deployDirectory
INFO: Deploying web application directory ROOT
Nov 21, 2015 4:20:44 PM org.apache.catalina.startup.HostConfig deployDirectory
INFO: Deploying web application directory proj1
Nov 21, 2015 4:20:44 PM org.apache.catalina.startup.HostConfig deployDirectory
INFO: Deploying web application directory Ocean1
Nov 21, 2015 4:20:44 PM org.apache.coyote.http11.Http11Protocol start
INFO: Starting Coyote HTTP/1.1 on http-16130
Nov 21, 2015 4:20:44 PM org.apache.jk.common.ChannelSocket init
INFO: JK: ajp13 listening on /0.0.0.0:8009
Nov 21, 2015 4:20:44 PM org.apache.jk.server.JkMain start
INFO: Jk running ID=0 time=0/10  config=null
Nov 21, 2015 4:20:44 PM org.apache.catalina.startup.Catalina start
INFO: Server startup in 432 ms
Nov 21, 2015 4:25:29 PM org.apache.coyote.http11.Http11Protocol pause
INFO: Pausing Coyote HTTP/1.1 on http-16130
Nov 21, 2015 4:25:30 PM org.apache.catalina.core.StandardService stop
INFO: Stopping service Catalina
Nov 21, 2015 4:25:30 PM org.apache.catalina.loader.WebappClassLoader clearReferencesJdbc
SEVERE: The web application [/Ocean] registered the JDBC driver [oracle.jdbc.OracleDriver] but failed to unregister it when the web application was stopped. To prevent a memory leak, the JDBC Driver has been forcibly unregistered.
Nov 21, 2015 4:25:30 PM org.apache.catalina.loader.WebappClassLoader clearReferencesThreads
SEVERE: The web application [/Ocean] appears to have started a thread named [oracle.jdbc.driver.BlockSource.ThreadedCachingBlockSource.BlockReleaser] but has failed to stop it. This is very likely to create a memory leak.
Nov 21, 2015 4:25:31 PM org.apache.coyote.http11.Http11Protocol destroy
INFO: Stopping Coyote HTTP/1.1 on http-16130
Nov 21, 2015 4:25:32 PM org.apache.catalina.core.AprLifecycleListener init
INFO: The APR based Apache Tomcat Native library which allows optimal performance in production environments was not found on the java.library.path: /oracle/lib:/usr/java/packages/lib/amd64:/usr/lib/x86_64-linux-gnu/jni:/lib/x86_64-linux-gnu:/usr/lib/x86_64-linux-gnu:/usr/lib/jni:/lib:/usr/lib
Nov 21, 2015 4:25:32 PM org.apache.coyote.http11.Http11Protocol init
INFO: Initializing Coyote HTTP/1.1 on http-16130
Nov 21, 2015 4:25:32 PM org.apache.catalina.startup.Catalina load
INFO: Initialization processed in 319 ms
Nov 21, 2015 4:25:32 PM org.apache.catalina.core.StandardService start
INFO: Starting service Catalina
Nov 21, 2015 4:25:32 PM org.apache.catalina.core.StandardEngine start
INFO: Starting Servlet Engine: Apache Tomcat/6.0.44
Nov 21, 2015 4:25:32 PM org.apache.catalina.startup.HostConfig deployDirectory
INFO: Deploying web application directory Ocean
Nov 21, 2015 4:25:32 PM org.apache.catalina.startup.HostConfig deployDirectory
INFO: Deploying web application directory ROOT
Nov 21, 2015 4:25:33 PM org.apache.catalina.startup.HostConfig deployDirectory
INFO: Deploying web application directory proj1
Nov 21, 2015 4:25:33 PM org.apache.catalina.startup.HostConfig deployDirectory
INFO: Deploying web application directory Ocean1
Nov 21, 2015 4:25:33 PM org.apache.coyote.http11.Http11Protocol start
INFO: Starting Coyote HTTP/1.1 on http-16130
Nov 21, 2015 4:25:33 PM org.apache.jk.common.ChannelSocket init
INFO: JK: ajp13 listening on /0.0.0.0:8009
Nov 21, 2015 4:25:33 PM org.apache.jk.server.JkMain start
INFO: Jk running ID=0 time=0/10  config=null
Nov 21, 2015 4:25:33 PM org.apache.catalina.startup.Catalina start
INFO: Server startup in 441 ms
Nov 21, 2015 4:26:30 PM org.apache.coyote.http11.Http11Protocol pause
INFO: Pausing Coyote HTTP/1.1 on http-16130
Nov 21, 2015 4:26:31 PM org.apache.catalina.core.StandardService stop
INFO: Stopping service Catalina
Nov 21, 2015 4:26:31 PM org.apache.catalina.loader.WebappClassLoader clearReferencesJdbc
SEVERE: The web application [/Ocean] registered the JDBC driver [oracle.jdbc.OracleDriver] but failed to unregister it when the web application was stopped. To prevent a memory leak, the JDBC Driver has been forcibly unregistered.
Nov 21, 2015 4:26:31 PM org.apache.catalina.loader.WebappClassLoader clearReferencesThreads
SEVERE: The web application [/Ocean] appears to have started a thread named [oracle.jdbc.driver.BlockSource.ThreadedCachingBlockSource.BlockReleaser] but has failed to stop it. This is very likely to create a memory leak.
Nov 21, 2015 4:26:32 PM org.apache.coyote.http11.Http11Protocol destroy
INFO: Stopping Coyote HTTP/1.1 on http-16130
Nov 21, 2015 4:26:33 PM org.apache.catalina.core.AprLifecycleListener init
INFO: The APR based Apache Tomcat Native library which allows optimal performance in production environments was not found on the java.library.path: /oracle/lib:/usr/java/packages/lib/amd64:/usr/lib/x86_64-linux-gnu/jni:/lib/x86_64-linux-gnu:/usr/lib/x86_64-linux-gnu:/usr/lib/jni:/lib:/usr/lib
Nov 21, 2015 4:26:33 PM org.apache.coyote.http11.Http11Protocol init
INFO: Initializing Coyote HTTP/1.1 on http-16130
Nov 21, 2015 4:26:33 PM org.apache.catalina.startup.Catalina load
INFO: Initialization processed in 318 ms
Nov 21, 2015 4:26:33 PM org.apache.catalina.core.StandardService start
INFO: Starting service Catalina
Nov 21, 2015 4:26:33 PM org.apache.catalina.core.StandardEngine start
INFO: Starting Servlet Engine: Apache Tomcat/6.0.44
Nov 21, 2015 4:26:33 PM org.apache.catalina.startup.HostConfig deployDirectory
INFO: Deploying web application directory Ocean
Nov 21, 2015 4:26:33 PM org.apache.catalina.startup.HostConfig deployDirectory
INFO: Deploying web application directory ROOT
Nov 21, 2015 4:26:33 PM org.apache.catalina.startup.HostConfig deployDirectory
INFO: Deploying web application directory proj1
Nov 21, 2015 4:26:33 PM org.apache.catalina.startup.HostConfig deployDirectory
INFO: Deploying web application directory Ocean1
Nov 21, 2015 4:26:33 PM org.apache.coyote.http11.Http11Protocol start
INFO: Starting Coyote HTTP/1.1 on http-16130
Nov 21, 2015 4:26:33 PM org.apache.jk.common.ChannelSocket init
INFO: JK: ajp13 listening on /0.0.0.0:8009
Nov 21, 2015 4:26:33 PM org.apache.jk.server.JkMain start
INFO: Jk running ID=0 time=0/10  config=null
Nov 21, 2015 4:26:33 PM org.apache.catalina.startup.Catalina start
INFO: Server startup in 433 ms
Nov 21, 2015 4:32:43 PM org.apache.coyote.http11.Http11Protocol pause
INFO: Pausing Coyote HTTP/1.1 on http-16130
Nov 21, 2015 4:32:44 PM org.apache.catalina.core.StandardService stop
INFO: Stopping service Catalina
Nov 21, 2015 4:32:44 PM org.apache.catalina.loader.WebappClassLoader clearReferencesJdbc
SEVERE: The web application [/Ocean] registered the JDBC driver [oracle.jdbc.OracleDriver] but failed to unregister it when the web application was stopped. To prevent a memory leak, the JDBC Driver has been forcibly unregistered.
Nov 21, 2015 4:32:44 PM org.apache.catalina.loader.WebappClassLoader clearReferencesThreads
SEVERE: The web application [/Ocean] appears to have started a thread named [oracle.jdbc.driver.BlockSource.ThreadedCachingBlockSource.BlockReleaser] but has failed to stop it. This is very likely to create a memory leak.
Nov 21, 2015 4:32:44 PM org.apache.coyote.http11.Http11Protocol destroy
INFO: Stopping Coyote HTTP/1.1 on http-16130
Nov 21, 2015 4:32:46 PM org.apache.catalina.core.AprLifecycleListener init
INFO: The APR based Apache Tomcat Native library which allows optimal performance in production environments was not found on the java.library.path: /oracle/lib:/usr/java/packages/lib/amd64:/usr/lib/x86_64-linux-gnu/jni:/lib/x86_64-linux-gnu:/usr/lib/x86_64-linux-gnu:/usr/lib/jni:/lib:/usr/lib
Nov 21, 2015 4:32:46 PM org.apache.coyote.http11.Http11Protocol init
INFO: Initializing Coyote HTTP/1.1 on http-16130
Nov 21, 2015 4:32:46 PM org.apache.catalina.startup.Catalina load
INFO: Initialization processed in 312 ms
Nov 21, 2015 4:32:46 PM org.apache.catalina.core.StandardService start
INFO: Starting service Catalina
Nov 21, 2015 4:32:46 PM org.apache.catalina.core.StandardEngine start
INFO: Starting Servlet Engine: Apache Tomcat/6.0.44
Nov 21, 2015 4:32:46 PM org.apache.catalina.startup.HostConfig deployDirectory
INFO: Deploying web application directory Ocean
Nov 21, 2015 4:32:46 PM org.apache.catalina.startup.HostConfig deployDirectory
INFO: Deploying web application directory ROOT
Nov 21, 2015 4:32:47 PM org.apache.catalina.startup.HostConfig deployDirectory
INFO: Deploying web application directory proj1
Nov 21, 2015 4:32:47 PM org.apache.catalina.startup.HostConfig deployDirectory
INFO: Deploying web application directory Ocean1
Nov 21, 2015 4:32:47 PM org.apache.coyote.http11.Http11Protocol start
INFO: Starting Coyote HTTP/1.1 on http-16130
Nov 21, 2015 4:32:47 PM org.apache.jk.common.ChannelSocket init
INFO: JK: ajp13 listening on /0.0.0.0:8009
Nov 21, 2015 4:32:47 PM org.apache.jk.server.JkMain start
INFO: Jk running ID=0 time=0/11  config=null
Nov 21, 2015 4:32:47 PM org.apache.catalina.startup.Catalina start
INFO: Server startup in 432 ms
Nov 21, 2015 4:36:51 PM org.apache.coyote.http11.Http11Protocol pause
INFO: Pausing Coyote HTTP/1.1 on http-16130
Nov 21, 2015 4:36:52 PM org.apache.catalina.core.StandardService stop
INFO: Stopping service Catalina
Nov 21, 2015 4:36:52 PM org.apache.catalina.loader.WebappClassLoader clearReferencesJdbc
SEVERE: The web application [/Ocean] registered the JDBC driver [oracle.jdbc.OracleDriver] but failed to unregister it when the web application was stopped. To prevent a memory leak, the JDBC Driver has been forcibly unregistered.
Nov 21, 2015 4:36:52 PM org.apache.catalina.loader.WebappClassLoader clearReferencesThreads
SEVERE: The web application [/Ocean] appears to have started a thread named [oracle.jdbc.driver.BlockSource.ThreadedCachingBlockSource.BlockReleaser] but has failed to stop it. This is very likely to create a memory leak.
Nov 21, 2015 4:36:52 PM org.apache.coyote.http11.Http11Protocol destroy
INFO: Stopping Coyote HTTP/1.1 on http-16130
Nov 21, 2015 4:36:54 PM org.apache.catalina.core.AprLifecycleListener init
INFO: The APR based Apache Tomcat Native library which allows optimal performance in production environments was not found on the java.library.path: /oracle/lib:/usr/java/packages/lib/amd64:/usr/lib/x86_64-linux-gnu/jni:/lib/x86_64-linux-gnu:/usr/lib/x86_64-linux-gnu:/usr/lib/jni:/lib:/usr/lib
Nov 21, 2015 4:36:54 PM org.apache.coyote.http11.Http11Protocol init
INFO: Initializing Coyote HTTP/1.1 on http-16130
Nov 21, 2015 4:36:54 PM org.apache.catalina.startup.Catalina load
INFO: Initialization processed in 314 ms
Nov 21, 2015 4:36:54 PM org.apache.catalina.core.StandardService start
INFO: Starting service Catalina
Nov 21, 2015 4:36:54 PM org.apache.catalina.core.StandardEngine start
INFO: Starting Servlet Engine: Apache Tomcat/6.0.44
Nov 21, 2015 4:36:54 PM org.apache.catalina.startup.HostConfig deployDirectory
INFO: Deploying web application directory Ocean
Nov 21, 2015 4:36:54 PM org.apache.catalina.startup.HostConfig deployDirectory
INFO: Deploying web application directory ROOT
Nov 21, 2015 4:36:54 PM org.apache.catalina.startup.HostConfig deployDirectory
INFO: Deploying web application directory proj1
Nov 21, 2015 4:36:54 PM org.apache.catalina.startup.HostConfig deployDirectory
INFO: Deploying web application directory Ocean1
Nov 21, 2015 4:36:54 PM org.apache.coyote.http11.Http11Protocol start
INFO: Starting Coyote HTTP/1.1 on http-16130
Nov 21, 2015 4:36:54 PM org.apache.jk.common.ChannelSocket init
INFO: JK: ajp13 listening on /0.0.0.0:8009
Nov 21, 2015 4:36:54 PM org.apache.jk.server.JkMain start
INFO: Jk running ID=0 time=0/9  config=null
Nov 21, 2015 4:36:54 PM org.apache.catalina.startup.Catalina start
INFO: Server startup in 440 ms
Nov 21, 2015 4:39:27 PM org.apache.coyote.http11.Http11Protocol pause
INFO: Pausing Coyote HTTP/1.1 on http-16130
Nov 21, 2015 4:39:28 PM org.apache.catalina.core.StandardService stop
INFO: Stopping service Catalina
Nov 21, 2015 4:39:28 PM org.apache.catalina.loader.WebappClassLoader clearReferencesJdbc
SEVERE: The web application [/Ocean] registered the JDBC driver [oracle.jdbc.OracleDriver] but failed to unregister it when the web application was stopped. To prevent a memory leak, the JDBC Driver has been forcibly unregistered.
Nov 21, 2015 4:39:28 PM org.apache.catalina.loader.WebappClassLoader clearReferencesThreads
SEVERE: The web application [/Ocean] appears to have started a thread named [oracle.jdbc.driver.BlockSource.ThreadedCachingBlockSource.BlockReleaser] but has failed to stop it. This is very likely to create a memory leak.
Nov 21, 2015 4:39:28 PM org.apache.coyote.http11.Http11Protocol destroy
INFO: Stopping Coyote HTTP/1.1 on http-16130
Nov 21, 2015 4:39:30 PM org.apache.catalina.core.AprLifecycleListener init
INFO: The APR based Apache Tomcat Native library which allows optimal performance in production environments was not found on the java.library.path: /oracle/lib:/usr/java/packages/lib/amd64:/usr/lib/x86_64-linux-gnu/jni:/lib/x86_64-linux-gnu:/usr/lib/x86_64-linux-gnu:/usr/lib/jni:/lib:/usr/lib
Nov 21, 2015 4:39:30 PM org.apache.coyote.http11.Http11Protocol init
INFO: Initializing Coyote HTTP/1.1 on http-16130
Nov 21, 2015 4:39:30 PM org.apache.catalina.startup.Catalina load
INFO: Initialization processed in 316 ms
Nov 21, 2015 4:39:30 PM org.apache.catalina.core.StandardService start
INFO: Starting service Catalina
Nov 21, 2015 4:39:30 PM org.apache.catalina.core.StandardEngine start
INFO: Starting Servlet Engine: Apache Tomcat/6.0.44
Nov 21, 2015 4:39:30 PM org.apache.catalina.startup.HostConfig deployDirectory
INFO: Deploying web application directory Ocean
Nov 21, 2015 4:39:30 PM org.apache.catalina.startup.HostConfig deployDirectory
INFO: Deploying web application directory ROOT
Nov 21, 2015 4:39:30 PM org.apache.catalina.startup.HostConfig deployDirectory
INFO: Deploying web application directory proj1
Nov 21, 2015 4:39:30 PM org.apache.catalina.startup.HostConfig deployDirectory
INFO: Deploying web application directory Ocean1
Nov 21, 2015 4:39:30 PM org.apache.coyote.http11.Http11Protocol start
INFO: Starting Coyote HTTP/1.1 on http-16130
Nov 21, 2015 4:39:30 PM org.apache.jk.common.ChannelSocket init
INFO: JK: ajp13 listening on /0.0.0.0:8009
Nov 21, 2015 4:39:30 PM org.apache.jk.server.JkMain start
INFO: Jk running ID=0 time=0/11  config=null
Nov 21, 2015 4:39:30 PM org.apache.catalina.startup.Catalina start
INFO: Server startup in 445 ms
Nov 21, 2015 4:40:15 PM org.apache.coyote.http11.Http11Protocol pause
INFO: Pausing Coyote HTTP/1.1 on http-16130
Nov 21, 2015 4:40:16 PM org.apache.catalina.core.StandardService stop
INFO: Stopping service Catalina
Nov 21, 2015 4:40:16 PM org.apache.catalina.loader.WebappClassLoader clearReferencesJdbc
SEVERE: The web application [/Ocean] registered the JDBC driver [oracle.jdbc.OracleDriver] but failed to unregister it when the web application was stopped. To prevent a memory leak, the JDBC Driver has been forcibly unregistered.
Nov 21, 2015 4:40:16 PM org.apache.catalina.loader.WebappClassLoader clearReferencesThreads
SEVERE: The web application [/Ocean] appears to have started a thread named [oracle.jdbc.driver.BlockSource.ThreadedCachingBlockSource.BlockReleaser] but has failed to stop it. This is very likely to create a memory leak.
Nov 21, 2015 4:40:16 PM org.apache.coyote.http11.Http11Protocol destroy
INFO: Stopping Coyote HTTP/1.1 on http-16130
Nov 21, 2015 4:40:18 PM org.apache.catalina.core.AprLifecycleListener init
INFO: The APR based Apache Tomcat Native library which allows optimal performance in production environments was not found on the java.library.path: /oracle/lib:/usr/java/packages/lib/amd64:/usr/lib/x86_64-linux-gnu/jni:/lib/x86_64-linux-gnu:/usr/lib/x86_64-linux-gnu:/usr/lib/jni:/lib:/usr/lib
Nov 21, 2015 4:40:18 PM org.apache.coyote.http11.Http11Protocol init
INFO: Initializing Coyote HTTP/1.1 on http-16130
Nov 21, 2015 4:40:18 PM org.apache.catalina.startup.Catalina load
INFO: Initialization processed in 320 ms
Nov 21, 2015 4:40:18 PM org.apache.catalina.core.StandardService start
INFO: Starting service Catalina
Nov 21, 2015 4:40:18 PM org.apache.catalina.core.StandardEngine start
INFO: Starting Servlet Engine: Apache Tomcat/6.0.44
Nov 21, 2015 4:40:18 PM org.apache.catalina.startup.HostConfig deployDirectory
INFO: Deploying web application directory Ocean
Nov 21, 2015 4:40:18 PM org.apache.catalina.startup.HostConfig deployDirectory
INFO: Deploying web application directory ROOT
Nov 21, 2015 4:40:18 PM org.apache.catalina.startup.HostConfig deployDirectory
INFO: Deploying web application directory proj1
Nov 21, 2015 4:40:18 PM org.apache.catalina.startup.HostConfig deployDirectory
INFO: Deploying web application directory Ocean1
Nov 21, 2015 4:40:18 PM org.apache.coyote.http11.Http11Protocol start
INFO: Starting Coyote HTTP/1.1 on http-16130
Nov 21, 2015 4:40:18 PM org.apache.jk.common.ChannelSocket init
INFO: JK: ajp13 listening on /0.0.0.0:8009
Nov 21, 2015 4:40:18 PM org.apache.jk.server.JkMain start
INFO: Jk running ID=0 time=0/10  config=null
Nov 21, 2015 4:40:18 PM org.apache.catalina.startup.Catalina start
INFO: Server startup in 430 ms
Nov 21, 2015 4:41:01 PM org.apache.coyote.http11.Http11Protocol pause
INFO: Pausing Coyote HTTP/1.1 on http-16130
Nov 21, 2015 4:41:02 PM org.apache.catalina.core.StandardService stop
INFO: Stopping service Catalina
Nov 21, 2015 4:41:02 PM org.apache.catalina.loader.WebappClassLoader clearReferencesJdbc
SEVERE: The web application [/Ocean] registered the JDBC driver [oracle.jdbc.OracleDriver] but failed to unregister it when the web application was stopped. To prevent a memory leak, the JDBC Driver has been forcibly unregistered.
Nov 21, 2015 4:41:02 PM org.apache.catalina.loader.WebappClassLoader clearReferencesThreads
SEVERE: The web application [/Ocean] appears to have started a thread named [oracle.jdbc.driver.BlockSource.ThreadedCachingBlockSource.BlockReleaser] but has failed to stop it. This is very likely to create a memory leak.
Nov 21, 2015 4:41:02 PM org.apache.coyote.http11.Http11Protocol destroy
INFO: Stopping Coyote HTTP/1.1 on http-16130
Nov 21, 2015 4:41:03 PM org.apache.catalina.core.AprLifecycleListener init
INFO: The APR based Apache Tomcat Native library which allows optimal performance in production environments was not found on the java.library.path: /oracle/lib:/usr/java/packages/lib/amd64:/usr/lib/x86_64-linux-gnu/jni:/lib/x86_64-linux-gnu:/usr/lib/x86_64-linux-gnu:/usr/lib/jni:/lib:/usr/lib
Nov 21, 2015 4:41:03 PM org.apache.coyote.http11.Http11Protocol init
INFO: Initializing Coyote HTTP/1.1 on http-16130
Nov 21, 2015 4:41:03 PM org.apache.catalina.startup.Catalina load
INFO: Initialization processed in 320 ms
Nov 21, 2015 4:41:03 PM org.apache.catalina.core.StandardService start
INFO: Starting service Catalina
Nov 21, 2015 4:41:03 PM org.apache.catalina.core.StandardEngine start
INFO: Starting Servlet Engine: Apache Tomcat/6.0.44
Nov 21, 2015 4:41:03 PM org.apache.catalina.startup.HostConfig deployDirectory
INFO: Deploying web application directory Ocean
Nov 21, 2015 4:41:04 PM org.apache.catalina.startup.HostConfig deployDirectory
INFO: Deploying web application directory ROOT
Nov 21, 2015 4:41:04 PM org.apache.catalina.startup.HostConfig deployDirectory
INFO: Deploying web application directory proj1
Nov 21, 2015 4:41:04 PM org.apache.catalina.startup.HostConfig deployDirectory
INFO: Deploying web application directory Ocean1
Nov 21, 2015 4:41:04 PM org.apache.coyote.http11.Http11Protocol start
INFO: Starting Coyote HTTP/1.1 on http-16130
Nov 21, 2015 4:41:04 PM org.apache.jk.common.ChannelSocket init
INFO: JK: ajp13 listening on /0.0.0.0:8009
Nov 21, 2015 4:41:04 PM org.apache.jk.server.JkMain start
INFO: Jk running ID=0 time=0/9  config=null
Nov 21, 2015 4:41:04 PM org.apache.catalina.startup.Catalina start
INFO: Server startup in 452 ms
Nov 21, 2015 4:47:03 PM org.apache.coyote.http11.Http11Protocol pause
INFO: Pausing Coyote HTTP/1.1 on http-16130
Nov 21, 2015 4:47:04 PM org.apache.catalina.core.StandardService stop
INFO: Stopping service Catalina
Nov 21, 2015 4:47:04 PM org.apache.catalina.loader.WebappClassLoader clearReferencesJdbc
SEVERE: The web application [/Ocean] registered the JDBC driver [oracle.jdbc.OracleDriver] but failed to unregister it when the web application was stopped. To prevent a memory leak, the JDBC Driver has been forcibly unregistered.
Nov 21, 2015 4:47:04 PM org.apache.catalina.loader.WebappClassLoader clearReferencesThreads
SEVERE: The web application [/Ocean] appears to have started a thread named [oracle.jdbc.driver.BlockSource.ThreadedCachingBlockSource.BlockReleaser] but has failed to stop it. This is very likely to create a memory leak.
Nov 21, 2015 4:47:04 PM org.apache.coyote.http11.Http11Protocol destroy
INFO: Stopping Coyote HTTP/1.1 on http-16130
Nov 21, 2015 4:47:05 PM org.apache.catalina.core.AprLifecycleListener init
INFO: The APR based Apache Tomcat Native library which allows optimal performance in production environments was not found on the java.library.path: /oracle/lib:/usr/java/packages/lib/amd64:/usr/lib/x86_64-linux-gnu/jni:/lib/x86_64-linux-gnu:/usr/lib/x86_64-linux-gnu:/usr/lib/jni:/lib:/usr/lib
Nov 21, 2015 4:47:05 PM org.apache.coyote.http11.Http11Protocol init
INFO: Initializing Coyote HTTP/1.1 on http-16130
Nov 21, 2015 4:47:05 PM org.apache.catalina.startup.Catalina load
INFO: Initialization processed in 316 ms
Nov 21, 2015 4:47:05 PM org.apache.catalina.core.StandardService start
INFO: Starting service Catalina
Nov 21, 2015 4:47:05 PM org.apache.catalina.core.StandardEngine start
INFO: Starting Servlet Engine: Apache Tomcat/6.0.44
Nov 21, 2015 4:47:05 PM org.apache.catalina.startup.HostConfig deployDirectory
INFO: Deploying web application directory Ocean
Nov 21, 2015 4:47:05 PM org.apache.catalina.startup.HostConfig deployDirectory
INFO: Deploying web application directory ROOT
Nov 21, 2015 4:47:05 PM org.apache.catalina.startup.HostConfig deployDirectory
INFO: Deploying web application directory proj1
Nov 21, 2015 4:47:06 PM org.apache.catalina.startup.HostConfig deployDirectory
INFO: Deploying web application directory Ocean1
Nov 21, 2015 4:47:06 PM org.apache.coyote.http11.Http11Protocol start
INFO: Starting Coyote HTTP/1.1 on http-16130
Nov 21, 2015 4:47:06 PM org.apache.jk.common.ChannelSocket init
INFO: JK: ajp13 listening on /0.0.0.0:8009
Nov 21, 2015 4:47:06 PM org.apache.jk.server.JkMain start
INFO: Jk running ID=0 time=0/11  config=null
Nov 21, 2015 4:47:06 PM org.apache.catalina.startup.Catalina start
INFO: Server startup in 474 ms
Nov 21, 2015 4:47:43 PM org.apache.coyote.http11.Http11Protocol pause
INFO: Pausing Coyote HTTP/1.1 on http-16130
Nov 21, 2015 4:47:44 PM org.apache.catalina.core.StandardService stop
INFO: Stopping service Catalina
Nov 21, 2015 4:47:44 PM org.apache.catalina.loader.WebappClassLoader clearReferencesJdbc
SEVERE: The web application [/Ocean] registered the JDBC driver [oracle.jdbc.OracleDriver] but failed to unregister it when the web application was stopped. To prevent a memory leak, the JDBC Driver has been forcibly unregistered.
Nov 21, 2015 4:47:44 PM org.apache.catalina.loader.WebappClassLoader clearReferencesThreads
SEVERE: The web application [/Ocean] appears to have started a thread named [oracle.jdbc.driver.BlockSource.ThreadedCachingBlockSource.BlockReleaser] but has failed to stop it. This is very likely to create a memory leak.
Nov 21, 2015 4:47:44 PM org.apache.coyote.http11.Http11Protocol destroy
INFO: Stopping Coyote HTTP/1.1 on http-16130
Nov 21, 2015 4:47:45 PM org.apache.catalina.core.AprLifecycleListener init
INFO: The APR based Apache Tomcat Native library which allows optimal performance in production environments was not found on the java.library.path: /oracle/lib:/usr/java/packages/lib/amd64:/usr/lib/x86_64-linux-gnu/jni:/lib/x86_64-linux-gnu:/usr/lib/x86_64-linux-gnu:/usr/lib/jni:/lib:/usr/lib
Nov 21, 2015 4:47:45 PM org.apache.coyote.http11.Http11Protocol init
INFO: Initializing Coyote HTTP/1.1 on http-16130
Nov 21, 2015 4:47:45 PM org.apache.catalina.startup.Catalina load
INFO: Initialization processed in 313 ms
Nov 21, 2015 4:47:45 PM org.apache.catalina.core.StandardService start
INFO: Starting service Catalina
Nov 21, 2015 4:47:45 PM org.apache.catalina.core.StandardEngine start
INFO: Starting Servlet Engine: Apache Tomcat/6.0.44
Nov 21, 2015 4:47:45 PM org.apache.catalina.startup.HostConfig deployDirectory
INFO: Deploying web application directory Ocean
Nov 21, 2015 4:47:45 PM org.apache.catalina.startup.HostConfig deployDirectory
INFO: Deploying web application directory ROOT
Nov 21, 2015 4:47:45 PM org.apache.catalina.startup.HostConfig deployDirectory
INFO: Deploying web application directory proj1
Nov 21, 2015 4:47:46 PM org.apache.catalina.startup.HostConfig deployDirectory
INFO: Deploying web application directory Ocean1
Nov 21, 2015 4:47:46 PM org.apache.coyote.http11.Http11Protocol start
INFO: Starting Coyote HTTP/1.1 on http-16130
Nov 21, 2015 4:47:46 PM org.apache.jk.common.ChannelSocket init
INFO: JK: ajp13 listening on /0.0.0.0:8009
Nov 21, 2015 4:47:46 PM org.apache.jk.server.JkMain start
INFO: Jk running ID=0 time=0/10  config=null
Nov 21, 2015 4:47:46 PM org.apache.catalina.startup.Catalina start
INFO: Server startup in 433 ms
Nov 21, 2015 6:49:55 PM org.apache.coyote.http11.Http11Protocol pause
INFO: Pausing Coyote HTTP/1.1 on http-16130
Nov 21, 2015 6:49:56 PM org.apache.catalina.core.StandardService stop
INFO: Stopping service Catalina
Nov 21, 2015 6:49:56 PM org.apache.catalina.loader.WebappClassLoader clearReferencesJdbc
SEVERE: The web application [/Ocean] registered the JDBC driver [oracle.jdbc.OracleDriver] but failed to unregister it when the web application was stopped. To prevent a memory leak, the JDBC Driver has been forcibly unregistered.
Nov 21, 2015 6:49:56 PM org.apache.catalina.loader.WebappClassLoader clearReferencesThreads
SEVERE: The web application [/Ocean] appears to have started a thread named [oracle.jdbc.driver.BlockSource.ThreadedCachingBlockSource.BlockReleaser] but has failed to stop it. This is very likely to create a memory leak.
Nov 21, 2015 6:49:56 PM org.apache.coyote.http11.Http11Protocol destroy
INFO: Stopping Coyote HTTP/1.1 on http-16130
