Oct 26, 2015 2:31:13 PM org.apache.catalina.core.AprLifecycleListener init
INFO: The APR based Apache Tomcat Native library which allows optimal performance in production environments was not found on the java.library.path: /oracle/lib:/usr/java/packages/lib/amd64:/usr/lib/x86_64-linux-gnu/jni:/lib/x86_64-linux-gnu:/usr/lib/x86_64-linux-gnu:/usr/lib/jni:/lib:/usr/lib
Oct 26, 2015 2:31:14 PM org.apache.coyote.http11.Http11Protocol init
INFO: Initializing Coyote HTTP/1.1 on http-16130
Oct 26, 2015 2:31:14 PM org.apache.catalina.startup.Catalina load
INFO: Initialization processed in 1148 ms
Oct 26, 2015 2:31:14 PM org.apache.catalina.core.StandardService start
INFO: Starting service Catalina
Oct 26, 2015 2:31:14 PM org.apache.catalina.core.StandardEngine start
INFO: Starting Servlet Engine: Apache Tomcat/6.0.44
Oct 26, 2015 2:31:14 PM org.apache.catalina.startup.HostConfig deployDirectory
INFO: Deploying web application directory Ocean
Oct 26, 2015 2:31:15 PM org.apache.catalina.startup.HostConfig deployDirectory
INFO: Deploying web application directory ROOT
Oct 26, 2015 2:31:15 PM org.apache.catalina.startup.HostConfig deployDirectory
INFO: Deploying web application directory proj1
Oct 26, 2015 2:31:15 PM org.apache.coyote.http11.Http11Protocol start
INFO: Starting Coyote HTTP/1.1 on http-16130
Oct 26, 2015 2:31:15 PM org.apache.jk.common.ChannelSocket init
INFO: JK: ajp13 listening on /0.0.0.0:8009
Oct 26, 2015 2:31:15 PM org.apache.jk.server.JkMain start
INFO: Jk running ID=0 time=0/26  config=null
Oct 26, 2015 2:31:15 PM org.apache.catalina.startup.Catalina start
INFO: Server startup in 1393 ms
Oct 26, 2015 3:00:00 PM org.apache.coyote.http11.Http11Protocol pause
INFO: Pausing Coyote HTTP/1.1 on http-16130
Oct 26, 2015 3:00:01 PM org.apache.catalina.core.StandardService stop
INFO: Stopping service Catalina
Oct 26, 2015 3:00:02 PM org.apache.catalina.loader.WebappClassLoader clearReferencesJdbc
SEVERE: The web application [/proj1] registered the JDBC driver [oracle.jdbc.OracleDriver] but failed to unregister it when the web application was stopped. To prevent a memory leak, the JDBC Driver has been forcibly unregistered.
Oct 26, 2015 3:00:02 PM org.apache.catalina.loader.WebappClassLoader clearReferencesThreads
SEVERE: The web application [/proj1] appears to have started a thread named [oracle.jdbc.driver.BlockSource.ThreadedCachingBlockSource.BlockReleaser] but has failed to stop it. This is very likely to create a memory leak.
Oct 26, 2015 3:00:02 PM org.apache.coyote.http11.Http11Protocol destroy
INFO: Stopping Coyote HTTP/1.1 on http-16130
Oct 26, 2015 3:00:05 PM org.apache.catalina.core.AprLifecycleListener init
INFO: The APR based Apache Tomcat Native library which allows optimal performance in production environments was not found on the java.library.path: /oracle/lib:/usr/java/packages/lib/amd64:/usr/lib/x86_64-linux-gnu/jni:/lib/x86_64-linux-gnu:/usr/lib/x86_64-linux-gnu:/usr/lib/jni:/lib:/usr/lib
Oct 26, 2015 3:00:05 PM org.apache.coyote.http11.Http11Protocol init
INFO: Initializing Coyote HTTP/1.1 on http-16130
Oct 26, 2015 3:00:05 PM org.apache.catalina.startup.Catalina load
INFO: Initialization processed in 407 ms
Oct 26, 2015 3:00:05 PM org.apache.catalina.core.StandardService start
INFO: Starting service Catalina
Oct 26, 2015 3:00:05 PM org.apache.catalina.core.StandardEngine start
INFO: Starting Servlet Engine: Apache Tomcat/6.0.44
Oct 26, 2015 3:00:05 PM org.apache.catalina.startup.HostConfig deployDirectory
INFO: Deploying web application directory Ocean
Oct 26, 2015 3:00:05 PM org.apache.catalina.startup.HostConfig deployDirectory
INFO: Deploying web application directory ROOT
Oct 26, 2015 3:00:05 PM org.apache.catalina.startup.HostConfig deployDirectory
INFO: Deploying web application directory proj1
Oct 26, 2015 3:00:05 PM org.apache.coyote.http11.Http11Protocol start
INFO: Starting Coyote HTTP/1.1 on http-16130
Oct 26, 2015 3:00:05 PM org.apache.jk.common.ChannelSocket init
INFO: JK: ajp13 listening on /0.0.0.0:8009
Oct 26, 2015 3:00:05 PM org.apache.jk.server.JkMain start
INFO: Jk running ID=0 time=0/10  config=null
Oct 26, 2015 3:00:05 PM org.apache.catalina.startup.Catalina start
INFO: Server startup in 523 ms
Oct 26, 2015 3:03:06 PM org.apache.coyote.http11.Http11Protocol pause
INFO: Pausing Coyote HTTP/1.1 on http-16130
Oct 26, 2015 3:03:07 PM org.apache.catalina.core.StandardService stop
INFO: Stopping service Catalina
Oct 26, 2015 3:03:07 PM org.apache.coyote.http11.Http11Protocol destroy
INFO: Stopping Coyote HTTP/1.1 on http-16130
Oct 26, 2015 3:03:09 PM org.apache.catalina.core.AprLifecycleListener init
INFO: The APR based Apache Tomcat Native library which allows optimal performance in production environments was not found on the java.library.path: /oracle/lib:/usr/java/packages/lib/amd64:/usr/lib/x86_64-linux-gnu/jni:/lib/x86_64-linux-gnu:/usr/lib/x86_64-linux-gnu:/usr/lib/jni:/lib:/usr/lib
Oct 26, 2015 3:03:09 PM org.apache.coyote.http11.Http11Protocol init
INFO: Initializing Coyote HTTP/1.1 on http-16130
Oct 26, 2015 3:03:09 PM org.apache.catalina.startup.Catalina load
INFO: Initialization processed in 325 ms
Oct 26, 2015 3:03:09 PM org.apache.catalina.core.StandardService start
INFO: Starting service Catalina
Oct 26, 2015 3:03:09 PM org.apache.catalina.core.StandardEngine start
INFO: Starting Servlet Engine: Apache Tomcat/6.0.44
Oct 26, 2015 3:03:09 PM org.apache.catalina.startup.HostConfig deployDirectory
INFO: Deploying web application directory Ocean
Oct 26, 2015 3:03:10 PM org.apache.catalina.startup.HostConfig deployDirectory
INFO: Deploying web application directory ROOT
Oct 26, 2015 3:03:10 PM org.apache.catalina.startup.HostConfig deployDirectory
INFO: Deploying web application directory proj1
Oct 26, 2015 3:03:10 PM org.apache.coyote.http11.Http11Protocol start
INFO: Starting Coyote HTTP/1.1 on http-16130
Oct 26, 2015 3:03:10 PM org.apache.jk.common.ChannelSocket init
INFO: JK: ajp13 listening on /0.0.0.0:8009
Oct 26, 2015 3:03:10 PM org.apache.jk.server.JkMain start
INFO: Jk running ID=0 time=0/10  config=null
Oct 26, 2015 3:03:10 PM org.apache.catalina.startup.Catalina start
INFO: Server startup in 373 ms
Oct 26, 2015 3:15:46 PM org.apache.coyote.http11.Http11Protocol pause
INFO: Pausing Coyote HTTP/1.1 on http-16130
Oct 26, 2015 3:15:47 PM org.apache.catalina.core.StandardService stop
INFO: Stopping service Catalina
Oct 26, 2015 3:15:47 PM org.apache.coyote.http11.Http11Protocol destroy
INFO: Stopping Coyote HTTP/1.1 on http-16130
Oct 26, 2015 3:15:49 PM org.apache.catalina.core.AprLifecycleListener init
INFO: The APR based Apache Tomcat Native library which allows optimal performance in production environments was not found on the java.library.path: /oracle/lib:/usr/java/packages/lib/amd64:/usr/lib/x86_64-linux-gnu/jni:/lib/x86_64-linux-gnu:/usr/lib/x86_64-linux-gnu:/usr/lib/jni:/lib:/usr/lib
Oct 26, 2015 3:15:49 PM org.apache.coyote.http11.Http11Protocol init
INFO: Initializing Coyote HTTP/1.1 on http-16130
Oct 26, 2015 3:15:49 PM org.apache.catalina.startup.Catalina load
INFO: Initialization processed in 323 ms
Oct 26, 2015 3:15:49 PM org.apache.catalina.core.StandardService start
INFO: Starting service Catalina
Oct 26, 2015 3:15:49 PM org.apache.catalina.core.StandardEngine start
INFO: Starting Servlet Engine: Apache Tomcat/6.0.44
Oct 26, 2015 3:15:49 PM org.apache.catalina.startup.HostConfig deployDirectory
INFO: Deploying web application directory Ocean
Oct 26, 2015 3:15:49 PM org.apache.catalina.startup.HostConfig deployDirectory
INFO: Deploying web application directory ROOT
Oct 26, 2015 3:15:49 PM org.apache.catalina.startup.HostConfig deployDirectory
INFO: Deploying web application directory proj1
Oct 26, 2015 3:15:49 PM org.apache.coyote.http11.Http11Protocol start
INFO: Starting Coyote HTTP/1.1 on http-16130
Oct 26, 2015 3:15:49 PM org.apache.jk.common.ChannelSocket init
INFO: JK: ajp13 listening on /0.0.0.0:8009
Oct 26, 2015 3:15:49 PM org.apache.jk.server.JkMain start
INFO: Jk running ID=0 time=0/10  config=null
Oct 26, 2015 3:15:49 PM org.apache.catalina.startup.Catalina start
INFO: Server startup in 369 ms
Oct 26, 2015 3:23:10 PM org.apache.coyote.http11.Http11Protocol pause
INFO: Pausing Coyote HTTP/1.1 on http-16130
Oct 26, 2015 3:23:11 PM org.apache.catalina.core.StandardService stop
INFO: Stopping service Catalina
Oct 26, 2015 3:23:11 PM org.apache.coyote.http11.Http11Protocol destroy
INFO: Stopping Coyote HTTP/1.1 on http-16130
Oct 26, 2015 3:23:13 PM org.apache.catalina.core.AprLifecycleListener init
INFO: The APR based Apache Tomcat Native library which allows optimal performance in production environments was not found on the java.library.path: /oracle/lib:/usr/java/packages/lib/amd64:/usr/lib/x86_64-linux-gnu/jni:/lib/x86_64-linux-gnu:/usr/lib/x86_64-linux-gnu:/usr/lib/jni:/lib:/usr/lib
Oct 26, 2015 3:23:13 PM org.apache.coyote.http11.Http11Protocol init
INFO: Initializing Coyote HTTP/1.1 on http-16130
Oct 26, 2015 3:23:13 PM org.apache.catalina.startup.Catalina load
INFO: Initialization processed in 330 ms
Oct 26, 2015 3:23:13 PM org.apache.catalina.core.StandardService start
INFO: Starting service Catalina
Oct 26, 2015 3:23:13 PM org.apache.catalina.core.StandardEngine start
INFO: Starting Servlet Engine: Apache Tomcat/6.0.44
Oct 26, 2015 3:23:13 PM org.apache.catalina.startup.HostConfig deployDirectory
INFO: Deploying web application directory Ocean
Oct 26, 2015 3:23:13 PM org.apache.catalina.startup.HostConfig deployDirectory
INFO: Deploying web application directory ROOT
Oct 26, 2015 3:23:13 PM org.apache.catalina.startup.HostConfig deployDirectory
INFO: Deploying web application directory proj1
Oct 26, 2015 3:23:13 PM org.apache.coyote.http11.Http11Protocol start
INFO: Starting Coyote HTTP/1.1 on http-16130
Oct 26, 2015 3:23:13 PM org.apache.jk.common.ChannelSocket init
INFO: JK: ajp13 listening on /0.0.0.0:8009
Oct 26, 2015 3:23:13 PM org.apache.jk.server.JkMain start
INFO: Jk running ID=0 time=0/11  config=null
Oct 26, 2015 3:23:13 PM org.apache.catalina.startup.Catalina start
INFO: Server startup in 379 ms
Oct 26, 2015 5:33:55 PM org.apache.coyote.http11.Http11Protocol pause
INFO: Pausing Coyote HTTP/1.1 on http-16130
Oct 26, 2015 5:33:56 PM org.apache.catalina.core.StandardService stop
INFO: Stopping service Catalina
Oct 26, 2015 5:33:56 PM org.apache.catalina.loader.WebappClassLoader clearReferencesJdbc
SEVERE: The web application [/Ocean] registered the JDBC driver [oracle.jdbc.OracleDriver] but failed to unregister it when the web application was stopped. To prevent a memory leak, the JDBC Driver has been forcibly unregistered.
Oct 26, 2015 5:33:56 PM org.apache.catalina.loader.WebappClassLoader clearReferencesThreads
SEVERE: The web application [/Ocean] appears to have started a thread named [oracle.jdbc.driver.BlockSource.ThreadedCachingBlockSource.BlockReleaser] but has failed to stop it. This is very likely to create a memory leak.
Oct 26, 2015 5:33:56 PM org.apache.catalina.loader.WebappClassLoader clearReferencesJdbc
SEVERE: The web application [/proj1] registered the JDBC driver [oracle.jdbc.OracleDriver] but failed to unregister it when the web application was stopped. To prevent a memory leak, the JDBC Driver has been forcibly unregistered.
Oct 26, 2015 5:33:56 PM org.apache.catalina.loader.WebappClassLoader clearReferencesThreads
SEVERE: The web application [/proj1] appears to have started a thread named [oracle.jdbc.driver.BlockSource.ThreadedCachingBlockSource.BlockReleaser] but has failed to stop it. This is very likely to create a memory leak.
Oct 26, 2015 5:33:56 PM org.apache.coyote.http11.Http11Protocol destroy
INFO: Stopping Coyote HTTP/1.1 on http-16130
