Nov 23, 2015 10:11:44 AM org.apache.catalina.core.AprLifecycleListener init
INFO: The APR based Apache Tomcat Native library which allows optimal performance in production environments was not found on the java.library.path: /oracle/lib:/usr/java/packages/lib/amd64:/usr/lib/x86_64-linux-gnu/jni:/lib/x86_64-linux-gnu:/usr/lib/x86_64-linux-gnu:/usr/lib/jni:/lib:/usr/lib
Nov 23, 2015 10:11:44 AM org.apache.coyote.http11.Http11Protocol init
INFO: Initializing Coyote HTTP/1.1 on http-16130
Nov 23, 2015 10:11:44 AM org.apache.catalina.startup.Catalina load
INFO: Initialization processed in 1162 ms
Nov 23, 2015 10:11:45 AM org.apache.catalina.core.StandardService start
INFO: Starting service Catalina
Nov 23, 2015 10:11:45 AM org.apache.catalina.core.StandardEngine start
INFO: Starting Servlet Engine: Apache Tomcat/6.0.44
Nov 23, 2015 10:11:45 AM org.apache.catalina.startup.HostConfig deployDirectory
INFO: Deploying web application directory Ocean
Nov 23, 2015 10:11:45 AM org.apache.catalina.startup.HostConfig deployDirectory
INFO: Deploying web application directory ROOT
Nov 23, 2015 10:11:45 AM org.apache.catalina.startup.HostConfig deployDirectory
INFO: Deploying web application directory proj1
Nov 23, 2015 10:11:46 AM org.apache.catalina.startup.HostConfig deployDirectory
INFO: Deploying web application directory Ocean1
Nov 23, 2015 10:11:46 AM org.apache.coyote.http11.Http11Protocol start
INFO: Starting Coyote HTTP/1.1 on http-16130
Nov 23, 2015 10:11:46 AM org.apache.jk.common.ChannelSocket init
INFO: JK: ajp13 listening on /0.0.0.0:8009
Nov 23, 2015 10:11:46 AM org.apache.jk.server.JkMain start
INFO: Jk running ID=0 time=0/23  config=null
Nov 23, 2015 10:11:46 AM org.apache.catalina.startup.Catalina start
INFO: Server startup in 1375 ms
Nov 23, 2015 10:21:37 AM org.apache.coyote.http11.Http11Protocol pause
INFO: Pausing Coyote HTTP/1.1 on http-16130
Nov 23, 2015 10:21:38 AM org.apache.catalina.core.StandardService stop
INFO: Stopping service Catalina
Nov 23, 2015 10:21:38 AM org.apache.catalina.loader.WebappClassLoader clearReferencesJdbc
SEVERE: The web application [/Ocean] registered the JDBC driver [oracle.jdbc.OracleDriver] but failed to unregister it when the web application was stopped. To prevent a memory leak, the JDBC Driver has been forcibly unregistered.
Nov 23, 2015 10:21:38 AM org.apache.catalina.loader.WebappClassLoader clearReferencesThreads
SEVERE: The web application [/Ocean] appears to have started a thread named [oracle.jdbc.driver.BlockSource.ThreadedCachingBlockSource.BlockReleaser] but has failed to stop it. This is very likely to create a memory leak.
Nov 23, 2015 10:21:39 AM org.apache.coyote.http11.Http11Protocol destroy
INFO: Stopping Coyote HTTP/1.1 on http-16130
Nov 23, 2015 10:21:40 AM org.apache.catalina.core.AprLifecycleListener init
INFO: The APR based Apache Tomcat Native library which allows optimal performance in production environments was not found on the java.library.path: /oracle/lib:/usr/java/packages/lib/amd64:/usr/lib/x86_64-linux-gnu/jni:/lib/x86_64-linux-gnu:/usr/lib/x86_64-linux-gnu:/usr/lib/jni:/lib:/usr/lib
Nov 23, 2015 10:21:40 AM org.apache.coyote.http11.Http11Protocol init
INFO: Initializing Coyote HTTP/1.1 on http-16130
Nov 23, 2015 10:21:40 AM org.apache.catalina.startup.Catalina load
INFO: Initialization processed in 438 ms
Nov 23, 2015 10:21:40 AM org.apache.catalina.core.StandardService start
INFO: Starting service Catalina
Nov 23, 2015 10:21:40 AM org.apache.catalina.core.StandardEngine start
INFO: Starting Servlet Engine: Apache Tomcat/6.0.44
Nov 23, 2015 10:21:40 AM org.apache.catalina.startup.HostConfig deployDirectory
INFO: Deploying web application directory Ocean
Nov 23, 2015 10:21:41 AM org.apache.catalina.startup.HostConfig deployDirectory
INFO: Deploying web application directory ROOT
Nov 23, 2015 10:21:41 AM org.apache.catalina.startup.HostConfig deployDirectory
INFO: Deploying web application directory proj1
Nov 23, 2015 10:21:41 AM org.apache.catalina.startup.HostConfig deployDirectory
INFO: Deploying web application directory Ocean1
Nov 23, 2015 10:21:41 AM org.apache.coyote.http11.Http11Protocol start
INFO: Starting Coyote HTTP/1.1 on http-16130
Nov 23, 2015 10:21:41 AM org.apache.jk.common.ChannelSocket init
INFO: JK: ajp13 listening on /0.0.0.0:8009
Nov 23, 2015 10:21:41 AM org.apache.jk.server.JkMain start
INFO: Jk running ID=0 time=0/10  config=null
Nov 23, 2015 10:21:41 AM org.apache.catalina.startup.Catalina start
INFO: Server startup in 559 ms
Nov 23, 2015 10:41:36 AM org.apache.coyote.http11.Http11Protocol pause
INFO: Pausing Coyote HTTP/1.1 on http-16130
Nov 23, 2015 10:41:37 AM org.apache.catalina.core.StandardService stop
INFO: Stopping service Catalina
Nov 23, 2015 10:41:37 AM org.apache.catalina.loader.WebappClassLoader clearReferencesJdbc
SEVERE: The web application [/Ocean] registered the JDBC driver [oracle.jdbc.OracleDriver] but failed to unregister it when the web application was stopped. To prevent a memory leak, the JDBC Driver has been forcibly unregistered.
Nov 23, 2015 10:41:37 AM org.apache.catalina.loader.WebappClassLoader clearReferencesThreads
SEVERE: The web application [/Ocean] appears to have started a thread named [oracle.jdbc.driver.BlockSource.ThreadedCachingBlockSource.BlockReleaser] but has failed to stop it. This is very likely to create a memory leak.
Nov 23, 2015 10:41:37 AM org.apache.coyote.http11.Http11Protocol destroy
INFO: Stopping Coyote HTTP/1.1 on http-16130
Nov 23, 2015 10:41:39 AM org.apache.catalina.core.AprLifecycleListener init
INFO: The APR based Apache Tomcat Native library which allows optimal performance in production environments was not found on the java.library.path: /oracle/lib:/usr/java/packages/lib/amd64:/usr/lib/x86_64-linux-gnu/jni:/lib/x86_64-linux-gnu:/usr/lib/x86_64-linux-gnu:/usr/lib/jni:/lib:/usr/lib
Nov 23, 2015 10:41:39 AM org.apache.coyote.http11.Http11Protocol init
INFO: Initializing Coyote HTTP/1.1 on http-16130
Nov 23, 2015 10:41:39 AM org.apache.catalina.startup.Catalina load
INFO: Initialization processed in 447 ms
Nov 23, 2015 10:41:39 AM org.apache.catalina.core.StandardService start
INFO: Starting service Catalina
Nov 23, 2015 10:41:39 AM org.apache.catalina.core.StandardEngine start
INFO: Starting Servlet Engine: Apache Tomcat/6.0.44
Nov 23, 2015 10:41:39 AM org.apache.catalina.startup.HostConfig deployDirectory
INFO: Deploying web application directory Ocean
Nov 23, 2015 10:41:39 AM org.apache.catalina.startup.HostConfig deployDirectory
INFO: Deploying web application directory ROOT
Nov 23, 2015 10:41:39 AM org.apache.catalina.startup.HostConfig deployDirectory
INFO: Deploying web application directory proj1
Nov 23, 2015 10:41:39 AM org.apache.catalina.startup.HostConfig deployDirectory
INFO: Deploying web application directory Ocean1
Nov 23, 2015 10:41:39 AM org.apache.coyote.http11.Http11Protocol start
INFO: Starting Coyote HTTP/1.1 on http-16130
Nov 23, 2015 10:41:40 AM org.apache.jk.common.ChannelSocket init
INFO: JK: ajp13 listening on /0.0.0.0:8009
Nov 23, 2015 10:41:40 AM org.apache.jk.server.JkMain start
INFO: Jk running ID=0 time=0/10  config=null
Nov 23, 2015 10:41:40 AM org.apache.catalina.startup.Catalina start
INFO: Server startup in 562 ms
Nov 23, 2015 10:47:43 AM org.apache.coyote.http11.Http11Protocol pause
INFO: Pausing Coyote HTTP/1.1 on http-16130
Nov 23, 2015 10:47:44 AM org.apache.catalina.core.StandardService stop
INFO: Stopping service Catalina
Nov 23, 2015 10:47:44 AM org.apache.catalina.loader.WebappClassLoader clearReferencesJdbc
SEVERE: The web application [/Ocean] registered the JDBC driver [oracle.jdbc.OracleDriver] but failed to unregister it when the web application was stopped. To prevent a memory leak, the JDBC Driver has been forcibly unregistered.
Nov 23, 2015 10:47:44 AM org.apache.catalina.loader.WebappClassLoader clearReferencesThreads
SEVERE: The web application [/Ocean] appears to have started a thread named [oracle.jdbc.driver.BlockSource.ThreadedCachingBlockSource.BlockReleaser] but has failed to stop it. This is very likely to create a memory leak.
Nov 23, 2015 10:47:45 AM org.apache.coyote.http11.Http11Protocol destroy
INFO: Stopping Coyote HTTP/1.1 on http-16130
Nov 23, 2015 10:47:46 AM org.apache.catalina.core.AprLifecycleListener init
INFO: The APR based Apache Tomcat Native library which allows optimal performance in production environments was not found on the java.library.path: /oracle/lib:/usr/java/packages/lib/amd64:/usr/lib/x86_64-linux-gnu/jni:/lib/x86_64-linux-gnu:/usr/lib/x86_64-linux-gnu:/usr/lib/jni:/lib:/usr/lib
Nov 23, 2015 10:47:46 AM org.apache.coyote.http11.Http11Protocol init
INFO: Initializing Coyote HTTP/1.1 on http-16130
Nov 23, 2015 10:47:46 AM org.apache.catalina.startup.Catalina load
INFO: Initialization processed in 335 ms
Nov 23, 2015 10:47:46 AM org.apache.catalina.core.StandardService start
INFO: Starting service Catalina
Nov 23, 2015 10:47:46 AM org.apache.catalina.core.StandardEngine start
INFO: Starting Servlet Engine: Apache Tomcat/6.0.44
Nov 23, 2015 10:47:46 AM org.apache.catalina.startup.HostConfig deployDirectory
INFO: Deploying web application directory Ocean
Nov 23, 2015 10:47:46 AM org.apache.catalina.startup.HostConfig deployDirectory
INFO: Deploying web application directory ROOT
Nov 23, 2015 10:47:46 AM org.apache.catalina.startup.HostConfig deployDirectory
INFO: Deploying web application directory proj1
Nov 23, 2015 10:47:46 AM org.apache.catalina.startup.HostConfig deployDirectory
INFO: Deploying web application directory Ocean1
Nov 23, 2015 10:47:46 AM org.apache.coyote.http11.Http11Protocol start
INFO: Starting Coyote HTTP/1.1 on http-16130
Nov 23, 2015 10:47:46 AM org.apache.jk.common.ChannelSocket init
INFO: JK: ajp13 listening on /0.0.0.0:8009
Nov 23, 2015 10:47:46 AM org.apache.jk.server.JkMain start
INFO: Jk running ID=0 time=0/10  config=null
Nov 23, 2015 10:47:46 AM org.apache.catalina.startup.Catalina start
INFO: Server startup in 507 ms
Nov 23, 2015 10:50:47 AM org.apache.coyote.http11.Http11Protocol pause
INFO: Pausing Coyote HTTP/1.1 on http-16130
Nov 23, 2015 10:50:48 AM org.apache.catalina.core.StandardService stop
INFO: Stopping service Catalina
Nov 23, 2015 10:50:48 AM org.apache.coyote.http11.Http11Protocol destroy
INFO: Stopping Coyote HTTP/1.1 on http-16130
Nov 23, 2015 3:14:12 PM org.apache.catalina.core.AprLifecycleListener init
INFO: The APR based Apache Tomcat Native library which allows optimal performance in production environments was not found on the java.library.path: /oracle/lib:/usr/java/packages/lib/amd64:/usr/lib/x86_64-linux-gnu/jni:/lib/x86_64-linux-gnu:/usr/lib/x86_64-linux-gnu:/usr/lib/jni:/lib:/usr/lib
Nov 23, 2015 3:14:13 PM org.apache.coyote.http11.Http11Protocol init
INFO: Initializing Coyote HTTP/1.1 on http-16130
Nov 23, 2015 3:14:13 PM org.apache.catalina.startup.Catalina load
INFO: Initialization processed in 1214 ms
Nov 23, 2015 3:14:13 PM org.apache.catalina.core.StandardService start
INFO: Starting service Catalina
Nov 23, 2015 3:14:13 PM org.apache.catalina.core.StandardEngine start
INFO: Starting Servlet Engine: Apache Tomcat/6.0.44
Nov 23, 2015 3:14:13 PM org.apache.catalina.startup.HostConfig deployDirectory
INFO: Deploying web application directory Ocean
Nov 23, 2015 3:14:14 PM org.apache.catalina.startup.HostConfig deployDirectory
INFO: Deploying web application directory ROOT
Nov 23, 2015 3:14:14 PM org.apache.catalina.startup.HostConfig deployDirectory
INFO: Deploying web application directory proj1
Nov 23, 2015 3:14:14 PM org.apache.catalina.startup.HostConfig deployDirectory
INFO: Deploying web application directory Ocean1
Nov 23, 2015 3:14:15 PM org.apache.coyote.http11.Http11Protocol start
INFO: Starting Coyote HTTP/1.1 on http-16130
Nov 23, 2015 3:14:15 PM org.apache.jk.common.ChannelSocket init
INFO: JK: ajp13 listening on /0.0.0.0:8009
Nov 23, 2015 3:14:15 PM org.apache.jk.server.JkMain start
INFO: Jk running ID=0 time=1/23  config=null
Nov 23, 2015 3:14:15 PM org.apache.catalina.startup.Catalina start
INFO: Server startup in 1848 ms
Nov 23, 2015 3:20:28 PM org.apache.coyote.http11.Http11Protocol pause
INFO: Pausing Coyote HTTP/1.1 on http-16130
Nov 23, 2015 3:20:29 PM org.apache.catalina.core.StandardService stop
INFO: Stopping service Catalina
Nov 23, 2015 3:20:29 PM org.apache.coyote.http11.Http11Protocol destroy
INFO: Stopping Coyote HTTP/1.1 on http-16130
Nov 23, 2015 3:20:31 PM org.apache.catalina.core.AprLifecycleListener init
INFO: The APR based Apache Tomcat Native library which allows optimal performance in production environments was not found on the java.library.path: /oracle/lib:/usr/java/packages/lib/amd64:/usr/lib/x86_64-linux-gnu/jni:/lib/x86_64-linux-gnu:/usr/lib/x86_64-linux-gnu:/usr/lib/jni:/lib:/usr/lib
Nov 23, 2015 3:20:31 PM org.apache.coyote.http11.Http11Protocol init
INFO: Initializing Coyote HTTP/1.1 on http-16130
Nov 23, 2015 3:20:31 PM org.apache.catalina.startup.Catalina load
INFO: Initialization processed in 501 ms
Nov 23, 2015 3:20:31 PM org.apache.catalina.core.StandardService start
INFO: Starting service Catalina
Nov 23, 2015 3:20:31 PM org.apache.catalina.core.StandardEngine start
INFO: Starting Servlet Engine: Apache Tomcat/6.0.44
Nov 23, 2015 3:20:31 PM org.apache.catalina.startup.HostConfig deployDirectory
INFO: Deploying web application directory Ocean
Nov 23, 2015 3:20:32 PM org.apache.catalina.startup.HostConfig deployDirectory
INFO: Deploying web application directory ROOT
Nov 23, 2015 3:20:32 PM org.apache.catalina.startup.HostConfig deployDirectory
INFO: Deploying web application directory proj1
Nov 23, 2015 3:20:32 PM org.apache.catalina.startup.HostConfig deployDirectory
INFO: Deploying web application directory Ocean1
Nov 23, 2015 3:20:32 PM org.apache.coyote.http11.Http11Protocol start
INFO: Starting Coyote HTTP/1.1 on http-16130
Nov 23, 2015 3:20:32 PM org.apache.jk.common.ChannelSocket init
INFO: JK: ajp13 listening on /0.0.0.0:8009
Nov 23, 2015 3:20:32 PM org.apache.jk.server.JkMain start
INFO: Jk running ID=0 time=0/13  config=null
Nov 23, 2015 3:20:32 PM org.apache.catalina.startup.Catalina start
INFO: Server startup in 652 ms
Nov 23, 2015 3:23:49 PM org.apache.coyote.http11.Http11Protocol pause
INFO: Pausing Coyote HTTP/1.1 on http-16130
Nov 23, 2015 3:23:50 PM org.apache.catalina.core.StandardService stop
INFO: Stopping service Catalina
Nov 23, 2015 3:23:50 PM org.apache.catalina.loader.WebappClassLoader clearReferencesJdbc
SEVERE: The web application [/Ocean] registered the JDBC driver [oracle.jdbc.OracleDriver] but failed to unregister it when the web application was stopped. To prevent a memory leak, the JDBC Driver has been forcibly unregistered.
Nov 23, 2015 3:23:50 PM org.apache.catalina.loader.WebappClassLoader clearReferencesThreads
SEVERE: The web application [/Ocean] appears to have started a thread named [oracle.jdbc.driver.BlockSource.ThreadedCachingBlockSource.BlockReleaser] but has failed to stop it. This is very likely to create a memory leak.
Nov 23, 2015 3:23:50 PM org.apache.coyote.http11.Http11Protocol destroy
INFO: Stopping Coyote HTTP/1.1 on http-16130
Nov 23, 2015 3:23:52 PM org.apache.catalina.core.AprLifecycleListener init
INFO: The APR based Apache Tomcat Native library which allows optimal performance in production environments was not found on the java.library.path: /oracle/lib:/usr/java/packages/lib/amd64:/usr/lib/x86_64-linux-gnu/jni:/lib/x86_64-linux-gnu:/usr/lib/x86_64-linux-gnu:/usr/lib/jni:/lib:/usr/lib
Nov 23, 2015 3:23:52 PM org.apache.coyote.http11.Http11Protocol init
INFO: Initializing Coyote HTTP/1.1 on http-16130
Nov 23, 2015 3:23:52 PM org.apache.catalina.startup.Catalina load
INFO: Initialization processed in 506 ms
Nov 23, 2015 3:23:52 PM org.apache.catalina.core.StandardService start
INFO: Starting service Catalina
Nov 23, 2015 3:23:52 PM org.apache.catalina.core.StandardEngine start
INFO: Starting Servlet Engine: Apache Tomcat/6.0.44
Nov 23, 2015 3:23:52 PM org.apache.catalina.startup.HostConfig deployDirectory
INFO: Deploying web application directory Ocean
Nov 23, 2015 3:23:52 PM org.apache.catalina.startup.HostConfig deployDirectory
INFO: Deploying web application directory ROOT
Nov 23, 2015 3:23:53 PM org.apache.catalina.startup.HostConfig deployDirectory
INFO: Deploying web application directory proj1
Nov 23, 2015 3:23:53 PM org.apache.catalina.startup.HostConfig deployDirectory
INFO: Deploying web application directory Ocean1
Nov 23, 2015 3:23:53 PM org.apache.coyote.http11.Http11Protocol start
INFO: Starting Coyote HTTP/1.1 on http-16130
Nov 23, 2015 3:23:53 PM org.apache.jk.common.ChannelSocket init
INFO: JK: ajp13 listening on /0.0.0.0:8009
Nov 23, 2015 3:23:53 PM org.apache.jk.server.JkMain start
INFO: Jk running ID=0 time=0/30  config=null
Nov 23, 2015 3:23:53 PM org.apache.catalina.startup.Catalina start
INFO: Server startup in 763 ms
Nov 23, 2015 3:26:10 PM org.apache.coyote.http11.Http11Protocol pause
INFO: Pausing Coyote HTTP/1.1 on http-16130
Nov 23, 2015 3:26:11 PM org.apache.catalina.core.StandardService stop
INFO: Stopping service Catalina
Nov 23, 2015 3:26:11 PM org.apache.catalina.loader.WebappClassLoader clearReferencesJdbc
SEVERE: The web application [/Ocean] registered the JDBC driver [oracle.jdbc.OracleDriver] but failed to unregister it when the web application was stopped. To prevent a memory leak, the JDBC Driver has been forcibly unregistered.
Nov 23, 2015 3:26:11 PM org.apache.catalina.loader.WebappClassLoader clearReferencesThreads
SEVERE: The web application [/Ocean] appears to have started a thread named [oracle.jdbc.driver.BlockSource.ThreadedCachingBlockSource.BlockReleaser] but has failed to stop it. This is very likely to create a memory leak.
Nov 23, 2015 3:26:11 PM org.apache.coyote.http11.Http11Protocol destroy
INFO: Stopping Coyote HTTP/1.1 on http-16130
Nov 23, 2015 3:26:12 PM org.apache.catalina.core.AprLifecycleListener init
INFO: The APR based Apache Tomcat Native library which allows optimal performance in production environments was not found on the java.library.path: /oracle/lib:/usr/java/packages/lib/amd64:/usr/lib/x86_64-linux-gnu/jni:/lib/x86_64-linux-gnu:/usr/lib/x86_64-linux-gnu:/usr/lib/jni:/lib:/usr/lib
Nov 23, 2015 3:26:13 PM org.apache.coyote.http11.Http11Protocol init
INFO: Initializing Coyote HTTP/1.1 on http-16130
Nov 23, 2015 3:26:13 PM org.apache.catalina.startup.Catalina load
INFO: Initialization processed in 493 ms
Nov 23, 2015 3:26:13 PM org.apache.catalina.core.StandardService start
INFO: Starting service Catalina
Nov 23, 2015 3:26:13 PM org.apache.catalina.core.StandardEngine start
INFO: Starting Servlet Engine: Apache Tomcat/6.0.44
Nov 23, 2015 3:26:13 PM org.apache.catalina.startup.HostConfig deployDirectory
INFO: Deploying web application directory Ocean
Nov 23, 2015 3:26:13 PM org.apache.catalina.startup.HostConfig deployDirectory
INFO: Deploying web application directory ROOT
Nov 23, 2015 3:26:13 PM org.apache.catalina.startup.HostConfig deployDirectory
INFO: Deploying web application directory proj1
Nov 23, 2015 3:26:13 PM org.apache.catalina.startup.HostConfig deployDirectory
INFO: Deploying web application directory Ocean1
Nov 23, 2015 3:26:13 PM org.apache.coyote.http11.Http11Protocol start
INFO: Starting Coyote HTTP/1.1 on http-16130
Nov 23, 2015 3:26:13 PM org.apache.jk.common.ChannelSocket init
INFO: JK: ajp13 listening on /0.0.0.0:8009
Nov 23, 2015 3:26:13 PM org.apache.jk.server.JkMain start
INFO: Jk running ID=0 time=0/14  config=null
Nov 23, 2015 3:26:13 PM org.apache.catalina.startup.Catalina start
INFO: Server startup in 693 ms
Nov 23, 2015 3:27:04 PM org.apache.coyote.http11.Http11Protocol pause
INFO: Pausing Coyote HTTP/1.1 on http-16130
Nov 23, 2015 3:27:05 PM org.apache.catalina.core.StandardService stop
INFO: Stopping service Catalina
Nov 23, 2015 3:27:05 PM org.apache.catalina.loader.WebappClassLoader clearReferencesJdbc
SEVERE: The web application [/Ocean] registered the JDBC driver [oracle.jdbc.OracleDriver] but failed to unregister it when the web application was stopped. To prevent a memory leak, the JDBC Driver has been forcibly unregistered.
Nov 23, 2015 3:27:05 PM org.apache.catalina.loader.WebappClassLoader clearReferencesThreads
SEVERE: The web application [/Ocean] appears to have started a thread named [oracle.jdbc.driver.BlockSource.ThreadedCachingBlockSource.BlockReleaser] but has failed to stop it. This is very likely to create a memory leak.
Nov 23, 2015 3:27:05 PM org.apache.coyote.http11.Http11Protocol destroy
INFO: Stopping Coyote HTTP/1.1 on http-16130
Nov 23, 2015 3:27:06 PM org.apache.catalina.core.AprLifecycleListener init
INFO: The APR based Apache Tomcat Native library which allows optimal performance in production environments was not found on the java.library.path: /oracle/lib:/usr/java/packages/lib/amd64:/usr/lib/x86_64-linux-gnu/jni:/lib/x86_64-linux-gnu:/usr/lib/x86_64-linux-gnu:/usr/lib/jni:/lib:/usr/lib
Nov 23, 2015 3:27:06 PM org.apache.coyote.http11.Http11Protocol init
INFO: Initializing Coyote HTTP/1.1 on http-16130
Nov 23, 2015 3:27:06 PM org.apache.catalina.startup.Catalina load
INFO: Initialization processed in 508 ms
Nov 23, 2015 3:27:06 PM org.apache.catalina.core.StandardService start
INFO: Starting service Catalina
Nov 23, 2015 3:27:06 PM org.apache.catalina.core.StandardEngine start
INFO: Starting Servlet Engine: Apache Tomcat/6.0.44
Nov 23, 2015 3:27:06 PM org.apache.catalina.startup.HostConfig deployDirectory
INFO: Deploying web application directory Ocean
Nov 23, 2015 3:27:06 PM org.apache.catalina.startup.HostConfig deployDirectory
INFO: Deploying web application directory ROOT
Nov 23, 2015 3:27:07 PM org.apache.catalina.startup.HostConfig deployDirectory
INFO: Deploying web application directory proj1
Nov 23, 2015 3:27:07 PM org.apache.catalina.startup.HostConfig deployDirectory
INFO: Deploying web application directory Ocean1
Nov 23, 2015 3:27:07 PM org.apache.coyote.http11.Http11Protocol start
INFO: Starting Coyote HTTP/1.1 on http-16130
Nov 23, 2015 3:27:07 PM org.apache.jk.common.ChannelSocket init
INFO: JK: ajp13 listening on /0.0.0.0:8009
Nov 23, 2015 3:27:07 PM org.apache.jk.server.JkMain start
INFO: Jk running ID=0 time=0/16  config=null
Nov 23, 2015 3:27:07 PM org.apache.catalina.startup.Catalina start
INFO: Server startup in 703 ms
Nov 23, 2015 5:15:12 PM org.apache.coyote.http11.Http11Protocol pause
INFO: Pausing Coyote HTTP/1.1 on http-16130
Nov 23, 2015 5:15:13 PM org.apache.catalina.core.StandardService stop
INFO: Stopping service Catalina
Nov 23, 2015 5:15:13 PM org.apache.catalina.loader.WebappClassLoader clearReferencesJdbc
SEVERE: The web application [/Ocean] registered the JDBC driver [oracle.jdbc.OracleDriver] but failed to unregister it when the web application was stopped. To prevent a memory leak, the JDBC Driver has been forcibly unregistered.
Nov 23, 2015 5:15:13 PM org.apache.catalina.loader.WebappClassLoader clearReferencesThreads
SEVERE: The web application [/Ocean] appears to have started a thread named [oracle.jdbc.driver.BlockSource.ThreadedCachingBlockSource.BlockReleaser] but has failed to stop it. This is very likely to create a memory leak.
Nov 23, 2015 5:15:13 PM org.apache.coyote.http11.Http11Protocol destroy
INFO: Stopping Coyote HTTP/1.1 on http-16130
Nov 23, 2015 5:15:15 PM org.apache.catalina.core.AprLifecycleListener init
INFO: The APR based Apache Tomcat Native library which allows optimal performance in production environments was not found on the java.library.path: /oracle/lib:/usr/java/packages/lib/amd64:/usr/lib/x86_64-linux-gnu/jni:/lib/x86_64-linux-gnu:/usr/lib/x86_64-linux-gnu:/usr/lib/jni:/lib:/usr/lib
Nov 23, 2015 5:15:15 PM org.apache.coyote.http11.Http11Protocol init
INFO: Initializing Coyote HTTP/1.1 on http-16130
Nov 23, 2015 5:15:15 PM org.apache.catalina.startup.Catalina load
INFO: Initialization processed in 520 ms
Nov 23, 2015 5:15:16 PM org.apache.catalina.core.StandardService start
INFO: Starting service Catalina
Nov 23, 2015 5:15:16 PM org.apache.catalina.core.StandardEngine start
INFO: Starting Servlet Engine: Apache Tomcat/6.0.44
Nov 23, 2015 5:15:16 PM org.apache.catalina.startup.HostConfig deployDirectory
INFO: Deploying web application directory Ocean
Nov 23, 2015 5:15:16 PM org.apache.catalina.startup.HostConfig deployDirectory
INFO: Deploying web application directory ROOT
Nov 23, 2015 5:15:16 PM org.apache.catalina.startup.HostConfig deployDirectory
INFO: Deploying web application directory proj1
Nov 23, 2015 5:15:16 PM org.apache.catalina.startup.HostConfig deployDirectory
INFO: Deploying web application directory Ocean1
Nov 23, 2015 5:15:16 PM org.apache.coyote.http11.Http11Protocol start
INFO: Starting Coyote HTTP/1.1 on http-16130
Nov 23, 2015 5:15:16 PM org.apache.jk.common.ChannelSocket init
INFO: JK: ajp13 listening on /0.0.0.0:8009
Nov 23, 2015 5:15:16 PM org.apache.jk.server.JkMain start
INFO: Jk running ID=0 time=0/16  config=null
Nov 23, 2015 5:15:16 PM org.apache.catalina.startup.Catalina start
INFO: Server startup in 736 ms
Nov 23, 2015 5:41:39 PM org.apache.coyote.http11.Http11Protocol pause
INFO: Pausing Coyote HTTP/1.1 on http-16130
Nov 23, 2015 5:41:40 PM org.apache.catalina.core.StandardService stop
INFO: Stopping service Catalina
Nov 23, 2015 5:41:40 PM org.apache.catalina.loader.WebappClassLoader clearReferencesJdbc
SEVERE: The web application [/Ocean] registered the JDBC driver [oracle.jdbc.OracleDriver] but failed to unregister it when the web application was stopped. To prevent a memory leak, the JDBC Driver has been forcibly unregistered.
Nov 23, 2015 5:41:40 PM org.apache.catalina.loader.WebappClassLoader clearReferencesThreads
SEVERE: The web application [/Ocean] appears to have started a thread named [oracle.jdbc.driver.BlockSource.ThreadedCachingBlockSource.BlockReleaser] but has failed to stop it. This is very likely to create a memory leak.
Nov 23, 2015 5:41:40 PM org.apache.coyote.http11.Http11Protocol destroy
INFO: Stopping Coyote HTTP/1.1 on http-16130
