Nov 08, 2015 3:01:22 PM org.apache.catalina.core.StandardWrapperValve invoke
SEVERE: Servlet.service() for servlet jsp threw exception
java.lang.NullPointerException
	at org.apache.jsp.uploadData_jsp._jspService(uploadData_jsp.java:76)
	at org.apache.jasper.runtime.HttpJspBase.service(HttpJspBase.java:70)
	at javax.servlet.http.HttpServlet.service(HttpServlet.java:723)
	at org.apache.jasper.servlet.JspServletWrapper.service(JspServletWrapper.java:388)
	at org.apache.jasper.servlet.JspServlet.serviceJspFile(JspServlet.java:313)
	at org.apache.jasper.servlet.JspServlet.service(JspServlet.java:260)
	at javax.servlet.http.HttpServlet.service(HttpServlet.java:723)
	at org.apache.catalina.core.ApplicationFilterChain.internalDoFilter(ApplicationFilterChain.java:290)
	at org.apache.catalina.core.ApplicationFilterChain.doFilter(ApplicationFilterChain.java:206)
	at org.apache.catalina.core.StandardWrapperValve.invoke(StandardWrapperValve.java:233)
	at org.apache.catalina.core.StandardContextValve.invoke(StandardContextValve.java:191)
	at org.apache.catalina.core.StandardHostValve.invoke(StandardHostValve.java:127)
	at org.apache.catalina.valves.ErrorReportValve.invoke(ErrorReportValve.java:103)
	at org.apache.catalina.core.StandardEngineValve.invoke(StandardEngineValve.java:109)
	at org.apache.catalina.connector.CoyoteAdapter.service(CoyoteAdapter.java:293)
	at org.apache.coyote.http11.Http11Processor.process(Http11Processor.java:861)
	at org.apache.coyote.http11.Http11Protocol$Http11ConnectionHandler.process(Http11Protocol.java:620)
	at org.apache.tomcat.util.net.JIoEndpoint$Worker.run(JIoEndpoint.java:489)
	at java.lang.Thread.run(Thread.java:745)

Nov 08, 2015 3:18:05 PM org.apache.catalina.core.StandardWrapperValve invoke
SEVERE: Servlet.service() for servlet jsp threw exception
java.lang.NullPointerException
	at org.apache.jsp.uploadData_jsp._jspService(uploadData_jsp.java:76)
	at org.apache.jasper.runtime.HttpJspBase.service(HttpJspBase.java:70)
	at javax.servlet.http.HttpServlet.service(HttpServlet.java:723)
	at org.apache.jasper.servlet.JspServletWrapper.service(JspServletWrapper.java:388)
	at org.apache.jasper.servlet.JspServlet.serviceJspFile(JspServlet.java:313)
	at org.apache.jasper.servlet.JspServlet.service(JspServlet.java:260)
	at javax.servlet.http.HttpServlet.service(HttpServlet.java:723)
	at org.apache.catalina.core.ApplicationFilterChain.internalDoFilter(ApplicationFilterChain.java:290)
	at org.apache.catalina.core.ApplicationFilterChain.doFilter(ApplicationFilterChain.java:206)
	at org.apache.catalina.core.StandardWrapperValve.invoke(StandardWrapperValve.java:233)
	at org.apache.catalina.core.StandardContextValve.invoke(StandardContextValve.java:191)
	at org.apache.catalina.core.StandardHostValve.invoke(StandardHostValve.java:127)
	at org.apache.catalina.valves.ErrorReportValve.invoke(ErrorReportValve.java:103)
	at org.apache.catalina.core.StandardEngineValve.invoke(StandardEngineValve.java:109)
	at org.apache.catalina.connector.CoyoteAdapter.service(CoyoteAdapter.java:293)
	at org.apache.coyote.http11.Http11Processor.process(Http11Processor.java:861)
	at org.apache.coyote.http11.Http11Protocol$Http11ConnectionHandler.process(Http11Protocol.java:620)
	at org.apache.tomcat.util.net.JIoEndpoint$Worker.run(JIoEndpoint.java:489)
	at java.lang.Thread.run(Thread.java:745)

Nov 08, 2015 3:34:01 PM org.apache.catalina.core.StandardWrapperValve invoke
SEVERE: Servlet.service() for servlet jsp threw exception
org.apache.jasper.JasperException: Unable to compile class for JSP: 

An error occurred at line: 4 in the jsp file: /uploadImage.jsp
The method getParamet(String) is undefined for the type HttpServletRequest
1: <%@ page import="java.sql.*" %>
2: <html>
3: <%
4: 	String image_id=request.getParamet("image_id");
5: 	out.println(image_id);
6: %>
7: <P><a href="dataCurator.jsp"> Return </a></P>


Stacktrace:
	at org.apache.jasper.compiler.DefaultErrorHandler.javacError(DefaultErrorHandler.java:92)
	at org.apache.jasper.compiler.ErrorDispatcher.javacError(ErrorDispatcher.java:330)
	at org.apache.jasper.compiler.JDTCompiler.generateClass(JDTCompiler.java:460)
	at org.apache.jasper.compiler.Compiler.compile(Compiler.java:356)
	at org.apache.jasper.compiler.Compiler.compile(Compiler.java:334)
	at org.apache.jasper.compiler.Compiler.compile(Compiler.java:321)
	at org.apache.jasper.JspCompilationContext.compile(JspCompilationContext.java:592)
	at org.apache.jasper.servlet.JspServletWrapper.service(JspServletWrapper.java:328)
	at org.apache.jasper.servlet.JspServlet.serviceJspFile(JspServlet.java:313)
	at org.apache.jasper.servlet.JspServlet.service(JspServlet.java:260)
	at javax.servlet.http.HttpServlet.service(HttpServlet.java:723)
	at org.apache.catalina.core.ApplicationFilterChain.internalDoFilter(ApplicationFilterChain.java:290)
	at org.apache.catalina.core.ApplicationFilterChain.doFilter(ApplicationFilterChain.java:206)
	at org.apache.catalina.core.StandardWrapperValve.invoke(StandardWrapperValve.java:233)
	at org.apache.catalina.core.StandardContextValve.invoke(StandardContextValve.java:191)
	at org.apache.catalina.core.StandardHostValve.invoke(StandardHostValve.java:127)
	at org.apache.catalina.valves.ErrorReportValve.invoke(ErrorReportValve.java:103)
	at org.apache.catalina.core.StandardEngineValve.invoke(StandardEngineValve.java:109)
	at org.apache.catalina.connector.CoyoteAdapter.service(CoyoteAdapter.java:293)
	at org.apache.coyote.http11.Http11Processor.process(Http11Processor.java:861)
	at org.apache.coyote.http11.Http11Protocol$Http11ConnectionHandler.process(Http11Protocol.java:620)
	at org.apache.tomcat.util.net.JIoEndpoint$Worker.run(JIoEndpoint.java:489)
	at java.lang.Thread.run(Thread.java:745)

Nov 08, 2015 3:39:41 PM org.apache.catalina.core.StandardWrapperValve invoke
SEVERE: Servlet.service() for servlet jsp threw exception
java.lang.NullPointerException
	at org.apache.jsp.uploadData_jsp._jspService(uploadData_jsp.java:76)
	at org.apache.jasper.runtime.HttpJspBase.service(HttpJspBase.java:70)
	at javax.servlet.http.HttpServlet.service(HttpServlet.java:723)
	at org.apache.jasper.servlet.JspServletWrapper.service(JspServletWrapper.java:388)
	at org.apache.jasper.servlet.JspServlet.serviceJspFile(JspServlet.java:313)
	at org.apache.jasper.servlet.JspServlet.service(JspServlet.java:260)
	at javax.servlet.http.HttpServlet.service(HttpServlet.java:723)
	at org.apache.catalina.core.ApplicationFilterChain.internalDoFilter(ApplicationFilterChain.java:290)
	at org.apache.catalina.core.ApplicationFilterChain.doFilter(ApplicationFilterChain.java:206)
	at org.apache.catalina.core.StandardWrapperValve.invoke(StandardWrapperValve.java:233)
	at org.apache.catalina.core.StandardContextValve.invoke(StandardContextValve.java:191)
	at org.apache.catalina.core.StandardHostValve.invoke(StandardHostValve.java:127)
	at org.apache.catalina.valves.ErrorReportValve.invoke(ErrorReportValve.java:103)
	at org.apache.catalina.core.StandardEngineValve.invoke(StandardEngineValve.java:109)
	at org.apache.catalina.connector.CoyoteAdapter.service(CoyoteAdapter.java:293)
	at org.apache.coyote.http11.Http11Processor.process(Http11Processor.java:861)
	at org.apache.coyote.http11.Http11Protocol$Http11ConnectionHandler.process(Http11Protocol.java:620)
	at org.apache.tomcat.util.net.JIoEndpoint$Worker.run(JIoEndpoint.java:489)
	at java.lang.Thread.run(Thread.java:745)

Nov 08, 2015 3:39:57 PM org.apache.catalina.core.StandardWrapperValve invoke
SEVERE: Servlet.service() for servlet jsp threw exception
java.lang.NullPointerException
	at org.apache.jsp.uploadData_jsp._jspService(uploadData_jsp.java:76)
	at org.apache.jasper.runtime.HttpJspBase.service(HttpJspBase.java:70)
	at javax.servlet.http.HttpServlet.service(HttpServlet.java:723)
	at org.apache.jasper.servlet.JspServletWrapper.service(JspServletWrapper.java:388)
	at org.apache.jasper.servlet.JspServlet.serviceJspFile(JspServlet.java:313)
	at org.apache.jasper.servlet.JspServlet.service(JspServlet.java:260)
	at javax.servlet.http.HttpServlet.service(HttpServlet.java:723)
	at org.apache.catalina.core.ApplicationFilterChain.internalDoFilter(ApplicationFilterChain.java:290)
	at org.apache.catalina.core.ApplicationFilterChain.doFilter(ApplicationFilterChain.java:206)
	at org.apache.catalina.core.StandardWrapperValve.invoke(StandardWrapperValve.java:233)
	at org.apache.catalina.core.StandardContextValve.invoke(StandardContextValve.java:191)
	at org.apache.catalina.core.StandardHostValve.invoke(StandardHostValve.java:127)
	at org.apache.catalina.valves.ErrorReportValve.invoke(ErrorReportValve.java:103)
	at org.apache.catalina.core.StandardEngineValve.invoke(StandardEngineValve.java:109)
	at org.apache.catalina.connector.CoyoteAdapter.service(CoyoteAdapter.java:293)
	at org.apache.coyote.http11.Http11Processor.process(Http11Processor.java:861)
	at org.apache.coyote.http11.Http11Protocol$Http11ConnectionHandler.process(Http11Protocol.java:620)
	at org.apache.tomcat.util.net.JIoEndpoint$Worker.run(JIoEndpoint.java:489)
	at java.lang.Thread.run(Thread.java:745)

Nov 08, 2015 3:40:02 PM org.apache.catalina.core.StandardWrapperValve invoke
SEVERE: Servlet.service() for servlet jsp threw exception
java.lang.NullPointerException
	at org.apache.jsp.uploadData_jsp._jspService(uploadData_jsp.java:76)
	at org.apache.jasper.runtime.HttpJspBase.service(HttpJspBase.java:70)
	at javax.servlet.http.HttpServlet.service(HttpServlet.java:723)
	at org.apache.jasper.servlet.JspServletWrapper.service(JspServletWrapper.java:388)
	at org.apache.jasper.servlet.JspServlet.serviceJspFile(JspServlet.java:313)
	at org.apache.jasper.servlet.JspServlet.service(JspServlet.java:260)
	at javax.servlet.http.HttpServlet.service(HttpServlet.java:723)
	at org.apache.catalina.core.ApplicationFilterChain.internalDoFilter(ApplicationFilterChain.java:290)
	at org.apache.catalina.core.ApplicationFilterChain.doFilter(ApplicationFilterChain.java:206)
	at org.apache.catalina.core.StandardWrapperValve.invoke(StandardWrapperValve.java:233)
	at org.apache.catalina.core.StandardContextValve.invoke(StandardContextValve.java:191)
	at org.apache.catalina.core.StandardHostValve.invoke(StandardHostValve.java:127)
	at org.apache.catalina.valves.ErrorReportValve.invoke(ErrorReportValve.java:103)
	at org.apache.catalina.core.StandardEngineValve.invoke(StandardEngineValve.java:109)
	at org.apache.catalina.connector.CoyoteAdapter.service(CoyoteAdapter.java:293)
	at org.apache.coyote.http11.Http11Processor.process(Http11Processor.java:861)
	at org.apache.coyote.http11.Http11Protocol$Http11ConnectionHandler.process(Http11Protocol.java:620)
	at org.apache.tomcat.util.net.JIoEndpoint$Worker.run(JIoEndpoint.java:489)
	at java.lang.Thread.run(Thread.java:745)

Nov 08, 2015 3:41:31 PM org.apache.catalina.core.StandardWrapperValve invoke
SEVERE: Servlet.service() for servlet jsp threw exception
org.apache.jasper.JasperException: Unable to compile class for JSP: 

An error occurred at line: 25 in the jsp file: /uploadData.jsp
Syntax error on token(s), misplaced construct(s)
22: 
23: 	if(action.equals("")) {
24: 		out.println("Please Choose an Action");
25: 		<P><a href="dataCurator.jsp"> Return </a></P>
26: 	}
27: 	if(action.equals("addScalar")) {  %>
28: 		<p>


An error occurred at line: 25 in the jsp file: /uploadData.jsp
Syntax error on token ">", delete this token
22: 
23: 	if(action.equals("")) {
24: 		out.println("Please Choose an Action");
25: 		<P><a href="dataCurator.jsp"> Return </a></P>
26: 	}
27: 	if(action.equals("addScalar")) {  %>
28: 		<p>


An error occurred at line: 25 in the jsp file: /uploadData.jsp
a cannot be resolved to a type
22: 
23: 	if(action.equals("")) {
24: 		out.println("Please Choose an Action");
25: 		<P><a href="dataCurator.jsp"> Return </a></P>
26: 	}
27: 	if(action.equals("addScalar")) {  %>
28: 		<p>


An error occurred at line: 25 in the jsp file: /uploadData.jsp
Syntax error on token "/", delete this token
22: 
23: 	if(action.equals("")) {
24: 		out.println("Please Choose an Action");
25: 		<P><a href="dataCurator.jsp"> Return </a></P>
26: 	}
27: 	if(action.equals("addScalar")) {  %>
28: 		<p>


An error occurred at line: 25 in the jsp file: /uploadData.jsp
Syntax error on token "<", invalid Expression
22: 
23: 	if(action.equals("")) {
24: 		out.println("Please Choose an Action");
25: 		<P><a href="dataCurator.jsp"> Return </a></P>
26: 	}
27: 	if(action.equals("addScalar")) {  %>
28: 		<p>


An error occurred at line: 25 in the jsp file: /uploadData.jsp
Syntax error on token ">", ; expected
22: 
23: 	if(action.equals("")) {
24: 		out.println("Please Choose an Action");
25: 		<P><a href="dataCurator.jsp"> Return </a></P>
26: 	}
27: 	if(action.equals("addScalar")) {  %>
28: 		<p>


Stacktrace:
	at org.apache.jasper.compiler.DefaultErrorHandler.javacError(DefaultErrorHandler.java:92)
	at org.apache.jasper.compiler.ErrorDispatcher.javacError(ErrorDispatcher.java:330)
	at org.apache.jasper.compiler.JDTCompiler.generateClass(JDTCompiler.java:460)
	at org.apache.jasper.compiler.Compiler.compile(Compiler.java:356)
	at org.apache.jasper.compiler.Compiler.compile(Compiler.java:334)
	at org.apache.jasper.compiler.Compiler.compile(Compiler.java:321)
	at org.apache.jasper.JspCompilationContext.compile(JspCompilationContext.java:592)
	at org.apache.jasper.servlet.JspServletWrapper.service(JspServletWrapper.java:328)
	at org.apache.jasper.servlet.JspServlet.serviceJspFile(JspServlet.java:313)
	at org.apache.jasper.servlet.JspServlet.service(JspServlet.java:260)
	at javax.servlet.http.HttpServlet.service(HttpServlet.java:723)
	at org.apache.catalina.core.ApplicationFilterChain.internalDoFilter(ApplicationFilterChain.java:290)
	at org.apache.catalina.core.ApplicationFilterChain.doFilter(ApplicationFilterChain.java:206)
	at org.apache.catalina.core.StandardWrapperValve.invoke(StandardWrapperValve.java:233)
	at org.apache.catalina.core.StandardContextValve.invoke(StandardContextValve.java:191)
	at org.apache.catalina.core.StandardHostValve.invoke(StandardHostValve.java:127)
	at org.apache.catalina.valves.ErrorReportValve.invoke(ErrorReportValve.java:103)
	at org.apache.catalina.core.StandardEngineValve.invoke(StandardEngineValve.java:109)
	at org.apache.catalina.connector.CoyoteAdapter.service(CoyoteAdapter.java:293)
	at org.apache.coyote.http11.Http11Processor.process(Http11Processor.java:861)
	at org.apache.coyote.http11.Http11Protocol$Http11ConnectionHandler.process(Http11Protocol.java:620)
	at org.apache.tomcat.util.net.JIoEndpoint$Worker.run(JIoEndpoint.java:489)
	at java.lang.Thread.run(Thread.java:745)

Nov 08, 2015 3:42:24 PM org.apache.catalina.core.StandardWrapperValve invoke
SEVERE: Servlet.service() for servlet jsp threw exception
org.apache.jasper.JasperException: Unable to compile class for JSP: 

An error occurred at line: 159 in the jsp file: /uploadData.jsp
Syntax error on token(s), misplaced construct(s)
156: <%     } 
157: 	else {
158: 		out.println("Please Choose an Action");
159: 		<P><a href="dataCurator.jsp"> Return </a></P>
160: 	}%>
161: </html>


An error occurred at line: 159 in the jsp file: /uploadData.jsp
Syntax error on token ">", delete this token
156: <%     } 
157: 	else {
158: 		out.println("Please Choose an Action");
159: 		<P><a href="dataCurator.jsp"> Return </a></P>
160: 	}%>
161: </html>


An error occurred at line: 159 in the jsp file: /uploadData.jsp
a cannot be resolved to a type
156: <%     } 
157: 	else {
158: 		out.println("Please Choose an Action");
159: 		<P><a href="dataCurator.jsp"> Return </a></P>
160: 	}%>
161: </html>


An error occurred at line: 159 in the jsp file: /uploadData.jsp
Syntax error on token "/", delete this token
156: <%     } 
157: 	else {
158: 		out.println("Please Choose an Action");
159: 		<P><a href="dataCurator.jsp"> Return </a></P>
160: 	}%>
161: </html>


An error occurred at line: 159 in the jsp file: /uploadData.jsp
Syntax error on token "<", invalid Expression
156: <%     } 
157: 	else {
158: 		out.println("Please Choose an Action");
159: 		<P><a href="dataCurator.jsp"> Return </a></P>
160: 	}%>
161: </html>


An error occurred at line: 159 in the jsp file: /uploadData.jsp
Syntax error on token ">", ; expected
156: <%     } 
157: 	else {
158: 		out.println("Please Choose an Action");
159: 		<P><a href="dataCurator.jsp"> Return </a></P>
160: 	}%>
161: </html>


Stacktrace:
	at org.apache.jasper.compiler.DefaultErrorHandler.javacError(DefaultErrorHandler.java:92)
	at org.apache.jasper.compiler.ErrorDispatcher.javacError(ErrorDispatcher.java:330)
	at org.apache.jasper.compiler.JDTCompiler.generateClass(JDTCompiler.java:460)
	at org.apache.jasper.compiler.Compiler.compile(Compiler.java:356)
	at org.apache.jasper.compiler.Compiler.compile(Compiler.java:334)
	at org.apache.jasper.compiler.Compiler.compile(Compiler.java:321)
	at org.apache.jasper.JspCompilationContext.compile(JspCompilationContext.java:592)
	at org.apache.jasper.servlet.JspServletWrapper.service(JspServletWrapper.java:328)
	at org.apache.jasper.servlet.JspServlet.serviceJspFile(JspServlet.java:313)
	at org.apache.jasper.servlet.JspServlet.service(JspServlet.java:260)
	at javax.servlet.http.HttpServlet.service(HttpServlet.java:723)
	at org.apache.catalina.core.ApplicationFilterChain.internalDoFilter(ApplicationFilterChain.java:290)
	at org.apache.catalina.core.ApplicationFilterChain.doFilter(ApplicationFilterChain.java:206)
	at org.apache.catalina.core.StandardWrapperValve.invoke(StandardWrapperValve.java:233)
	at org.apache.catalina.core.StandardContextValve.invoke(StandardContextValve.java:191)
	at org.apache.catalina.core.StandardHostValve.invoke(StandardHostValve.java:127)
	at org.apache.catalina.valves.ErrorReportValve.invoke(ErrorReportValve.java:103)
	at org.apache.catalina.core.StandardEngineValve.invoke(StandardEngineValve.java:109)
	at org.apache.catalina.connector.CoyoteAdapter.service(CoyoteAdapter.java:293)
	at org.apache.coyote.http11.Http11Processor.process(Http11Processor.java:861)
	at org.apache.coyote.http11.Http11Protocol$Http11ConnectionHandler.process(Http11Protocol.java:620)
	at org.apache.tomcat.util.net.JIoEndpoint$Worker.run(JIoEndpoint.java:489)
	at java.lang.Thread.run(Thread.java:745)

Nov 08, 2015 3:43:52 PM org.apache.catalina.core.StandardWrapperValve invoke
SEVERE: Servlet.service() for servlet jsp threw exception
org.apache.jasper.JasperException: Unable to compile class for JSP: 

An error occurred at line: 161 in the jsp file: /uploadData.jsp
Syntax error on token(s), misplaced construct(s)
158: <%     } 
159: 	else {
160: 		out.println("Please Choose an Action");
161: 		<P><a href="dataCurator.jsp"> Return </a></P>
162: 	}%>
163: </html>


An error occurred at line: 161 in the jsp file: /uploadData.jsp
Syntax error on token ">", delete this token
158: <%     } 
159: 	else {
160: 		out.println("Please Choose an Action");
161: 		<P><a href="dataCurator.jsp"> Return </a></P>
162: 	}%>
163: </html>


An error occurred at line: 161 in the jsp file: /uploadData.jsp
a cannot be resolved to a type
158: <%     } 
159: 	else {
160: 		out.println("Please Choose an Action");
161: 		<P><a href="dataCurator.jsp"> Return </a></P>
162: 	}%>
163: </html>


An error occurred at line: 161 in the jsp file: /uploadData.jsp
Syntax error on token "/", delete this token
158: <%     } 
159: 	else {
160: 		out.println("Please Choose an Action");
161: 		<P><a href="dataCurator.jsp"> Return </a></P>
162: 	}%>
163: </html>


An error occurred at line: 161 in the jsp file: /uploadData.jsp
Syntax error on token "<", invalid Expression
158: <%     } 
159: 	else {
160: 		out.println("Please Choose an Action");
161: 		<P><a href="dataCurator.jsp"> Return </a></P>
162: 	}%>
163: </html>


An error occurred at line: 161 in the jsp file: /uploadData.jsp
Syntax error on token ">", ; expected
158: <%     } 
159: 	else {
160: 		out.println("Please Choose an Action");
161: 		<P><a href="dataCurator.jsp"> Return </a></P>
162: 	}%>
163: </html>


Stacktrace:
	at org.apache.jasper.compiler.DefaultErrorHandler.javacError(DefaultErrorHandler.java:92)
	at org.apache.jasper.compiler.ErrorDispatcher.javacError(ErrorDispatcher.java:330)
	at org.apache.jasper.compiler.JDTCompiler.generateClass(JDTCompiler.java:460)
	at org.apache.jasper.compiler.Compiler.compile(Compiler.java:356)
	at org.apache.jasper.compiler.Compiler.compile(Compiler.java:334)
	at org.apache.jasper.compiler.Compiler.compile(Compiler.java:321)
	at org.apache.jasper.JspCompilationContext.compile(JspCompilationContext.java:592)
	at org.apache.jasper.servlet.JspServletWrapper.service(JspServletWrapper.java:328)
	at org.apache.jasper.servlet.JspServlet.serviceJspFile(JspServlet.java:313)
	at org.apache.jasper.servlet.JspServlet.service(JspServlet.java:260)
	at javax.servlet.http.HttpServlet.service(HttpServlet.java:723)
	at org.apache.catalina.core.ApplicationFilterChain.internalDoFilter(ApplicationFilterChain.java:290)
	at org.apache.catalina.core.ApplicationFilterChain.doFilter(ApplicationFilterChain.java:206)
	at org.apache.catalina.core.StandardWrapperValve.invoke(StandardWrapperValve.java:233)
	at org.apache.catalina.core.StandardContextValve.invoke(StandardContextValve.java:191)
	at org.apache.catalina.core.StandardHostValve.invoke(StandardHostValve.java:127)
	at org.apache.catalina.valves.ErrorReportValve.invoke(ErrorReportValve.java:103)
	at org.apache.catalina.core.StandardEngineValve.invoke(StandardEngineValve.java:109)
	at org.apache.catalina.connector.CoyoteAdapter.service(CoyoteAdapter.java:293)
	at org.apache.coyote.http11.Http11Processor.process(Http11Processor.java:861)
	at org.apache.coyote.http11.Http11Protocol$Http11ConnectionHandler.process(Http11Protocol.java:620)
	at org.apache.tomcat.util.net.JIoEndpoint$Worker.run(JIoEndpoint.java:489)
	at java.lang.Thread.run(Thread.java:745)

Nov 08, 2015 3:44:39 PM org.apache.catalina.core.StandardWrapperValve invoke
SEVERE: Servlet.service() for servlet jsp threw exception
org.apache.jasper.JasperException: Unable to compile class for JSP: 

An error occurred at line: 161 in the jsp file: /uploadData.jsp
Syntax error on token(s), misplaced construct(s)
158: <%     } 
159: 	else {
160: 		out.println("Please Choose an Action");
161: 		<P><a href="dataCurator.jsp"> Return </a></P>   %>
162: <%	}%>
163: </html>


An error occurred at line: 161 in the jsp file: /uploadData.jsp
Syntax error on token ">", delete this token
158: <%     } 
159: 	else {
160: 		out.println("Please Choose an Action");
161: 		<P><a href="dataCurator.jsp"> Return </a></P>   %>
162: <%	}%>
163: </html>


An error occurred at line: 161 in the jsp file: /uploadData.jsp
a cannot be resolved to a type
158: <%     } 
159: 	else {
160: 		out.println("Please Choose an Action");
161: 		<P><a href="dataCurator.jsp"> Return </a></P>   %>
162: <%	}%>
163: </html>


An error occurred at line: 161 in the jsp file: /uploadData.jsp
Syntax error on token "/", delete this token
158: <%     } 
159: 	else {
160: 		out.println("Please Choose an Action");
161: 		<P><a href="dataCurator.jsp"> Return </a></P>   %>
162: <%	}%>
163: </html>


An error occurred at line: 161 in the jsp file: /uploadData.jsp
Syntax error on token "<", invalid Expression
158: <%     } 
159: 	else {
160: 		out.println("Please Choose an Action");
161: 		<P><a href="dataCurator.jsp"> Return </a></P>   %>
162: <%	}%>
163: </html>


Stacktrace:
	at org.apache.jasper.compiler.DefaultErrorHandler.javacError(DefaultErrorHandler.java:92)
	at org.apache.jasper.compiler.ErrorDispatcher.javacError(ErrorDispatcher.java:330)
	at org.apache.jasper.compiler.JDTCompiler.generateClass(JDTCompiler.java:460)
	at org.apache.jasper.compiler.Compiler.compile(Compiler.java:356)
	at org.apache.jasper.compiler.Compiler.compile(Compiler.java:334)
	at org.apache.jasper.compiler.Compiler.compile(Compiler.java:321)
	at org.apache.jasper.JspCompilationContext.compile(JspCompilationContext.java:592)
	at org.apache.jasper.servlet.JspServletWrapper.service(JspServletWrapper.java:328)
	at org.apache.jasper.servlet.JspServlet.serviceJspFile(JspServlet.java:313)
	at org.apache.jasper.servlet.JspServlet.service(JspServlet.java:260)
	at javax.servlet.http.HttpServlet.service(HttpServlet.java:723)
	at org.apache.catalina.core.ApplicationFilterChain.internalDoFilter(ApplicationFilterChain.java:290)
	at org.apache.catalina.core.ApplicationFilterChain.doFilter(ApplicationFilterChain.java:206)
	at org.apache.catalina.core.StandardWrapperValve.invoke(StandardWrapperValve.java:233)
	at org.apache.catalina.core.StandardContextValve.invoke(StandardContextValve.java:191)
	at org.apache.catalina.core.StandardHostValve.invoke(StandardHostValve.java:127)
	at org.apache.catalina.valves.ErrorReportValve.invoke(ErrorReportValve.java:103)
	at org.apache.catalina.core.StandardEngineValve.invoke(StandardEngineValve.java:109)
	at org.apache.catalina.connector.CoyoteAdapter.service(CoyoteAdapter.java:293)
	at org.apache.coyote.http11.Http11Processor.process(Http11Processor.java:861)
	at org.apache.coyote.http11.Http11Protocol$Http11ConnectionHandler.process(Http11Protocol.java:620)
	at org.apache.tomcat.util.net.JIoEndpoint$Worker.run(JIoEndpoint.java:489)
	at java.lang.Thread.run(Thread.java:745)

Nov 08, 2015 3:44:58 PM org.apache.catalina.core.StandardWrapperValve invoke
SEVERE: Servlet.service() for servlet jsp threw exception
java.lang.NullPointerException
	at org.apache.jsp.uploadData_jsp._jspService(uploadData_jsp.java:76)
	at org.apache.jasper.runtime.HttpJspBase.service(HttpJspBase.java:70)
	at javax.servlet.http.HttpServlet.service(HttpServlet.java:723)
	at org.apache.jasper.servlet.JspServletWrapper.service(JspServletWrapper.java:388)
	at org.apache.jasper.servlet.JspServlet.serviceJspFile(JspServlet.java:313)
	at org.apache.jasper.servlet.JspServlet.service(JspServlet.java:260)
	at javax.servlet.http.HttpServlet.service(HttpServlet.java:723)
	at org.apache.catalina.core.ApplicationFilterChain.internalDoFilter(ApplicationFilterChain.java:290)
	at org.apache.catalina.core.ApplicationFilterChain.doFilter(ApplicationFilterChain.java:206)
	at org.apache.catalina.core.StandardWrapperValve.invoke(StandardWrapperValve.java:233)
	at org.apache.catalina.core.StandardContextValve.invoke(StandardContextValve.java:191)
	at org.apache.catalina.core.StandardHostValve.invoke(StandardHostValve.java:127)
	at org.apache.catalina.valves.ErrorReportValve.invoke(ErrorReportValve.java:103)
	at org.apache.catalina.core.StandardEngineValve.invoke(StandardEngineValve.java:109)
	at org.apache.catalina.connector.CoyoteAdapter.service(CoyoteAdapter.java:293)
	at org.apache.coyote.http11.Http11Processor.process(Http11Processor.java:861)
	at org.apache.coyote.http11.Http11Protocol$Http11ConnectionHandler.process(Http11Protocol.java:620)
	at org.apache.tomcat.util.net.JIoEndpoint$Worker.run(JIoEndpoint.java:489)
	at java.lang.Thread.run(Thread.java:745)

Nov 08, 2015 3:46:22 PM org.apache.catalina.core.StandardWrapperValve invoke
SEVERE: Servlet.service() for servlet jsp threw exception
java.lang.NullPointerException
	at org.apache.jsp.uploadData_jsp._jspService(uploadData_jsp.java:76)
	at org.apache.jasper.runtime.HttpJspBase.service(HttpJspBase.java:70)
	at javax.servlet.http.HttpServlet.service(HttpServlet.java:723)
	at org.apache.jasper.servlet.JspServletWrapper.service(JspServletWrapper.java:388)
	at org.apache.jasper.servlet.JspServlet.serviceJspFile(JspServlet.java:313)
	at org.apache.jasper.servlet.JspServlet.service(JspServlet.java:260)
	at javax.servlet.http.HttpServlet.service(HttpServlet.java:723)
	at org.apache.catalina.core.ApplicationFilterChain.internalDoFilter(ApplicationFilterChain.java:290)
	at org.apache.catalina.core.ApplicationFilterChain.doFilter(ApplicationFilterChain.java:206)
	at org.apache.catalina.core.StandardWrapperValve.invoke(StandardWrapperValve.java:233)
	at org.apache.catalina.core.StandardContextValve.invoke(StandardContextValve.java:191)
	at org.apache.catalina.core.StandardHostValve.invoke(StandardHostValve.java:127)
	at org.apache.catalina.valves.ErrorReportValve.invoke(ErrorReportValve.java:103)
	at org.apache.catalina.core.StandardEngineValve.invoke(StandardEngineValve.java:109)
	at org.apache.catalina.connector.CoyoteAdapter.service(CoyoteAdapter.java:293)
	at org.apache.coyote.http11.Http11Processor.process(Http11Processor.java:861)
	at org.apache.coyote.http11.Http11Protocol$Http11ConnectionHandler.process(Http11Protocol.java:620)
	at org.apache.tomcat.util.net.JIoEndpoint$Worker.run(JIoEndpoint.java:489)
	at java.lang.Thread.run(Thread.java:745)

Nov 08, 2015 3:48:46 PM org.apache.catalina.core.StandardWrapperValve invoke
SEVERE: Servlet.service() for servlet jsp threw exception
java.lang.NullPointerException
	at org.apache.jsp.uploadData_jsp._jspService(uploadData_jsp.java:76)
	at org.apache.jasper.runtime.HttpJspBase.service(HttpJspBase.java:70)
	at javax.servlet.http.HttpServlet.service(HttpServlet.java:723)
	at org.apache.jasper.servlet.JspServletWrapper.service(JspServletWrapper.java:388)
	at org.apache.jasper.servlet.JspServlet.serviceJspFile(JspServlet.java:313)
	at org.apache.jasper.servlet.JspServlet.service(JspServlet.java:260)
	at javax.servlet.http.HttpServlet.service(HttpServlet.java:723)
	at org.apache.catalina.core.ApplicationFilterChain.internalDoFilter(ApplicationFilterChain.java:290)
	at org.apache.catalina.core.ApplicationFilterChain.doFilter(ApplicationFilterChain.java:206)
	at org.apache.catalina.core.StandardWrapperValve.invoke(StandardWrapperValve.java:233)
	at org.apache.catalina.core.StandardContextValve.invoke(StandardContextValve.java:191)
	at org.apache.catalina.core.StandardHostValve.invoke(StandardHostValve.java:127)
	at org.apache.catalina.valves.ErrorReportValve.invoke(ErrorReportValve.java:103)
	at org.apache.catalina.core.StandardEngineValve.invoke(StandardEngineValve.java:109)
	at org.apache.catalina.connector.CoyoteAdapter.service(CoyoteAdapter.java:293)
	at org.apache.coyote.http11.Http11Processor.process(Http11Processor.java:861)
	at org.apache.coyote.http11.Http11Protocol$Http11ConnectionHandler.process(Http11Protocol.java:620)
	at org.apache.tomcat.util.net.JIoEndpoint$Worker.run(JIoEndpoint.java:489)
	at java.lang.Thread.run(Thread.java:745)

Nov 08, 2015 3:48:54 PM org.apache.catalina.core.StandardWrapperValve invoke
SEVERE: Servlet.service() for servlet jsp threw exception
java.lang.NullPointerException
	at org.apache.jsp.uploadData_jsp._jspService(uploadData_jsp.java:76)
	at org.apache.jasper.runtime.HttpJspBase.service(HttpJspBase.java:70)
	at javax.servlet.http.HttpServlet.service(HttpServlet.java:723)
	at org.apache.jasper.servlet.JspServletWrapper.service(JspServletWrapper.java:388)
	at org.apache.jasper.servlet.JspServlet.serviceJspFile(JspServlet.java:313)
	at org.apache.jasper.servlet.JspServlet.service(JspServlet.java:260)
	at javax.servlet.http.HttpServlet.service(HttpServlet.java:723)
	at org.apache.catalina.core.ApplicationFilterChain.internalDoFilter(ApplicationFilterChain.java:290)
	at org.apache.catalina.core.ApplicationFilterChain.doFilter(ApplicationFilterChain.java:206)
	at org.apache.catalina.core.StandardWrapperValve.invoke(StandardWrapperValve.java:233)
	at org.apache.catalina.core.StandardContextValve.invoke(StandardContextValve.java:191)
	at org.apache.catalina.core.StandardHostValve.invoke(StandardHostValve.java:127)
	at org.apache.catalina.valves.ErrorReportValve.invoke(ErrorReportValve.java:103)
	at org.apache.catalina.core.StandardEngineValve.invoke(StandardEngineValve.java:109)
	at org.apache.catalina.connector.CoyoteAdapter.service(CoyoteAdapter.java:293)
	at org.apache.coyote.http11.Http11Processor.process(Http11Processor.java:861)
	at org.apache.coyote.http11.Http11Protocol$Http11ConnectionHandler.process(Http11Protocol.java:620)
	at org.apache.tomcat.util.net.JIoEndpoint$Worker.run(JIoEndpoint.java:489)
	at java.lang.Thread.run(Thread.java:745)

Nov 08, 2015 3:50:29 PM org.apache.catalina.core.StandardWrapperValve invoke
SEVERE: Servlet.service() for servlet jsp threw exception
java.lang.NullPointerException
	at org.apache.jsp.uploadData_jsp._jspService(uploadData_jsp.java:75)
	at org.apache.jasper.runtime.HttpJspBase.service(HttpJspBase.java:70)
	at javax.servlet.http.HttpServlet.service(HttpServlet.java:723)
	at org.apache.jasper.servlet.JspServletWrapper.service(JspServletWrapper.java:388)
	at org.apache.jasper.servlet.JspServlet.serviceJspFile(JspServlet.java:313)
	at org.apache.jasper.servlet.JspServlet.service(JspServlet.java:260)
	at javax.servlet.http.HttpServlet.service(HttpServlet.java:723)
	at org.apache.catalina.core.ApplicationFilterChain.internalDoFilter(ApplicationFilterChain.java:290)
	at org.apache.catalina.core.ApplicationFilterChain.doFilter(ApplicationFilterChain.java:206)
	at org.apache.catalina.core.StandardWrapperValve.invoke(StandardWrapperValve.java:233)
	at org.apache.catalina.core.StandardContextValve.invoke(StandardContextValve.java:191)
	at org.apache.catalina.core.StandardHostValve.invoke(StandardHostValve.java:127)
	at org.apache.catalina.valves.ErrorReportValve.invoke(ErrorReportValve.java:103)
	at org.apache.catalina.core.StandardEngineValve.invoke(StandardEngineValve.java:109)
	at org.apache.catalina.connector.CoyoteAdapter.service(CoyoteAdapter.java:293)
	at org.apache.coyote.http11.Http11Processor.process(Http11Processor.java:861)
	at org.apache.coyote.http11.Http11Protocol$Http11ConnectionHandler.process(Http11Protocol.java:620)
	at org.apache.tomcat.util.net.JIoEndpoint$Worker.run(JIoEndpoint.java:489)
	at java.lang.Thread.run(Thread.java:745)

Nov 08, 2015 3:51:00 PM org.apache.catalina.core.StandardWrapperValve invoke
SEVERE: Servlet.service() for servlet jsp threw exception
org.apache.jasper.JasperException: Unable to compile class for JSP: 

An error occurred at line: 22 in the jsp file: /uploadData.jsp
The operator ! is undefined for the argument type(s) String
19: 	//session.setAttribute("getid", pic_id);
20: 	//session.setAttribute("currentid", pic_id);
21: 
22: 	if(!action) {
23: 		out.println("abc");
24: 	}
25: 


Stacktrace:
	at org.apache.jasper.compiler.DefaultErrorHandler.javacError(DefaultErrorHandler.java:92)
	at org.apache.jasper.compiler.ErrorDispatcher.javacError(ErrorDispatcher.java:330)
	at org.apache.jasper.compiler.JDTCompiler.generateClass(JDTCompiler.java:460)
	at org.apache.jasper.compiler.Compiler.compile(Compiler.java:356)
	at org.apache.jasper.compiler.Compiler.compile(Compiler.java:334)
	at org.apache.jasper.compiler.Compiler.compile(Compiler.java:321)
	at org.apache.jasper.JspCompilationContext.compile(JspCompilationContext.java:592)
	at org.apache.jasper.servlet.JspServletWrapper.service(JspServletWrapper.java:328)
	at org.apache.jasper.servlet.JspServlet.serviceJspFile(JspServlet.java:313)
	at org.apache.jasper.servlet.JspServlet.service(JspServlet.java:260)
	at javax.servlet.http.HttpServlet.service(HttpServlet.java:723)
	at org.apache.catalina.core.ApplicationFilterChain.internalDoFilter(ApplicationFilterChain.java:290)
	at org.apache.catalina.core.ApplicationFilterChain.doFilter(ApplicationFilterChain.java:206)
	at org.apache.catalina.core.StandardWrapperValve.invoke(StandardWrapperValve.java:233)
	at org.apache.catalina.core.StandardContextValve.invoke(StandardContextValve.java:191)
	at org.apache.catalina.core.StandardHostValve.invoke(StandardHostValve.java:127)
	at org.apache.catalina.valves.ErrorReportValve.invoke(ErrorReportValve.java:103)
	at org.apache.catalina.core.StandardEngineValve.invoke(StandardEngineValve.java:109)
	at org.apache.catalina.connector.CoyoteAdapter.service(CoyoteAdapter.java:293)
	at org.apache.coyote.http11.Http11Processor.process(Http11Processor.java:861)
	at org.apache.coyote.http11.Http11Protocol$Http11ConnectionHandler.process(Http11Protocol.java:620)
	at org.apache.tomcat.util.net.JIoEndpoint$Worker.run(JIoEndpoint.java:489)
	at java.lang.Thread.run(Thread.java:745)

Nov 08, 2015 3:52:25 PM org.apache.catalina.core.StandardWrapperValve invoke
SEVERE: Servlet.service() for servlet jsp threw exception
org.apache.jasper.JasperException: Unable to compile class for JSP: 

An error occurred at line: 22 in the jsp file: /uploadData.jsp
The method equals(Object) in the type String is not applicable for the arguments ()
19: 	//session.setAttribute("getid", pic_id);
20: 	//session.setAttribute("currentid", pic_id);
21: 
22: 	if(action.equals()) {
23: 		out.println("abc");
24: 	}
25: 


Stacktrace:
	at org.apache.jasper.compiler.DefaultErrorHandler.javacError(DefaultErrorHandler.java:92)
	at org.apache.jasper.compiler.ErrorDispatcher.javacError(ErrorDispatcher.java:330)
	at org.apache.jasper.compiler.JDTCompiler.generateClass(JDTCompiler.java:460)
	at org.apache.jasper.compiler.Compiler.compile(Compiler.java:356)
	at org.apache.jasper.compiler.Compiler.compile(Compiler.java:334)
	at org.apache.jasper.compiler.Compiler.compile(Compiler.java:321)
	at org.apache.jasper.JspCompilationContext.compile(JspCompilationContext.java:592)
	at org.apache.jasper.servlet.JspServletWrapper.service(JspServletWrapper.java:328)
	at org.apache.jasper.servlet.JspServlet.serviceJspFile(JspServlet.java:313)
	at org.apache.jasper.servlet.JspServlet.service(JspServlet.java:260)
	at javax.servlet.http.HttpServlet.service(HttpServlet.java:723)
	at org.apache.catalina.core.ApplicationFilterChain.internalDoFilter(ApplicationFilterChain.java:290)
	at org.apache.catalina.core.ApplicationFilterChain.doFilter(ApplicationFilterChain.java:206)
	at org.apache.catalina.core.StandardWrapperValve.invoke(StandardWrapperValve.java:233)
	at org.apache.catalina.core.StandardContextValve.invoke(StandardContextValve.java:191)
	at org.apache.catalina.core.StandardHostValve.invoke(StandardHostValve.java:127)
	at org.apache.catalina.valves.ErrorReportValve.invoke(ErrorReportValve.java:103)
	at org.apache.catalina.core.StandardEngineValve.invoke(StandardEngineValve.java:109)
	at org.apache.catalina.connector.CoyoteAdapter.service(CoyoteAdapter.java:293)
	at org.apache.coyote.http11.Http11Processor.process(Http11Processor.java:861)
	at org.apache.coyote.http11.Http11Protocol$Http11ConnectionHandler.process(Http11Protocol.java:620)
	at org.apache.tomcat.util.net.JIoEndpoint$Worker.run(JIoEndpoint.java:489)
	at java.lang.Thread.run(Thread.java:745)

Nov 08, 2015 3:52:32 PM org.apache.catalina.core.StandardWrapperValve invoke
SEVERE: Servlet.service() for servlet jsp threw exception
java.lang.NullPointerException
	at org.apache.jsp.uploadData_jsp._jspService(uploadData_jsp.java:75)
	at org.apache.jasper.runtime.HttpJspBase.service(HttpJspBase.java:70)
	at javax.servlet.http.HttpServlet.service(HttpServlet.java:723)
	at org.apache.jasper.servlet.JspServletWrapper.service(JspServletWrapper.java:388)
	at org.apache.jasper.servlet.JspServlet.serviceJspFile(JspServlet.java:313)
	at org.apache.jasper.servlet.JspServlet.service(JspServlet.java:260)
	at javax.servlet.http.HttpServlet.service(HttpServlet.java:723)
	at org.apache.catalina.core.ApplicationFilterChain.internalDoFilter(ApplicationFilterChain.java:290)
	at org.apache.catalina.core.ApplicationFilterChain.doFilter(ApplicationFilterChain.java:206)
	at org.apache.catalina.core.StandardWrapperValve.invoke(StandardWrapperValve.java:233)
	at org.apache.catalina.core.StandardContextValve.invoke(StandardContextValve.java:191)
	at org.apache.catalina.core.StandardHostValve.invoke(StandardHostValve.java:127)
	at org.apache.catalina.valves.ErrorReportValve.invoke(ErrorReportValve.java:103)
	at org.apache.catalina.core.StandardEngineValve.invoke(StandardEngineValve.java:109)
	at org.apache.catalina.connector.CoyoteAdapter.service(CoyoteAdapter.java:293)
	at org.apache.coyote.http11.Http11Processor.process(Http11Processor.java:861)
	at org.apache.coyote.http11.Http11Protocol$Http11ConnectionHandler.process(Http11Protocol.java:620)
	at org.apache.tomcat.util.net.JIoEndpoint$Worker.run(JIoEndpoint.java:489)
	at java.lang.Thread.run(Thread.java:745)

Nov 08, 2015 3:53:19 PM org.apache.catalina.core.StandardWrapperValve invoke
SEVERE: Servlet.service() for servlet jsp threw exception
org.apache.jasper.JasperException: Unable to compile class for JSP: 

An error occurred at line: 54 in the jsp file: /uploadData.jsp
Syntax error on tokens, delete these tokens
51: 		</form>
52: 		<P><a href="dataCurator.jsp"> Return </a></P>
53: 		
54: <%	}   
55: 
56: 	else if(action.equals("addImage")) {
57: %>


An error occurred at line: 166 in the jsp file: /uploadData.jsp
Syntax error, insert "}" to complete Block
163: 	else{
164: 		out.println("Please Choose an Action");  %>
165: 		<P><a href="dataCurator.jsp"> Return </a></P>   
166: <%	}%>
167: </html>


An error occurred at line: 166 in the jsp file: /uploadData.jsp
Syntax error, insert "Finally" to complete TryStatement
163: 	else{
164: 		out.println("Please Choose an Action");  %>
165: 		<P><a href="dataCurator.jsp"> Return </a></P>   
166: <%	}%>
167: </html>


An error occurred at line: 228 in the generated java file
Syntax error on token "catch", Identifier expected

An error occurred at line: 230 in the generated java file
out cannot be resolved to a variable

An error occurred at line: 230 in the generated java file
_jspx_out cannot be resolved to a variable

An error occurred at line: 231 in the generated java file
out cannot be resolved to a variable

An error occurred at line: 231 in the generated java file
out cannot be resolved

An error occurred at line: 232 in the generated java file
out cannot be resolved

An error occurred at line: 233 in the generated java file
_jspx_page_context cannot be resolved to a variable

An error occurred at line: 233 in the generated java file
_jspx_page_context cannot be resolved

An error occurred at line: 236 in the generated java file
Syntax error on token "finally", { expected

An error occurred at line: 237 in the generated java file
_jspx_page_context cannot be resolved to a variable

Stacktrace:
	at org.apache.jasper.compiler.DefaultErrorHandler.javacError(DefaultErrorHandler.java:92)
	at org.apache.jasper.compiler.ErrorDispatcher.javacError(ErrorDispatcher.java:330)
	at org.apache.jasper.compiler.JDTCompiler.generateClass(JDTCompiler.java:460)
	at org.apache.jasper.compiler.Compiler.compile(Compiler.java:356)
	at org.apache.jasper.compiler.Compiler.compile(Compiler.java:334)
	at org.apache.jasper.compiler.Compiler.compile(Compiler.java:321)
	at org.apache.jasper.JspCompilationContext.compile(JspCompilationContext.java:592)
	at org.apache.jasper.servlet.JspServletWrapper.service(JspServletWrapper.java:328)
	at org.apache.jasper.servlet.JspServlet.serviceJspFile(JspServlet.java:313)
	at org.apache.jasper.servlet.JspServlet.service(JspServlet.java:260)
	at javax.servlet.http.HttpServlet.service(HttpServlet.java:723)
	at org.apache.catalina.core.ApplicationFilterChain.internalDoFilter(ApplicationFilterChain.java:290)
	at org.apache.catalina.core.ApplicationFilterChain.doFilter(ApplicationFilterChain.java:206)
	at org.apache.catalina.core.StandardWrapperValve.invoke(StandardWrapperValve.java:233)
	at org.apache.catalina.core.StandardContextValve.invoke(StandardContextValve.java:191)
	at org.apache.catalina.core.StandardHostValve.invoke(StandardHostValve.java:127)
	at org.apache.catalina.valves.ErrorReportValve.invoke(ErrorReportValve.java:103)
	at org.apache.catalina.core.StandardEngineValve.invoke(StandardEngineValve.java:109)
	at org.apache.catalina.connector.CoyoteAdapter.service(CoyoteAdapter.java:293)
	at org.apache.coyote.http11.Http11Processor.process(Http11Processor.java:861)
	at org.apache.coyote.http11.Http11Protocol$Http11ConnectionHandler.process(Http11Protocol.java:620)
	at org.apache.tomcat.util.net.JIoEndpoint$Worker.run(JIoEndpoint.java:489)
	at java.lang.Thread.run(Thread.java:745)

Nov 08, 2015 3:54:07 PM org.apache.catalina.core.StandardWrapperValve invoke
SEVERE: Servlet.service() for servlet jsp threw exception
org.apache.jasper.JasperException: Unable to compile class for JSP: 

An error occurred at line: 134 in the jsp file: /uploadData.jsp
Syntax error, insert "Finally" to complete TryStatement
131: 		<input name=".submit" value="Upload" type="submit">
132: 		</form>
133: 		<P><a href="dataCurator.jsp"> Return </a></P>
134: 	<%}
135: 	/*else if(action.equals("addAudio")) {  */ %>
136: 
137: 		<p>


An error occurred at line: 164 in the jsp file: /uploadData.jsp
Syntax error on tokens, delete these tokens
161: 		<P><a href="dataCurator.jsp"> Return </a></P>
162: <%     } 
163: 	/*else{
164: 		out.println("Please Choose an Action");  %>
165: 		<P><a href="dataCurator.jsp"> Return </a></P>   */
166: <%	}%>
167: </html>


An error occurred at line: 164 in the jsp file: /uploadData.jsp
String literal is not properly closed by a double-quote
161: 		<P><a href="dataCurator.jsp"> Return </a></P>
162: <%     } 
163: 	/*else{
164: 		out.println("Please Choose an Action");  %>
165: 		<P><a href="dataCurator.jsp"> Return </a></P>   */
166: <%	}%>
167: </html>


An error occurred at line: 166 in the jsp file: /uploadData.jsp
Syntax error on token(s), misplaced construct(s)
163: 	/*else{
164: 		out.println("Please Choose an Action");  %>
165: 		<P><a href="dataCurator.jsp"> Return </a></P>   */
166: <%	}%>
167: </html>


An error occurred at line: 166 in the jsp file: /uploadData.jsp
Syntax error on token ""\n"", delete this token
163: 	/*else{
164: 		out.println("Please Choose an Action");  %>
165: 		<P><a href="dataCurator.jsp"> Return </a></P>   */
166: <%	}%>
167: </html>


An error occurred at line: 166 in the jsp file: /uploadData.jsp
Syntax error on token(s), misplaced construct(s)
163: 	/*else{
164: 		out.println("Please Choose an Action");  %>
165: 		<P><a href="dataCurator.jsp"> Return </a></P>   */
166: <%	}%>
167: </html>


An error occurred at line: 166 in the jsp file: /uploadData.jsp
Syntax error on token ""</html>\n"", delete this token
163: 	/*else{
164: 		out.println("Please Choose an Action");  %>
165: 		<P><a href="dataCurator.jsp"> Return </a></P>   */
166: <%	}%>
167: </html>


An error occurred at line: 228 in the generated java file
Syntax error on token "catch", invalid AnnotationName

An error occurred at line: 228 in the generated java file
Syntax error on token(s), misplaced construct(s)

An error occurred at line: 228 in the generated java file
Syntax error, insert "enum Identifier" to complete EnumHeader

An error occurred at line: 230 in the generated java file
out cannot be resolved to a variable

An error occurred at line: 230 in the generated java file
_jspx_out cannot be resolved to a variable

An error occurred at line: 231 in the generated java file
out cannot be resolved to a variable

An error occurred at line: 231 in the generated java file
out cannot be resolved

An error occurred at line: 232 in the generated java file
out cannot be resolved

An error occurred at line: 233 in the generated java file
_jspx_page_context cannot be resolved to a variable

An error occurred at line: 233 in the generated java file
_jspx_page_context cannot be resolved

An error occurred at line: 236 in the generated java file
Syntax error on token "finally", invalid AnnotationTypeDeclarationHeader

An error occurred at line: 236 in the generated java file
Syntax error, insert "}" to complete AnnotationTypeBody

An error occurred at line: 237 in the generated java file
_jspx_page_context cannot be resolved to a variable

Stacktrace:
	at org.apache.jasper.compiler.DefaultErrorHandler.javacError(DefaultErrorHandler.java:92)
	at org.apache.jasper.compiler.ErrorDispatcher.javacError(ErrorDispatcher.java:330)
	at org.apache.jasper.compiler.JDTCompiler.generateClass(JDTCompiler.java:460)
	at org.apache.jasper.compiler.Compiler.compile(Compiler.java:356)
	at org.apache.jasper.compiler.Compiler.compile(Compiler.java:334)
	at org.apache.jasper.compiler.Compiler.compile(Compiler.java:321)
	at org.apache.jasper.JspCompilationContext.compile(JspCompilationContext.java:592)
	at org.apache.jasper.servlet.JspServletWrapper.service(JspServletWrapper.java:328)
	at org.apache.jasper.servlet.JspServlet.serviceJspFile(JspServlet.java:313)
	at org.apache.jasper.servlet.JspServlet.service(JspServlet.java:260)
	at javax.servlet.http.HttpServlet.service(HttpServlet.java:723)
	at org.apache.catalina.core.ApplicationFilterChain.internalDoFilter(ApplicationFilterChain.java:290)
	at org.apache.catalina.core.ApplicationFilterChain.doFilter(ApplicationFilterChain.java:206)
	at org.apache.catalina.core.StandardWrapperValve.invoke(StandardWrapperValve.java:233)
	at org.apache.catalina.core.StandardContextValve.invoke(StandardContextValve.java:191)
	at org.apache.catalina.core.StandardHostValve.invoke(StandardHostValve.java:127)
	at org.apache.catalina.valves.ErrorReportValve.invoke(ErrorReportValve.java:103)
	at org.apache.catalina.core.StandardEngineValve.invoke(StandardEngineValve.java:109)
	at org.apache.catalina.connector.CoyoteAdapter.service(CoyoteAdapter.java:293)
	at org.apache.coyote.http11.Http11Processor.process(Http11Processor.java:861)
	at org.apache.coyote.http11.Http11Protocol$Http11ConnectionHandler.process(Http11Protocol.java:620)
	at org.apache.tomcat.util.net.JIoEndpoint$Worker.run(JIoEndpoint.java:489)
	at java.lang.Thread.run(Thread.java:745)

Nov 08, 2015 3:54:25 PM org.apache.catalina.core.StandardWrapperValve invoke
SEVERE: Servlet.service() for servlet jsp threw exception
org.apache.jasper.JasperException: Unable to compile class for JSP: 

An error occurred at line: 135 in the jsp file: /uploadData.jsp
Syntax error, insert "}" to complete Block
132: 		</form>
133: 		<P><a href="dataCurator.jsp"> Return </a></P>
134: 	<%/*}
135: 	  else if(action.equals("addAudio")) {  */ %>
136: 
137: 		<p>
138: 		<font size="8" face="Verdana" color="#0080ff">


An error occurred at line: 135 in the jsp file: /uploadData.jsp
Syntax error, insert "Finally" to complete TryStatement
132: 		</form>
133: 		<P><a href="dataCurator.jsp"> Return </a></P>
134: 	<%/*}
135: 	  else if(action.equals("addAudio")) {  */ %>
136: 
137: 		<p>
138: 		<font size="8" face="Verdana" color="#0080ff">


An error occurred at line: 164 in the jsp file: /uploadData.jsp
String literal is not properly closed by a double-quote
161: 		<P><a href="dataCurator.jsp"> Return </a></P>
162: <%     } 
163: 	/*else{
164: 		out.println("Please Choose an Action");  %>
165: 		<P><a href="dataCurator.jsp"> Return </a></P>   */
166: <%	}%>
167: </html>


An error occurred at line: 164 in the jsp file: /uploadData.jsp
String literal is not properly closed by a double-quote
161: 		<P><a href="dataCurator.jsp"> Return </a></P>
162: <%     } 
163: 	/*else{
164: 		out.println("Please Choose an Action");  %>
165: 		<P><a href="dataCurator.jsp"> Return </a></P>   */
166: <%	}%>
167: </html>


An error occurred at line: 166 in the jsp file: /uploadData.jsp
Syntax error on token(s), misplaced construct(s)
163: 	/*else{
164: 		out.println("Please Choose an Action");  %>
165: 		<P><a href="dataCurator.jsp"> Return </a></P>   */
166: <%	}%>
167: </html>


An error occurred at line: 166 in the jsp file: /uploadData.jsp
Syntax error on token ""\n"", delete this token
163: 	/*else{
164: 		out.println("Please Choose an Action");  %>
165: 		<P><a href="dataCurator.jsp"> Return </a></P>   */
166: <%	}%>
167: </html>


An error occurred at line: 166 in the jsp file: /uploadData.jsp
Syntax error on token(s), misplaced construct(s)
163: 	/*else{
164: 		out.println("Please Choose an Action");  %>
165: 		<P><a href="dataCurator.jsp"> Return </a></P>   */
166: <%	}%>
167: </html>


An error occurred at line: 166 in the jsp file: /uploadData.jsp
Syntax error on token ""</html>\n"", delete this token
163: 	/*else{
164: 		out.println("Please Choose an Action");  %>
165: 		<P><a href="dataCurator.jsp"> Return </a></P>   */
166: <%	}%>
167: </html>


An error occurred at line: 166 in the jsp file: /uploadData.jsp
Syntax error on token "catch", invalid AnnotationName
163: 	/*else{
164: 		out.println("Please Choose an Action");  %>
165: 		<P><a href="dataCurator.jsp"> Return </a></P>   */
166: <%	}%>
167: </html>


An error occurred at line: 166 in the jsp file: /uploadData.jsp
Syntax error on token(s), misplaced construct(s)
163: 	/*else{
164: 		out.println("Please Choose an Action");  %>
165: 		<P><a href="dataCurator.jsp"> Return </a></P>   */
166: <%	}%>
167: </html>


An error occurred at line: 166 in the jsp file: /uploadData.jsp
Syntax error, insert "enum Identifier" to complete EnumHeader
163: 	/*else{
164: 		out.println("Please Choose an Action");  %>
165: 		<P><a href="dataCurator.jsp"> Return </a></P>   */
166: <%	}%>
167: </html>


An error occurred at line: 229 in the generated java file
out cannot be resolved to a variable

An error occurred at line: 229 in the generated java file
_jspx_out cannot be resolved to a variable

An error occurred at line: 230 in the generated java file
out cannot be resolved to a variable

An error occurred at line: 230 in the generated java file
out cannot be resolved

An error occurred at line: 231 in the generated java file
out cannot be resolved

An error occurred at line: 232 in the generated java file
_jspx_page_context cannot be resolved to a variable

An error occurred at line: 232 in the generated java file
_jspx_page_context cannot be resolved

An error occurred at line: 235 in the generated java file
Syntax error on token "finally", invalid AnnotationTypeDeclarationHeader

An error occurred at line: 235 in the generated java file
Syntax error, insert "}" to complete AnnotationTypeBody

An error occurred at line: 236 in the generated java file
_jspx_page_context cannot be resolved to a variable

Stacktrace:
	at org.apache.jasper.compiler.DefaultErrorHandler.javacError(DefaultErrorHandler.java:92)
	at org.apache.jasper.compiler.ErrorDispatcher.javacError(ErrorDispatcher.java:330)
	at org.apache.jasper.compiler.JDTCompiler.generateClass(JDTCompiler.java:460)
	at org.apache.jasper.compiler.Compiler.compile(Compiler.java:356)
	at org.apache.jasper.compiler.Compiler.compile(Compiler.java:334)
	at org.apache.jasper.compiler.Compiler.compile(Compiler.java:321)
	at org.apache.jasper.JspCompilationContext.compile(JspCompilationContext.java:592)
	at org.apache.jasper.servlet.JspServletWrapper.service(JspServletWrapper.java:328)
	at org.apache.jasper.servlet.JspServlet.serviceJspFile(JspServlet.java:313)
	at org.apache.jasper.servlet.JspServlet.service(JspServlet.java:260)
	at javax.servlet.http.HttpServlet.service(HttpServlet.java:723)
	at org.apache.catalina.core.ApplicationFilterChain.internalDoFilter(ApplicationFilterChain.java:290)
	at org.apache.catalina.core.ApplicationFilterChain.doFilter(ApplicationFilterChain.java:206)
	at org.apache.catalina.core.StandardWrapperValve.invoke(StandardWrapperValve.java:233)
	at org.apache.catalina.core.StandardContextValve.invoke(StandardContextValve.java:191)
	at org.apache.catalina.core.StandardHostValve.invoke(StandardHostValve.java:127)
	at org.apache.catalina.valves.ErrorReportValve.invoke(ErrorReportValve.java:103)
	at org.apache.catalina.core.StandardEngineValve.invoke(StandardEngineValve.java:109)
	at org.apache.catalina.connector.CoyoteAdapter.service(CoyoteAdapter.java:293)
	at org.apache.coyote.http11.Http11Processor.process(Http11Processor.java:861)
	at org.apache.coyote.http11.Http11Protocol$Http11ConnectionHandler.process(Http11Protocol.java:620)
	at org.apache.tomcat.util.net.JIoEndpoint$Worker.run(JIoEndpoint.java:489)
	at java.lang.Thread.run(Thread.java:745)

Nov 08, 2015 3:56:37 PM org.apache.catalina.core.StandardWrapperValve invoke
SEVERE: Servlet.service() for servlet jsp threw exception
org.apache.jasper.JasperException: Unable to compile class for JSP: 

An error occurred at line: 228 in the generated java file
Syntax error, insert "else Statement" to complete IfStatement

An error occurred at line: 228 in the generated java file
Syntax error, insert "}" to complete Block

An error occurred at line: 239 in the generated java file
Syntax error on token "}", delete this token

An error occurred at line: 240 in the generated java file
Syntax error, insert "}" to complete ClassBody

Stacktrace:
	at org.apache.jasper.compiler.DefaultErrorHandler.javacError(DefaultErrorHandler.java:92)
	at org.apache.jasper.compiler.ErrorDispatcher.javacError(ErrorDispatcher.java:330)
	at org.apache.jasper.compiler.JDTCompiler.generateClass(JDTCompiler.java:460)
	at org.apache.jasper.compiler.Compiler.compile(Compiler.java:356)
	at org.apache.jasper.compiler.Compiler.compile(Compiler.java:334)
	at org.apache.jasper.compiler.Compiler.compile(Compiler.java:321)
	at org.apache.jasper.JspCompilationContext.compile(JspCompilationContext.java:592)
	at org.apache.jasper.servlet.JspServletWrapper.service(JspServletWrapper.java:328)
	at org.apache.jasper.servlet.JspServlet.serviceJspFile(JspServlet.java:313)
	at org.apache.jasper.servlet.JspServlet.service(JspServlet.java:260)
	at javax.servlet.http.HttpServlet.service(HttpServlet.java:723)
	at org.apache.catalina.core.ApplicationFilterChain.internalDoFilter(ApplicationFilterChain.java:290)
	at org.apache.catalina.core.ApplicationFilterChain.doFilter(ApplicationFilterChain.java:206)
	at org.apache.catalina.core.StandardWrapperValve.invoke(StandardWrapperValve.java:233)
	at org.apache.catalina.core.StandardContextValve.invoke(StandardContextValve.java:191)
	at org.apache.catalina.core.StandardHostValve.invoke(StandardHostValve.java:127)
	at org.apache.catalina.valves.ErrorReportValve.invoke(ErrorReportValve.java:103)
	at org.apache.catalina.core.StandardEngineValve.invoke(StandardEngineValve.java:109)
	at org.apache.catalina.connector.CoyoteAdapter.service(CoyoteAdapter.java:293)
	at org.apache.coyote.http11.Http11Processor.process(Http11Processor.java:861)
	at org.apache.coyote.http11.Http11Protocol$Http11ConnectionHandler.process(Http11Protocol.java:620)
	at org.apache.tomcat.util.net.JIoEndpoint$Worker.run(JIoEndpoint.java:489)
	at java.lang.Thread.run(Thread.java:745)

Nov 08, 2015 6:13:45 PM org.apache.catalina.core.StandardWrapperValve invoke
SEVERE: Servlet.service() for servlet jsp threw exception
org.apache.jasper.JasperException: Unable to compile class for JSP: 

An error occurred at line: 7 in the jsp file: /uploadImage.jsp
The method getParamter(String) is undefined for the type HttpServletRequest
4: 	String image_id=request.getParameter("image_id");
5: 	out.println(image_id);
6: 
7: 	String sensor_id=request.getParamter("image_id");
8: 
9: 	Boolean sensorExist=false;
10: 


An error occurred at line: 113 in the generated java file
Syntax error, insert "Finally" to complete TryStatement

An error occurred at line: 114 in the generated java file
Syntax error, insert "}" to complete ClassBody

Stacktrace:
	at org.apache.jasper.compiler.DefaultErrorHandler.javacError(DefaultErrorHandler.java:92)
	at org.apache.jasper.compiler.ErrorDispatcher.javacError(ErrorDispatcher.java:330)
	at org.apache.jasper.compiler.JDTCompiler.generateClass(JDTCompiler.java:460)
	at org.apache.jasper.compiler.Compiler.compile(Compiler.java:356)
	at org.apache.jasper.compiler.Compiler.compile(Compiler.java:334)
	at org.apache.jasper.compiler.Compiler.compile(Compiler.java:321)
	at org.apache.jasper.JspCompilationContext.compile(JspCompilationContext.java:592)
	at org.apache.jasper.servlet.JspServletWrapper.service(JspServletWrapper.java:328)
	at org.apache.jasper.servlet.JspServlet.serviceJspFile(JspServlet.java:313)
	at org.apache.jasper.servlet.JspServlet.service(JspServlet.java:260)
	at javax.servlet.http.HttpServlet.service(HttpServlet.java:723)
	at org.apache.catalina.core.ApplicationFilterChain.internalDoFilter(ApplicationFilterChain.java:290)
	at org.apache.catalina.core.ApplicationFilterChain.doFilter(ApplicationFilterChain.java:206)
	at org.apache.catalina.core.StandardWrapperValve.invoke(StandardWrapperValve.java:233)
	at org.apache.catalina.core.StandardContextValve.invoke(StandardContextValve.java:191)
	at org.apache.catalina.core.StandardHostValve.invoke(StandardHostValve.java:127)
	at org.apache.catalina.valves.ErrorReportValve.invoke(ErrorReportValve.java:103)
	at org.apache.catalina.core.StandardEngineValve.invoke(StandardEngineValve.java:109)
	at org.apache.catalina.connector.CoyoteAdapter.service(CoyoteAdapter.java:293)
	at org.apache.coyote.http11.Http11Processor.process(Http11Processor.java:861)
	at org.apache.coyote.http11.Http11Protocol$Http11ConnectionHandler.process(Http11Protocol.java:620)
	at org.apache.tomcat.util.net.JIoEndpoint$Worker.run(JIoEndpoint.java:489)
	at java.lang.Thread.run(Thread.java:745)

Nov 08, 2015 6:14:35 PM org.apache.catalina.core.StandardWrapperValve invoke
SEVERE: Servlet.service() for servlet jsp threw exception
org.apache.jasper.JasperException: Unable to compile class for JSP: 

An error occurred at line: 7 in the jsp file: /uploadImage.jsp
The method getParamter(String) is undefined for the type HttpServletRequest
4: 	String image_id=request.getParameter("image_id");
5: 	out.println(image_id);
6: 
7: 	String sensor_id=request.getParamter("image_id");
8: 
9: 	Boolean sensorExist=false;
10: 


An error occurred at line: 113 in the generated java file
Syntax error, insert "Finally" to complete TryStatement

An error occurred at line: 114 in the generated java file
Syntax error, insert "}" to complete ClassBody

Stacktrace:
	at org.apache.jasper.compiler.DefaultErrorHandler.javacError(DefaultErrorHandler.java:92)
	at org.apache.jasper.compiler.ErrorDispatcher.javacError(ErrorDispatcher.java:330)
	at org.apache.jasper.compiler.JDTCompiler.generateClass(JDTCompiler.java:460)
	at org.apache.jasper.compiler.Compiler.compile(Compiler.java:356)
	at org.apache.jasper.compiler.Compiler.compile(Compiler.java:334)
	at org.apache.jasper.compiler.Compiler.compile(Compiler.java:321)
	at org.apache.jasper.JspCompilationContext.compile(JspCompilationContext.java:592)
	at org.apache.jasper.servlet.JspServletWrapper.service(JspServletWrapper.java:328)
	at org.apache.jasper.servlet.JspServlet.serviceJspFile(JspServlet.java:313)
	at org.apache.jasper.servlet.JspServlet.service(JspServlet.java:260)
	at javax.servlet.http.HttpServlet.service(HttpServlet.java:723)
	at org.apache.catalina.core.ApplicationFilterChain.internalDoFilter(ApplicationFilterChain.java:290)
	at org.apache.catalina.core.ApplicationFilterChain.doFilter(ApplicationFilterChain.java:206)
	at org.apache.catalina.core.StandardWrapperValve.invoke(StandardWrapperValve.java:233)
	at org.apache.catalina.core.StandardContextValve.invoke(StandardContextValve.java:191)
	at org.apache.catalina.core.StandardHostValve.invoke(StandardHostValve.java:127)
	at org.apache.catalina.valves.ErrorReportValve.invoke(ErrorReportValve.java:103)
	at org.apache.catalina.core.StandardEngineValve.invoke(StandardEngineValve.java:109)
	at org.apache.catalina.connector.CoyoteAdapter.service(CoyoteAdapter.java:293)
	at org.apache.coyote.http11.Http11Processor.process(Http11Processor.java:861)
	at org.apache.coyote.http11.Http11Protocol$Http11ConnectionHandler.process(Http11Protocol.java:620)
	at org.apache.tomcat.util.net.JIoEndpoint$Worker.run(JIoEndpoint.java:489)
	at java.lang.Thread.run(Thread.java:745)

Nov 08, 2015 6:15:31 PM org.apache.catalina.core.StandardWrapperValve invoke
SEVERE: Servlet.service() for servlet jsp threw exception
org.apache.jasper.JasperException: Unable to compile class for JSP: 

An error occurred at line: 113 in the generated java file
Syntax error, insert "Finally" to complete TryStatement

An error occurred at line: 114 in the generated java file
Syntax error, insert "}" to complete ClassBody

Stacktrace:
	at org.apache.jasper.compiler.DefaultErrorHandler.javacError(DefaultErrorHandler.java:92)
	at org.apache.jasper.compiler.ErrorDispatcher.javacError(ErrorDispatcher.java:330)
	at org.apache.jasper.compiler.JDTCompiler.generateClass(JDTCompiler.java:460)
	at org.apache.jasper.compiler.Compiler.compile(Compiler.java:356)
	at org.apache.jasper.compiler.Compiler.compile(Compiler.java:334)
	at org.apache.jasper.compiler.Compiler.compile(Compiler.java:321)
	at org.apache.jasper.JspCompilationContext.compile(JspCompilationContext.java:592)
	at org.apache.jasper.servlet.JspServletWrapper.service(JspServletWrapper.java:328)
	at org.apache.jasper.servlet.JspServlet.serviceJspFile(JspServlet.java:313)
	at org.apache.jasper.servlet.JspServlet.service(JspServlet.java:260)
	at javax.servlet.http.HttpServlet.service(HttpServlet.java:723)
	at org.apache.catalina.core.ApplicationFilterChain.internalDoFilter(ApplicationFilterChain.java:290)
	at org.apache.catalina.core.ApplicationFilterChain.doFilter(ApplicationFilterChain.java:206)
	at org.apache.catalina.core.StandardWrapperValve.invoke(StandardWrapperValve.java:233)
	at org.apache.catalina.core.StandardContextValve.invoke(StandardContextValve.java:191)
	at org.apache.catalina.core.StandardHostValve.invoke(StandardHostValve.java:127)
	at org.apache.catalina.valves.ErrorReportValve.invoke(ErrorReportValve.java:103)
	at org.apache.catalina.core.StandardEngineValve.invoke(StandardEngineValve.java:109)
	at org.apache.catalina.connector.CoyoteAdapter.service(CoyoteAdapter.java:293)
	at org.apache.coyote.http11.Http11Processor.process(Http11Processor.java:861)
	at org.apache.coyote.http11.Http11Protocol$Http11ConnectionHandler.process(Http11Protocol.java:620)
	at org.apache.tomcat.util.net.JIoEndpoint$Worker.run(JIoEndpoint.java:489)
	at java.lang.Thread.run(Thread.java:745)

Nov 08, 2015 6:16:27 PM org.apache.catalina.core.StandardWrapperValve invoke
SEVERE: Servlet.service() for servlet jsp threw exception
org.apache.jasper.JasperException: Unable to compile class for JSP: 

An error occurred at line: 113 in the generated java file
Syntax error, insert "Finally" to complete TryStatement

An error occurred at line: 114 in the generated java file
Syntax error, insert "}" to complete ClassBody

Stacktrace:
	at org.apache.jasper.compiler.DefaultErrorHandler.javacError(DefaultErrorHandler.java:92)
	at org.apache.jasper.compiler.ErrorDispatcher.javacError(ErrorDispatcher.java:330)
	at org.apache.jasper.compiler.JDTCompiler.generateClass(JDTCompiler.java:460)
	at org.apache.jasper.compiler.Compiler.compile(Compiler.java:356)
	at org.apache.jasper.compiler.Compiler.compile(Compiler.java:334)
	at org.apache.jasper.compiler.Compiler.compile(Compiler.java:321)
	at org.apache.jasper.JspCompilationContext.compile(JspCompilationContext.java:592)
	at org.apache.jasper.servlet.JspServletWrapper.service(JspServletWrapper.java:328)
	at org.apache.jasper.servlet.JspServlet.serviceJspFile(JspServlet.java:313)
	at org.apache.jasper.servlet.JspServlet.service(JspServlet.java:260)
	at javax.servlet.http.HttpServlet.service(HttpServlet.java:723)
	at org.apache.catalina.core.ApplicationFilterChain.internalDoFilter(ApplicationFilterChain.java:290)
	at org.apache.catalina.core.ApplicationFilterChain.doFilter(ApplicationFilterChain.java:206)
	at org.apache.catalina.core.StandardWrapperValve.invoke(StandardWrapperValve.java:233)
	at org.apache.catalina.core.StandardContextValve.invoke(StandardContextValve.java:191)
	at org.apache.catalina.core.StandardHostValve.invoke(StandardHostValve.java:127)
	at org.apache.catalina.valves.ErrorReportValve.invoke(ErrorReportValve.java:103)
	at org.apache.catalina.core.StandardEngineValve.invoke(StandardEngineValve.java:109)
	at org.apache.catalina.connector.CoyoteAdapter.service(CoyoteAdapter.java:293)
	at org.apache.coyote.http11.Http11Processor.process(Http11Processor.java:861)
	at org.apache.coyote.http11.Http11Protocol$Http11ConnectionHandler.process(Http11Protocol.java:620)
	at org.apache.tomcat.util.net.JIoEndpoint$Worker.run(JIoEndpoint.java:489)
	at java.lang.Thread.run(Thread.java:745)

Nov 08, 2015 6:17:21 PM org.apache.catalina.core.StandardWrapperValve invoke
SEVERE: Servlet.service() for servlet jsp threw exception
org.apache.jasper.JasperException: Unable to compile class for JSP: 

An error occurred at line: 112 in the generated java file
Syntax error, insert "Finally" to complete TryStatement

An error occurred at line: 113 in the generated java file
Syntax error, insert "}" to complete ClassBody

Stacktrace:
	at org.apache.jasper.compiler.DefaultErrorHandler.javacError(DefaultErrorHandler.java:92)
	at org.apache.jasper.compiler.ErrorDispatcher.javacError(ErrorDispatcher.java:330)
	at org.apache.jasper.compiler.JDTCompiler.generateClass(JDTCompiler.java:460)
	at org.apache.jasper.compiler.Compiler.compile(Compiler.java:356)
	at org.apache.jasper.compiler.Compiler.compile(Compiler.java:334)
	at org.apache.jasper.compiler.Compiler.compile(Compiler.java:321)
	at org.apache.jasper.JspCompilationContext.compile(JspCompilationContext.java:592)
	at org.apache.jasper.servlet.JspServletWrapper.service(JspServletWrapper.java:328)
	at org.apache.jasper.servlet.JspServlet.serviceJspFile(JspServlet.java:313)
	at org.apache.jasper.servlet.JspServlet.service(JspServlet.java:260)
	at javax.servlet.http.HttpServlet.service(HttpServlet.java:723)
	at org.apache.catalina.core.ApplicationFilterChain.internalDoFilter(ApplicationFilterChain.java:290)
	at org.apache.catalina.core.ApplicationFilterChain.doFilter(ApplicationFilterChain.java:206)
	at org.apache.catalina.core.StandardWrapperValve.invoke(StandardWrapperValve.java:233)
	at org.apache.catalina.core.StandardContextValve.invoke(StandardContextValve.java:191)
	at org.apache.catalina.core.StandardHostValve.invoke(StandardHostValve.java:127)
	at org.apache.catalina.valves.ErrorReportValve.invoke(ErrorReportValve.java:103)
	at org.apache.catalina.core.StandardEngineValve.invoke(StandardEngineValve.java:109)
	at org.apache.catalina.connector.CoyoteAdapter.service(CoyoteAdapter.java:293)
	at org.apache.coyote.http11.Http11Processor.process(Http11Processor.java:861)
	at org.apache.coyote.http11.Http11Protocol$Http11ConnectionHandler.process(Http11Protocol.java:620)
	at org.apache.tomcat.util.net.JIoEndpoint$Worker.run(JIoEndpoint.java:489)
	at java.lang.Thread.run(Thread.java:745)

Nov 08, 2015 6:17:32 PM org.apache.catalina.core.StandardWrapperValve invoke
SEVERE: Servlet.service() for servlet jsp threw exception
org.apache.jasper.JasperException: Unable to compile class for JSP: 

An error occurred at line: 112 in the generated java file
Syntax error, insert "Finally" to complete TryStatement

An error occurred at line: 113 in the generated java file
Syntax error, insert "}" to complete ClassBody

Stacktrace:
	at org.apache.jasper.compiler.DefaultErrorHandler.javacError(DefaultErrorHandler.java:92)
	at org.apache.jasper.compiler.ErrorDispatcher.javacError(ErrorDispatcher.java:330)
	at org.apache.jasper.compiler.JDTCompiler.generateClass(JDTCompiler.java:460)
	at org.apache.jasper.compiler.Compiler.compile(Compiler.java:356)
	at org.apache.jasper.compiler.Compiler.compile(Compiler.java:334)
	at org.apache.jasper.compiler.Compiler.compile(Compiler.java:321)
	at org.apache.jasper.JspCompilationContext.compile(JspCompilationContext.java:592)
	at org.apache.jasper.servlet.JspServletWrapper.service(JspServletWrapper.java:328)
	at org.apache.jasper.servlet.JspServlet.serviceJspFile(JspServlet.java:313)
	at org.apache.jasper.servlet.JspServlet.service(JspServlet.java:260)
	at javax.servlet.http.HttpServlet.service(HttpServlet.java:723)
	at org.apache.catalina.core.ApplicationFilterChain.internalDoFilter(ApplicationFilterChain.java:290)
	at org.apache.catalina.core.ApplicationFilterChain.doFilter(ApplicationFilterChain.java:206)
	at org.apache.catalina.core.StandardWrapperValve.invoke(StandardWrapperValve.java:233)
	at org.apache.catalina.core.StandardContextValve.invoke(StandardContextValve.java:191)
	at org.apache.catalina.core.StandardHostValve.invoke(StandardHostValve.java:127)
	at org.apache.catalina.valves.ErrorReportValve.invoke(ErrorReportValve.java:103)
	at org.apache.catalina.core.StandardEngineValve.invoke(StandardEngineValve.java:109)
	at org.apache.catalina.connector.CoyoteAdapter.service(CoyoteAdapter.java:293)
	at org.apache.coyote.http11.Http11Processor.process(Http11Processor.java:861)
	at org.apache.coyote.http11.Http11Protocol$Http11ConnectionHandler.process(Http11Protocol.java:620)
	at org.apache.tomcat.util.net.JIoEndpoint$Worker.run(JIoEndpoint.java:489)
	at java.lang.Thread.run(Thread.java:745)

Nov 08, 2015 6:26:39 PM org.apache.catalina.core.StandardWrapperValve invoke
SEVERE: Servlet.service() for servlet jsp threw exception
java.lang.NullPointerException
	at org.apache.jsp.uploadData_jsp._jspService(uploadData_jsp.java:76)
	at org.apache.jasper.runtime.HttpJspBase.service(HttpJspBase.java:70)
	at javax.servlet.http.HttpServlet.service(HttpServlet.java:723)
	at org.apache.jasper.servlet.JspServletWrapper.service(JspServletWrapper.java:388)
	at org.apache.jasper.servlet.JspServlet.serviceJspFile(JspServlet.java:313)
	at org.apache.jasper.servlet.JspServlet.service(JspServlet.java:260)
	at javax.servlet.http.HttpServlet.service(HttpServlet.java:723)
	at org.apache.catalina.core.ApplicationFilterChain.internalDoFilter(ApplicationFilterChain.java:290)
	at org.apache.catalina.core.ApplicationFilterChain.doFilter(ApplicationFilterChain.java:206)
	at org.apache.catalina.core.StandardWrapperValve.invoke(StandardWrapperValve.java:233)
	at org.apache.catalina.core.StandardContextValve.invoke(StandardContextValve.java:191)
	at org.apache.catalina.core.StandardHostValve.invoke(StandardHostValve.java:127)
	at org.apache.catalina.valves.ErrorReportValve.invoke(ErrorReportValve.java:103)
	at org.apache.catalina.core.StandardEngineValve.invoke(StandardEngineValve.java:109)
	at org.apache.catalina.connector.CoyoteAdapter.service(CoyoteAdapter.java:293)
	at org.apache.coyote.http11.Http11Processor.process(Http11Processor.java:861)
	at org.apache.coyote.http11.Http11Protocol$Http11ConnectionHandler.process(Http11Protocol.java:620)
	at org.apache.tomcat.util.net.JIoEndpoint$Worker.run(JIoEndpoint.java:489)
	at java.lang.Thread.run(Thread.java:745)

Nov 08, 2015 6:32:27 PM org.apache.catalina.core.StandardWrapperValve invoke
SEVERE: Servlet.service() for servlet jsp threw exception
org.apache.jasper.JasperException: Unable to compile class for JSP: 

An error occurred at line: 8 in the jsp file: /uploadImage.jsp
Type mismatch: cannot convert from String to int
5: 
6: 	String sensor_id=request.getParameter("sensor_id");
7: 
8: 	int date=request.getParameter("date");
9: 	out.println(date);
10: 
11: 	Boolean sensorExist=false;


Stacktrace:
	at org.apache.jasper.compiler.DefaultErrorHandler.javacError(DefaultErrorHandler.java:92)
	at org.apache.jasper.compiler.ErrorDispatcher.javacError(ErrorDispatcher.java:330)
	at org.apache.jasper.compiler.JDTCompiler.generateClass(JDTCompiler.java:460)
	at org.apache.jasper.compiler.Compiler.compile(Compiler.java:356)
	at org.apache.jasper.compiler.Compiler.compile(Compiler.java:334)
	at org.apache.jasper.compiler.Compiler.compile(Compiler.java:321)
	at org.apache.jasper.JspCompilationContext.compile(JspCompilationContext.java:592)
	at org.apache.jasper.servlet.JspServletWrapper.service(JspServletWrapper.java:328)
	at org.apache.jasper.servlet.JspServlet.serviceJspFile(JspServlet.java:313)
	at org.apache.jasper.servlet.JspServlet.service(JspServlet.java:260)
	at javax.servlet.http.HttpServlet.service(HttpServlet.java:723)
	at org.apache.catalina.core.ApplicationFilterChain.internalDoFilter(ApplicationFilterChain.java:290)
	at org.apache.catalina.core.ApplicationFilterChain.doFilter(ApplicationFilterChain.java:206)
	at org.apache.catalina.core.StandardWrapperValve.invoke(StandardWrapperValve.java:233)
	at org.apache.catalina.core.StandardContextValve.invoke(StandardContextValve.java:191)
	at org.apache.catalina.core.StandardHostValve.invoke(StandardHostValve.java:127)
	at org.apache.catalina.valves.ErrorReportValve.invoke(ErrorReportValve.java:103)
	at org.apache.catalina.core.StandardEngineValve.invoke(StandardEngineValve.java:109)
	at org.apache.catalina.connector.CoyoteAdapter.service(CoyoteAdapter.java:293)
	at org.apache.coyote.http11.Http11Processor.process(Http11Processor.java:861)
	at org.apache.coyote.http11.Http11Protocol$Http11ConnectionHandler.process(Http11Protocol.java:620)
	at org.apache.tomcat.util.net.JIoEndpoint$Worker.run(JIoEndpoint.java:489)
	at java.lang.Thread.run(Thread.java:745)

Nov 08, 2015 6:35:55 PM org.apache.catalina.core.StandardWrapperValve invoke
SEVERE: Servlet.service() for servlet jsp threw exception
org.apache.jasper.JasperException: Unable to compile class for JSP: 

An error occurred at line: 10 in the jsp file: /uploadImage.jsp
Syntax error, insert ";" to complete BlockStatements
7: 
8: 	String date=request.getParameter("date");
9: 	out.println(date);
10: 	if(date==null) {out.println("true")}
11: 
12: 	Boolean sensorExist=false;
13: 


Stacktrace:
	at org.apache.jasper.compiler.DefaultErrorHandler.javacError(DefaultErrorHandler.java:92)
	at org.apache.jasper.compiler.ErrorDispatcher.javacError(ErrorDispatcher.java:330)
	at org.apache.jasper.compiler.JDTCompiler.generateClass(JDTCompiler.java:460)
	at org.apache.jasper.compiler.Compiler.compile(Compiler.java:356)
	at org.apache.jasper.compiler.Compiler.compile(Compiler.java:334)
	at org.apache.jasper.compiler.Compiler.compile(Compiler.java:321)
	at org.apache.jasper.JspCompilationContext.compile(JspCompilationContext.java:592)
	at org.apache.jasper.servlet.JspServletWrapper.service(JspServletWrapper.java:328)
	at org.apache.jasper.servlet.JspServlet.serviceJspFile(JspServlet.java:313)
	at org.apache.jasper.servlet.JspServlet.service(JspServlet.java:260)
	at javax.servlet.http.HttpServlet.service(HttpServlet.java:723)
	at org.apache.catalina.core.ApplicationFilterChain.internalDoFilter(ApplicationFilterChain.java:290)
	at org.apache.catalina.core.ApplicationFilterChain.doFilter(ApplicationFilterChain.java:206)
	at org.apache.catalina.core.StandardWrapperValve.invoke(StandardWrapperValve.java:233)
	at org.apache.catalina.core.StandardContextValve.invoke(StandardContextValve.java:191)
	at org.apache.catalina.core.StandardHostValve.invoke(StandardHostValve.java:127)
	at org.apache.catalina.valves.ErrorReportValve.invoke(ErrorReportValve.java:103)
	at org.apache.catalina.core.StandardEngineValve.invoke(StandardEngineValve.java:109)
	at org.apache.catalina.connector.CoyoteAdapter.service(CoyoteAdapter.java:293)
	at org.apache.coyote.http11.Http11Processor.process(Http11Processor.java:861)
	at org.apache.coyote.http11.Http11Protocol$Http11ConnectionHandler.process(Http11Protocol.java:620)
	at org.apache.tomcat.util.net.JIoEndpoint$Worker.run(JIoEndpoint.java:489)
	at java.lang.Thread.run(Thread.java:745)

Nov 08, 2015 6:36:11 PM org.apache.catalina.core.StandardWrapperValve invoke
SEVERE: Servlet.service() for servlet jsp threw exception
org.apache.jasper.JasperException: Unable to compile class for JSP: 

An error occurred at line: 10 in the jsp file: /uploadImage.jsp
Syntax error, insert ";" to complete BlockStatements
7: 
8: 	String date=request.getParameter("date");
9: 	out.println(date);
10: 	if(date=="") {out.println("true")}
11: 
12: 	Boolean sensorExist=false;
13: 


Stacktrace:
	at org.apache.jasper.compiler.DefaultErrorHandler.javacError(DefaultErrorHandler.java:92)
	at org.apache.jasper.compiler.ErrorDispatcher.javacError(ErrorDispatcher.java:330)
	at org.apache.jasper.compiler.JDTCompiler.generateClass(JDTCompiler.java:460)
	at org.apache.jasper.compiler.Compiler.compile(Compiler.java:356)
	at org.apache.jasper.compiler.Compiler.compile(Compiler.java:334)
	at org.apache.jasper.compiler.Compiler.compile(Compiler.java:321)
	at org.apache.jasper.JspCompilationContext.compile(JspCompilationContext.java:592)
	at org.apache.jasper.servlet.JspServletWrapper.service(JspServletWrapper.java:328)
	at org.apache.jasper.servlet.JspServlet.serviceJspFile(JspServlet.java:313)
	at org.apache.jasper.servlet.JspServlet.service(JspServlet.java:260)
	at javax.servlet.http.HttpServlet.service(HttpServlet.java:723)
	at org.apache.catalina.core.ApplicationFilterChain.internalDoFilter(ApplicationFilterChain.java:290)
	at org.apache.catalina.core.ApplicationFilterChain.doFilter(ApplicationFilterChain.java:206)
	at org.apache.catalina.core.StandardWrapperValve.invoke(StandardWrapperValve.java:233)
	at org.apache.catalina.core.StandardContextValve.invoke(StandardContextValve.java:191)
	at org.apache.catalina.core.StandardHostValve.invoke(StandardHostValve.java:127)
	at org.apache.catalina.valves.ErrorReportValve.invoke(ErrorReportValve.java:103)
	at org.apache.catalina.core.StandardEngineValve.invoke(StandardEngineValve.java:109)
	at org.apache.catalina.connector.CoyoteAdapter.service(CoyoteAdapter.java:293)
	at org.apache.coyote.http11.Http11Processor.process(Http11Processor.java:861)
	at org.apache.coyote.http11.Http11Protocol$Http11ConnectionHandler.process(Http11Protocol.java:620)
	at org.apache.tomcat.util.net.JIoEndpoint$Worker.run(JIoEndpoint.java:489)
	at java.lang.Thread.run(Thread.java:745)

Nov 08, 2015 6:36:23 PM org.apache.catalina.core.StandardWrapperValve invoke
SEVERE: Servlet.service() for servlet jsp threw exception
org.apache.jasper.JasperException: Unable to compile class for JSP: 

An error occurred at line: 10 in the jsp file: /uploadImage.jsp
Syntax error, insert ";" to complete BlockStatements
7: 
8: 	String date=request.getParameter("date");
9: 	out.println(date);
10: 	if(date.equals("")) {out.println("true")}
11: 
12: 	Boolean sensorExist=false;
13: 


Stacktrace:
	at org.apache.jasper.compiler.DefaultErrorHandler.javacError(DefaultErrorHandler.java:92)
	at org.apache.jasper.compiler.ErrorDispatcher.javacError(ErrorDispatcher.java:330)
	at org.apache.jasper.compiler.JDTCompiler.generateClass(JDTCompiler.java:460)
	at org.apache.jasper.compiler.Compiler.compile(Compiler.java:356)
	at org.apache.jasper.compiler.Compiler.compile(Compiler.java:334)
	at org.apache.jasper.compiler.Compiler.compile(Compiler.java:321)
	at org.apache.jasper.JspCompilationContext.compile(JspCompilationContext.java:592)
	at org.apache.jasper.servlet.JspServletWrapper.service(JspServletWrapper.java:328)
	at org.apache.jasper.servlet.JspServlet.serviceJspFile(JspServlet.java:313)
	at org.apache.jasper.servlet.JspServlet.service(JspServlet.java:260)
	at javax.servlet.http.HttpServlet.service(HttpServlet.java:723)
	at org.apache.catalina.core.ApplicationFilterChain.internalDoFilter(ApplicationFilterChain.java:290)
	at org.apache.catalina.core.ApplicationFilterChain.doFilter(ApplicationFilterChain.java:206)
	at org.apache.catalina.core.StandardWrapperValve.invoke(StandardWrapperValve.java:233)
	at org.apache.catalina.core.StandardContextValve.invoke(StandardContextValve.java:191)
	at org.apache.catalina.core.StandardHostValve.invoke(StandardHostValve.java:127)
	at org.apache.catalina.valves.ErrorReportValve.invoke(ErrorReportValve.java:103)
	at org.apache.catalina.core.StandardEngineValve.invoke(StandardEngineValve.java:109)
	at org.apache.catalina.connector.CoyoteAdapter.service(CoyoteAdapter.java:293)
	at org.apache.coyote.http11.Http11Processor.process(Http11Processor.java:861)
	at org.apache.coyote.http11.Http11Protocol$Http11ConnectionHandler.process(Http11Protocol.java:620)
	at org.apache.tomcat.util.net.JIoEndpoint$Worker.run(JIoEndpoint.java:489)
	at java.lang.Thread.run(Thread.java:745)

