Nov 19, 2015 12:10:27 PM org.apache.catalina.core.StandardWrapperValve invoke
SEVERE: Servlet.service() for servlet jsp threw exception
java.sql.SQLSyntaxErrorException: ORA-01722: invalid number

	at oracle.jdbc.driver.T4CTTIoer.processError(T4CTTIoer.java:450)
	at oracle.jdbc.driver.T4CTTIoer.processError(T4CTTIoer.java:399)
	at oracle.jdbc.driver.T4C8Oall.processError(T4C8Oall.java:1059)
	at oracle.jdbc.driver.T4CTTIfun.receive(T4CTTIfun.java:522)
	at oracle.jdbc.driver.T4CTTIfun.doRPC(T4CTTIfun.java:257)
	at oracle.jdbc.driver.T4C8Oall.doOALL(T4C8Oall.java:587)
	at oracle.jdbc.driver.T4CStatement.doOall8(T4CStatement.java:210)
	at oracle.jdbc.driver.T4CStatement.doOall8(T4CStatement.java:30)
	at oracle.jdbc.driver.T4CStatement.executeForDescribe(T4CStatement.java:762)
	at oracle.jdbc.driver.OracleStatement.executeMaybeDescribe(OracleStatement.java:925)
	at oracle.jdbc.driver.OracleStatement.doExecuteWithTimeout(OracleStatement.java:1111)
	at oracle.jdbc.driver.OracleStatement.executeQuery(OracleStatement.java:1309)
	at oracle.jdbc.driver.OracleStatementWrapper.executeQuery(OracleStatementWrapper.java:422)
	at org.apache.jsp.account_jsp._jspService(account_jsp.java:104)
	at org.apache.jasper.runtime.HttpJspBase.service(HttpJspBase.java:70)
	at javax.servlet.http.HttpServlet.service(HttpServlet.java:723)
	at org.apache.jasper.servlet.JspServletWrapper.service(JspServletWrapper.java:388)
	at org.apache.jasper.servlet.JspServlet.serviceJspFile(JspServlet.java:313)
	at org.apache.jasper.servlet.JspServlet.service(JspServlet.java:260)
	at javax.servlet.http.HttpServlet.service(HttpServlet.java:723)
	at org.apache.catalina.core.ApplicationFilterChain.internalDoFilter(ApplicationFilterChain.java:290)
	at org.apache.catalina.core.ApplicationFilterChain.doFilter(ApplicationFilterChain.java:206)
	at org.apache.catalina.core.StandardWrapperValve.invoke(StandardWrapperValve.java:233)
	at org.apache.catalina.core.StandardContextValve.invoke(StandardContextValve.java:191)
	at org.apache.catalina.core.StandardHostValve.invoke(StandardHostValve.java:127)
	at org.apache.catalina.valves.ErrorReportValve.invoke(ErrorReportValve.java:103)
	at org.apache.catalina.core.StandardEngineValve.invoke(StandardEngineValve.java:109)
	at org.apache.catalina.connector.CoyoteAdapter.service(CoyoteAdapter.java:293)
	at org.apache.coyote.http11.Http11Processor.process(Http11Processor.java:861)
	at org.apache.coyote.http11.Http11Protocol$Http11ConnectionHandler.process(Http11Protocol.java:620)
	at org.apache.tomcat.util.net.JIoEndpoint$Worker.run(JIoEndpoint.java:489)
	at java.lang.Thread.run(Thread.java:745)

Nov 19, 2015 12:17:11 PM org.apache.catalina.core.StandardWrapperValve invoke
SEVERE: Servlet.service() for servlet jsp threw exception
java.sql.SQLSyntaxErrorException: ORA-00904: "TYPE": invalid identifier

	at oracle.jdbc.driver.T4CTTIoer.processError(T4CTTIoer.java:450)
	at oracle.jdbc.driver.T4CTTIoer.processError(T4CTTIoer.java:399)
	at oracle.jdbc.driver.T4C8Oall.processError(T4C8Oall.java:1059)
	at oracle.jdbc.driver.T4CTTIfun.receive(T4CTTIfun.java:522)
	at oracle.jdbc.driver.T4CTTIfun.doRPC(T4CTTIfun.java:257)
	at oracle.jdbc.driver.T4C8Oall.doOALL(T4C8Oall.java:587)
	at oracle.jdbc.driver.T4CStatement.doOall8(T4CStatement.java:210)
	at oracle.jdbc.driver.T4CStatement.doOall8(T4CStatement.java:30)
	at oracle.jdbc.driver.T4CStatement.executeForDescribe(T4CStatement.java:762)
	at oracle.jdbc.driver.OracleStatement.executeMaybeDescribe(OracleStatement.java:925)
	at oracle.jdbc.driver.OracleStatement.doExecuteWithTimeout(OracleStatement.java:1111)
	at oracle.jdbc.driver.OracleStatement.executeQuery(OracleStatement.java:1309)
	at oracle.jdbc.driver.OracleStatementWrapper.executeQuery(OracleStatementWrapper.java:422)
	at org.apache.jsp.uploadAudio_jsp._jspService(uploadAudio_jsp.java:171)
	at org.apache.jasper.runtime.HttpJspBase.service(HttpJspBase.java:70)
	at javax.servlet.http.HttpServlet.service(HttpServlet.java:723)
	at org.apache.jasper.servlet.JspServletWrapper.service(JspServletWrapper.java:388)
	at org.apache.jasper.servlet.JspServlet.serviceJspFile(JspServlet.java:313)
	at org.apache.jasper.servlet.JspServlet.service(JspServlet.java:260)
	at javax.servlet.http.HttpServlet.service(HttpServlet.java:723)
	at org.apache.catalina.core.ApplicationFilterChain.internalDoFilter(ApplicationFilterChain.java:290)
	at org.apache.catalina.core.ApplicationFilterChain.doFilter(ApplicationFilterChain.java:206)
	at org.apache.catalina.core.StandardWrapperValve.invoke(StandardWrapperValve.java:233)
	at org.apache.catalina.core.StandardContextValve.invoke(StandardContextValve.java:191)
	at org.apache.catalina.core.StandardHostValve.invoke(StandardHostValve.java:127)
	at org.apache.catalina.valves.ErrorReportValve.invoke(ErrorReportValve.java:103)
	at org.apache.catalina.core.StandardEngineValve.invoke(StandardEngineValve.java:109)
	at org.apache.catalina.connector.CoyoteAdapter.service(CoyoteAdapter.java:293)
	at org.apache.coyote.http11.Http11Processor.process(Http11Processor.java:861)
	at org.apache.coyote.http11.Http11Protocol$Http11ConnectionHandler.process(Http11Protocol.java:620)
	at org.apache.tomcat.util.net.JIoEndpoint$Worker.run(JIoEndpoint.java:489)
	at java.lang.Thread.run(Thread.java:745)

Nov 19, 2015 12:30:50 PM org.apache.catalina.core.StandardWrapperValve invoke
SEVERE: Servlet.service() for servlet jsp threw exception
java.sql.SQLSyntaxErrorException: ORA-00904: "TYPE": invalid identifier

	at oracle.jdbc.driver.T4CTTIoer.processError(T4CTTIoer.java:450)
	at oracle.jdbc.driver.T4CTTIoer.processError(T4CTTIoer.java:399)
	at oracle.jdbc.driver.T4C8Oall.processError(T4C8Oall.java:1059)
	at oracle.jdbc.driver.T4CTTIfun.receive(T4CTTIfun.java:522)
	at oracle.jdbc.driver.T4CTTIfun.doRPC(T4CTTIfun.java:257)
	at oracle.jdbc.driver.T4C8Oall.doOALL(T4C8Oall.java:587)
	at oracle.jdbc.driver.T4CStatement.doOall8(T4CStatement.java:210)
	at oracle.jdbc.driver.T4CStatement.doOall8(T4CStatement.java:30)
	at oracle.jdbc.driver.T4CStatement.executeForDescribe(T4CStatement.java:762)
	at oracle.jdbc.driver.OracleStatement.executeMaybeDescribe(OracleStatement.java:925)
	at oracle.jdbc.driver.OracleStatement.doExecuteWithTimeout(OracleStatement.java:1111)
	at oracle.jdbc.driver.OracleStatement.executeQuery(OracleStatement.java:1309)
	at oracle.jdbc.driver.OracleStatementWrapper.executeQuery(OracleStatementWrapper.java:422)
	at org.apache.jsp.uploadImage_jsp._jspService(uploadImage_jsp.java:177)
	at org.apache.jasper.runtime.HttpJspBase.service(HttpJspBase.java:70)
	at javax.servlet.http.HttpServlet.service(HttpServlet.java:723)
	at org.apache.jasper.servlet.JspServletWrapper.service(JspServletWrapper.java:388)
	at org.apache.jasper.servlet.JspServlet.serviceJspFile(JspServlet.java:313)
	at org.apache.jasper.servlet.JspServlet.service(JspServlet.java:260)
	at javax.servlet.http.HttpServlet.service(HttpServlet.java:723)
	at org.apache.catalina.core.ApplicationFilterChain.internalDoFilter(ApplicationFilterChain.java:290)
	at org.apache.catalina.core.ApplicationFilterChain.doFilter(ApplicationFilterChain.java:206)
	at org.apache.catalina.core.StandardWrapperValve.invoke(StandardWrapperValve.java:233)
	at org.apache.catalina.core.StandardContextValve.invoke(StandardContextValve.java:191)
	at org.apache.catalina.core.StandardHostValve.invoke(StandardHostValve.java:127)
	at org.apache.catalina.valves.ErrorReportValve.invoke(ErrorReportValve.java:103)
	at org.apache.catalina.core.StandardEngineValve.invoke(StandardEngineValve.java:109)
	at org.apache.catalina.connector.CoyoteAdapter.service(CoyoteAdapter.java:293)
	at org.apache.coyote.http11.Http11Processor.process(Http11Processor.java:861)
	at org.apache.coyote.http11.Http11Protocol$Http11ConnectionHandler.process(Http11Protocol.java:620)
	at org.apache.tomcat.util.net.JIoEndpoint$Worker.run(JIoEndpoint.java:489)
	at java.lang.Thread.run(Thread.java:745)

